    Finished `release` profile [optimized] target(s) in 0.01s
warning: the following packages contain code that will be rejected by a future version of Rust: svg v0.10.0
note: to see what the problems were, use the option `--future-incompat-report`, or run `cargo report future-incompatibilities --id 1`
     Running `target/release/tester /Users/linh/code/competitive-programming/atcoder/ahc008/build/a_territory`
rRDUdl
UrdULD
rURUdl
DrDURU
DDUURU
rDDUdl
URUULD
UDDuLD
UurLLD
rdUudl
DLdRRU
DrLRRU
DULuRU
DUdLRU
rUULdL
UUULLu
UrUuLL
UUURLR
UrURLL
UUrRLr
rRDRdD
DLDuRD
DRDLRD
DLDLRD
DRDLRD
DLLLRR
DRdLRL
rLRudR
DRRRLL
rLRRLR
DrRRLd
rDRRLL
DDdRLr
rDURLD
DDUuLD
rDULdr
DDULRD
rDuLRr
DDLLRD
rRuLRr
DdLLRD
rLuLRR
DrLuRd
rULRRR
DUuRdl
rUDRRU
DUDRdU
rUDRLU
DUDRLU
rULRLU
DULRLU
rUduLU
DrRLLU
rURLLU
DrRLLU
rDRLLU
DDRLLU
rDRLdl
DDRLLU
rDdLdl
DDULLD
rDUudD
DDURRD
rDURRD
DDLRRD
rDLRRD
DDLRRD
rrLRRD
DDLRRD
rrLRRD
DDuRRD
rrDRRD
DDDuRD
RrDRRD
RDDu.D
lrLL.l
UDLL..
UrdL..
UDRL..
URRL..
ULRL..
RrRL..
UDRL..
UrRL..
UDRL..
UrRL..
UDRL..
UrDU..
UDr...
UrU...
UDd...
UrUl..
RDU...
.RU...
.dU...
.Lu...
.rL...
.Du...
.DL...
.rL...
.DL...
.rL...
.DL...
.rL...
.DL...
.ru...
.UD...
.UD...
.UD...
.UD...
.UL...
.UL...
.UD...
.Ul...
.UU...
.UD...
.UU...
.UD...
.UU...
.Ud...
.UU...
.LU...
.LU...
..U...
..U...
..l...
..R...
..D...
..U...
..l...
..D...
..U...
..D...
..u...
..D...
..D...
..D...
..D...
..R...
..R...
..R...
..R...
..R...
..R...
..R...
..R...
..R...
..R...
..R...
..D...
..r...
..U...
..d...
..U...
..U...
..L...
..L...
..L...
..L...
..L...
......
......
......
......
......
......
......
......
......
......
......
......
......
......
......
......
......
......
......
......
......
......
......
......
......
......
......
......
......
......
......
......
......
......
......
......
......
......
......
......
......
......
......
......
......
......
......
......
......
......
......
......
......
......
......
......
......
......
......
......
......
......
......
......
......
......
......
......
......
......
......
......
......
......
......
......
......
......
......
......
......
......
......
......
......
......
......
......
......
......
......
......
......
......
......
......
......
......
......
......
......
......
......
......
......
......
......
......
......
......
......
......
......
......
......
......
......
......
......
......
......
......
......
......
......
......
......
......
......
......
......
......
......
......
......
......
......
......
......
......
Score = 6370486
