    Finished `release` profile [optimized] target(s) in 0.01s
warning: the following packages contain code that will be rejected by a future version of Rust: svg v0.10.0
note: to see what the problems were, use the option `--future-incompat-report`, or run `cargo report future-incompatibilities --id 1`
     Running `target/release/tester /Users/linh/code/competitive-programming/atcoder/ahc008/build/a_territory`
LDDDuLL
LDDDdLL
LDDDLLL
LDDDruL
LDDdDDL
LdDLDdL
LRldrUL
LdrRUdL
LLDRULL
LLUdUrL
LdDLUUL
LRuLrUL
LRLLDrL
LRLdDUl
LduRDrU
lLRRDDl
DLRRDDD
lLRRrDD
ULRdUDl
UDuLUDD
llRLUDL
DDuLUrd
DuLLUUL
DRLLUUr
lRLdrUU
URLRDUU
URLRDUU
URLRDUU
UuuRDUr
lDRRDrU
DDRRDDr
DDRdDDU
DdRRrDr
DLRdDDD
DdRRrDD
lURdDDD
UUURrDD
UUDdDDD
ULuRrrD
ULLdDUD
ULLRrUD
ULLDDUr
lLLrrUU
DLLDUUU
DuLuUUU
DLLDUUU
DuLDUUU
DLuDUUU
DUDDUrU
DUDdUUU
lRRLLrU
URRDL.R
URRLU.u
URRrU.L
URRLU.r
URRlD.D
URRrD.D
URRUD.D
URDdD.D
lRDLD.D
DdlLU.D
DRDdU.D
DdLLU.D
DLLdU.D
DLuLL.D
DLLdL.r
DLuLu.U
DLLdD.L
DLuLu.L
lLRdd.D
DLRLL.L
LLRDr.l
d.Rl...
..uU...
..Rd...
..uU...
..RU...
..uU...
..RR...
..uR...
..RR...
..uR...
..RR...
..uR...
..RR...
..uR...
..RR...
..uR...
..RR...
..UR...
..rR...
..UR...
..dR...
..UR...
..UR...
..UR...
..uR...
..LR...
..uR...
..LR...
..uU...
..Lu...
..uR...
..Lu...
..uR...
..Lu...
..uR...
..Lu...
..uR...
..Lu...
..uR...
..DU...
..Dr...
..RU...
..RL...
..RL...
..RL...
..RL...
..RL...
..RL...
..Rd...
..RL...
..Rd...
..RL...
..Rd...
..RL...
..Rd...
..DL...
..dd...
..UL...
..Ud...
..LL...
..Ld...
..LL...
..Ld...
..LL...
..Ld...
..LL...
..Ld...
..L....
..L....
..L....
..L....
..L....
..L....
.......
.......
.......
.......
.......
.......
.......
.......
.......
.......
.......
.......
.......
.......
.......
.......
.......
.......
.......
.......
.......
.......
.......
.......
.......
.......
.......
.......
.......
.......
.......
.......
.......
.......
.......
.......
.......
.......
.......
.......
.......
.......
.......
.......
.......
.......
.......
.......
.......
.......
.......
.......
.......
.......
.......
.......
.......
.......
.......
.......
.......
.......
.......
.......
.......
.......
.......
.......
.......
.......
.......
.......
.......
.......
.......
.......
.......
.......
.......
.......
.......
.......
.......
.......
.......
.......
.......
.......
.......
.......
.......
.......
.......
.......
.......
.......
.......
.......
.......
.......
.......
.......
.......
.......
.......
.......
.......
.......
.......
.......
.......
.......
.......
.......
.......
.......
.......
.......
.......
.......
.......
.......
.......
.......
.......
.......
.......
.......
.......
.......
.......
.......
.......
.......
.......
.......
.......
.......
.......
.......
.......
.......
.......
.......
.......
.......
.......
.......
.......
.......
.......
.......
.......
.......
.......
Score = 2025360
