    Finished `release` profile [optimized] target(s) in 0.01s
warning: the following packages contain code that will be rejected by a future version of Rust: svg v0.10.0
note: to see what the problems were, use the option `--future-incompat-report`, or run `cargo report future-incompatibilities --id 1`
     Running `target/release/tester /Users/linh/code/competitive-programming/atcoder/ahc008/build/a_territory`
DLRUL
DLRUL
DLrUL
DLLUL
DLLUL
DlLUL
DDLUL
DlLUL
DUlUL
dUDuL
RlRRL
dDRuL
LDRLL
LDRLL
DlRuL
lUrRL
DUURd
uUURu
RUruL
RlLLR
RDLLL
uDLLr
LDLLU
LDLuU
LDlRr
LlDRD
LUDRD
uUlRD
RUDRD
RUlur
RURLU
RURLU
RlRLU
RDRLU
uDRLU
LDrLr
LDUuD
LDURD
LDURD
LDURD
LLrRD
LRLRD
uLLRr
RRLRU
RlLuU
RULLU
RUlLU
RUDLU
RUDLU
RUDLU
RUDLr
UUDLD
rUlLD
DlRuD
uDRRD
LDRRD
LDRRD
LDRRD
LDrRD
LDURr
LDURU
LDURU
LDURU
LLUUU
uRUUU
LlrdU
UULLU
lULLU
DULLU
uULLr
RULLD
RUlLD
RUDLD
RUDLD
RUDLD
RUDLD
RLDdD
RUDUD
RDDUD
RulUD
RRRUr
RlRLU
uDRLU
DDRDU
DDRDU
DDRDU
DDdDU
DDRdU
dDLLU
LDRdU
dDLLU
LDRDU
dDLlr
LLRUD
dRLdD
LLRLD
dRLLD
LLRdD
dRLLD
LLRdD
ddLUD
URRUD
UllUD
UUDUD
UURLD
UURLr
RUDDU
RUDDU
RUDDU
RUDDU
RUDdU
RUDLU
RUDDU
uULlU
DULUU
DUlDU
DlUUU
DUldU
UlULU
LUlLr
ULUdD
LRlUD
UlUUD
LUlUD
trying to move to an impassible square (turn 124)
Score = 0
