    Finished `release` profile [optimized] target(s) in 0.01s
warning: the following packages contain code that will be rejected by a future version of Rust: svg v0.10.0
note: to see what the problems were, use the option `--future-incompat-report`, or run `cargo report future-incompatibilities --id 1`
     Running `target/release/tester /Users/linh/code/competitive-programming/atcoder/ahc008/build/a_territory`
UrLDuDR
UULDdDR
UrLDLDR
UDlDrDR
UDDDDDR
UrlDDDR
UUUDrDr
UUUDUDU
UUlDUDr
UrUDUDD
UDlDUDD
UDDDrDr
UDDDDDU
UDDDDDU
UrDDDdU
UUlDDRr
uUDdDDD
RUlLrrD
uUDdUDD
LUlRUUD
LrDRUDr
uDldUuD
RDDRURr
RDldURU
RDDRruU
uDldDRU
LDDRDUU
LRldDDU
LDDRDUU
LdldDrr
uuDRDDD
RLldDuD
RrDRRDD
RUldLDD
RUDRRRD
RUlddRD
uUDRLRD
LULdrRr
LUdRURU
LULdURU
LUURURU
LrUdURU
LUURURU
urUdURU
RUURUDU
RrUDUdU
RDUrrUR
RDUUURu
RDUdrRR
RDURDDl
RDURDdD
uDUDDRD
LDURDdD
LDLlDRD
LDLRLdR
LDLlLRR
LDlRLdR
LDUllRr
LrlRUdD
LUDllRr
uUDRUdD
RUlllRr
RUURUdD
RUUllRD
RUURUdL
RUlllRD
RUDRUdL
RUDllUL
RUDURUL
RUDdUUd
uUlURuR
LUDURLl
LrlLruU
LDDLULU
LDlUruU
trying to move to an impassible square (turn 75)
Score = 0
