    Finished `release` profile [optimized] target(s) in 0.02s
warning: the following packages contain code that will be rejected by a future version of Rust: svg v0.10.0
note: to see what the problems were, use the option `--future-incompat-report`, or run `cargo report future-incompatibilities --id 1`
     Running `target/release/tester /Users/linh/code/competitive-programming/atcoder/ahc008/build/a_territory`
ULlDLR
ULrdLR
ULDRLr
ULudlD
ULLLDr
ULLLlD
ULUdUr
ULlRUD
UlDRlr
UUuRDD
UlRDDr
DDRrDD
lDRUlr
rlRdUD
UUuLUr
dURLUD
RUuLUr
RlRLlD
dDudDr
LDLLDD
LDLdDr
LDLLDD
LlLdDr
dULRlD
LULRUr
DULRUD
UULRUr
DUuRUD
UlRRUr
dDRRUD
RDRRlr
RDRdUD
RDRLlr
RDRLDD
RDRLDr
RlRLDD
dURLDr
LUuLDD
LULLDr
LULLDD
LULLDr
LULdlD
LULRUR
LlLRUd
dDLRUR
RDLRUl
RDLRUD
RDLRUD
RDuRUl
RDRRUD
RDRRUl
RDRRlD
RlRdDl
DULLDD
UULLDl
DULLDD
rULLDl
UULLDD
DUULDl
UUlLDD
dUDLDl
LUuLDD
LlDLll
LDDLDU
LDRdlU
LDRRUU
LD.RUU
LD.RUU
LD.RUU
LD.RUU
dD.RUR
RD.RUU
RD.RUU
Rl.RUU
RU.RUU
RU.RUU
RU.RUU
RU.dlU
RU.LUU
RU.LlR
RU.L..
RU.L..
dU.L..
LU.L..
LU.L..
LL.L..
LL.L..
Lr.L..
LD.L..
LD.L..
LD.L..
LD.D..
LD.l..
LD.U..
LD.D..
dD.U..
UD.d..
UD.R..
UD.R..
UD.R..
UR.R..
lL.R..
rR.R..
Ud.R..
dL.R..
Rr.R..
RU.R..
dU.R..
RU.R..
dU.R..
RU.R..
dU.d..
RU.R..
dU.d..
RU.R..
dU.d..
RU.U..
dU.U..
RU.L..
dr.U..
RD.L..
dD.L..
RD.L..
dD.L..
RD.L..
dD.L..
RD.L..
dD.L..
RD.L..
dD.L..
LD.L..
LD.L..
LD.L..
LD.L..
LD.L..
Lr.L..
LU.L..
LU.L..
LU.D..
LU.D..
LU.D..
LU.d..
LU.L..
LU.d..
LU.U..
dU.U..
LU.U..
dL.R..
LL.R..
dU.R..
.U.D..
.U.R..
.U.R..
.U.R..
.R.R..
.R.R..
.R.R..
.L.R..
.r.R..
.U....
.R....
.L....
.r....
.D....
.D....
.D....
.D....
.L....
.L....
.D....
.D....
.D....
.D....
.D....
.D....
.D....
.D....
.D....
.D....
.D....
.D....
.D....
.D....
.R....
.R....
.r....
.D....
.r....
.D....
.R....
.d....
.L....
.r....
.D....
.D....
.r....
.D....
.r....
.D....
.r....
.D....
.R....
.L....
.R....
.L....
.r....
.D....
.r....
.D....
.r....
.D....
.r....
.D....
.r....
.U....
.U....
.U....
.U....
.U....
.U....
.U....
.U....
.U....
.U....
.U....
.U....
.U....
.U....
.U....
.L....
.L....
......
......
......
......
......
......
......
......
......
......
......
......
......
......
......
......
......
......
......
......
......
......
......
......
......
......
......
......
......
......
......
......
......
......
......
......
......
......
......
......
......
......
......
......
......
......
......
......
......
......
......
......
......
......
......
......
......
......
......
......
......
......
......
......
......
......
......
......
......
Score = 4626411
