    Finished `release` profile [optimized] target(s) in 0.01s
warning: the following packages contain code that will be rejected by a future version of Rust: svg v0.10.0
note: to see what the problems were, use the option `--future-incompat-report`, or run `cargo report future-incompatibilities --id 1`
     Running `target/release/tester /Users/linh/code/competitive-programming/atcoder/ahc008/build/a_territory`
LDRUuDUL
LDRuRDUL
LDRRuDUL
LDruLDuL
LDULLDRL
LDrLuDul
LDDuRDLD
LDDRRDLl
LDrRRDuU
LdDRuDRU
LRruLDRl
LdULLDRU
LLULLDul
LLULLDLD
LdULuDLD
LRruRDLD
LRDRRdLD
LRDRRLul
LdDRRDRD
LLDRRlRL
lLDRUDRd
DLruruRL
lLULURRr
ULULdRuU
UdULLuLU
lLULLRLU
UdLLLuLL
lLLLLLLL
UdLuLLLL
lLURLLLl
UDURdLuU
llRRLLRl
UDRRduRD
LuRRURRD
uDrRURRl
LDLRRRRD
rdLuRRRl
URLLRRRD
UdLLRRul
URLLRULD
rdDLRrLD
URDLRDLl
rdDLRuLD
ULDLRRLR
rLDLRRLR
ULDuRuLR
rLDRURLR
UdRRuUud
RLRRRrRL
UdRRuURR
uLRRRURL
ddRRuURr
LLrRRURL
RdURuURU
LLLRRURU
RdLuuLRU
LLLLRLRU
rdLLuUuU
ULLLRURU
UDLLuLuU
rDLLDUDU
UDLLDLDL
rDLLDULL
URLLdLLl
rRULLULD
URULdLLD
rRUuLULD
URULdLLD
RRUuLLLD
LRURdLLD
RRURLLLl
uRRRdDLD
LRRRLDUD
rRRRdDUD
URRRLDLl
UURRLDuD
rURRLDLR
UuRRLDuR
rRRRLDLR
UuRRLDuR
rRRRLD.L
UuruLD.R
rRDRLd.L
UuLuLL.R
rDL.UD.L
UDL.Ul.R
rLL..U.L
ULL..d.r
rLD..U.L
ULD..U.L
rLD....L
DUD....l
DUL....D
DLL....l
DLL....D
DLL....l
DLL....R
DLD....R
DLD....R
DLD....r
DLD....D
DLR....r
DLR....U
DUR....L
DlR....L
LUR....L
.UR....U
.UR....U
.uR....U
.RR....U
.UR....l
.Rr....D
.rD....D
.lr....D
.UU....D
.dU....D
.RU....l
.RL....D
.dL....l
.RL....D
.d.....R
.......R
.......R
.......r
.......D
.......r
.......D
.......R
.......L
.......r
.......D
.......D
.......r
.......U
.......U
.......U
.......U
.......L
.......L
.......L
.......l
.......D
.......D
.......l
.......D
.......l
.......D
.......l
.......D
.......l
.......R
.......R
.......R
.......r
.......U
.......U
.......U
.......U
.......L
.......L
.......L
.......l
.......D
.......D
.......D
.......D
.......R
.......R
.......R
.......D
.......r
.......D
.......r
.......D
.......R
.......d
.......L
.......r
.......D
.......D
.......r
.......D
.......r
.......D
.......R
.......d
.......L
.......r
.......U
.......U
.......U
.......U
.......U
.......L
.......L
.......L
.......l
.......D
.......l
.......D
.......l
.......D
.......l
.......D
.......D
.......D
.......D
.......l
.......R
.......R
.......R
.......R
.......L
.......R
.......L
.......r
.......U
.......U
.......U
.......L
.......L
.......L
.......l
.......D
.......l
.......D
.......l
.......U
.......U
.......U
.......U
.......U
.......U
.......R
.......U
.......U
.......U
.......U
.......U
.......U
.......U
.......U
........
........
........
........
........
........
........
........
........
........
........
........
........
........
........
........
........
........
........
........
........
........
........
........
........
........
........
........
........
........
........
........
........
........
........
........
........
........
........
........
........
........
........
........
........
........
........
........
........
........
........
........
........
........
........
........
........
........
Score = 2369792
