    Finished `release` profile [optimized] target(s) in 0.01s
warning: the following packages contain code that will be rejected by a future version of Rust: svg v0.10.0
note: to see what the problems were, use the option `--future-incompat-report`, or run `cargo report future-incompatibilities --id 1`
     Running `target/release/tester /Users/linh/code/competitive-programming/atcoder/ahc008/build/a_territory`
DDULRRULlR
DDULrRuLDr
DDULDRLLlU
dDULrRuLUr
RDULUrRLUD
dDULUURLlD
LDULrruLUr
LDULDDLLlU
dDULDDLlDU
RDULDrLDDU
RDUlrUulRr
RDUUUURURD
dDUlUURUrD
LDuDUrRlDD
LDRDUDRDDD
LDulrDuDLr
LdLDDDLDLD
dRLlDDLLlr
LduDDrLdDU
dLRlDULLlU
RLRDDULrUU
RdRlrUuUUU
RRuDUURUUU
RRLlUURUUL
RRLDUrRURL
RdLlUDRrRU
dLLDUDRURU
RLulUDRrUR
dLRDrDuUuR
RLRlUDLrdr
ddLDrDLDLL
.LDlUrLDrL
.dDDrDLDDD
.LDlUrLDDD
.dDDrDLLDD
.LLlUrLLRD
.dLDrDuldD
.LLlUrLDLD
.dUDrDulrD
.LUlUrLDUD
.dUDrDulUR
.LUlDRRDUR
.duDDRRlUr
.LLlDlRDLD
.duDDURlLr
.LLlDURRlD
.duRDRRRUr
.LDRDRRrlD
.dDRDrRDDr
.LDRDDRrDD
.dDRDrRDDr
.LRRDDUrD.
.dDDDrUDD.
.LDDDDUDD.
.dDLrrUrD.
.LDLDDUDD.
.dDLrrLrl.
.LDLDDlDU.
.dLLrrrrR.
trying to move to an impassible square (turn 59)
Score = 0
