    Finished `release` profile [optimized] target(s) in 0.01s
warning: the following packages contain code that will be rejected by a future version of Rust: svg v0.10.0
note: to see what the problems were, use the option `--future-incompat-report`, or run `cargo report future-incompatibilities --id 1`
     Running `target/release/tester /Users/linh/code/competitive-programming/atcoder/ahc008/build/a_territory`
LRUDD
lRUDD
DrUDD
lDUDD
UrUDD
UUUDD
lUudD
UrRRD
LUudD
UrLLD
uULLD
DrudD
UURRD
DrRRD
UURRD
druDD
LULDD
rrLUD
DULrD
DrLDD
DUuuD
DrLLD
DUuLd
rrRLL
DURLd
rrRuL
DURLd
rrRuL
DURLd
rruuL
UURRd
UruRL
UULRd
URLRL
ULLRD
UrLRl
UULRU
UrLRd
UULuL
UrLRL
rUuUd
URRDL
RuRUd
uLRDL
RRRud
lLRLL
DRRLd
ULRLU
URRLU
ULRLU
URuLU
ULLLU
RRLLU
RLLLL
.rLLL
.ULuD
.ULLD
.rLuD
.UL.D
.rL.D
.UL.D
.ru.d
.UR.L
.rR.D
.UR.l
.rR.D
.UR.u
.rR.L
.UR.L
.RR.u
.uR.L
.LR.u
.rR.L
.Uu.u
.UL.L
.RL.u
.uL.L
.LL.u
.rL.L
.DL.U
.DL.l
.DL.D
.DL.u
.DL.D
.DL.D
.DL.R
.DU.R
.Dl.R
.DU.R
.Dd.R
.DU.R
.DU..
.LU..
.LU..
.LU..
..u..
..R..
..u..
..R..
..u..
..R..
..U..
..r..
..U..
..d..
..R..
..R..
..d..
..R..
..d..
..R..
..d..
..R..
..d..
..R..
..d..
..R..
..d..
..R..
..d..
..R..
..d..
..R..
..d..
..R..
..D..
..D..
..u..
..D..
..D..
..D..
..D..
..D..
..d..
..L..
..d..
..L..
..L..
..L..
..L..
..L..
..L..
..L..
..L..
..L..
..L..
..L..
..L..
..L..
..L..
..L..
..d..
..L..
..d..
..R..
..R..
..R..
..R..
..R..
..R..
..R..
..R..
..R..
..R..
..R..
..R..
..R..
..R..
..R..
..R..
..R..
..R..
..d..
..L..
..L..
..L..
..L..
..L..
..L..
..L..
..L..
..L..
..L..
..L..
..L..
..L..
..L..
..L..
..L..
..L..
..L..
..L..
..d..
..R..
..R..
..R..
..R..
..R..
..R..
..R..
..R..
..R..
..R..
..R..
..R..
..R..
..R..
..R..
..R..
..R..
..R..
..R..
..R..
..d..
..R..
..D..
..U..
..D..
..U..
..d..
..L..
..L..
..L..
..L..
..L..
..L..
..L..
..L..
..L..
..L..
..L..
..L..
..L..
..L..
..L..
..L..
..L..
..L..
..L..
..L..
..L..
..L..
..d..
..U..
..U..
..U..
..R..
..R..
..R..
..R..
..R..
..R..
..R..
.....
.....
.....
.....
.....
.....
.....
.....
.....
.....
.....
.....
.....
.....
.....
.....
.....
.....
.....
.....
.....
.....
.....
.....
.....
.....
.....
.....
.....
.....
.....
.....
.....
.....
.....
.....
.....
.....
.....
.....
.....
.....
.....
.....
.....
.....
.....
Score = 5183550
