    Finished `release` profile [optimized] target(s) in 0.01s
warning: the following packages contain code that will be rejected by a future version of Rust: svg v0.10.0
note: to see what the problems were, use the option `--future-incompat-report`, or run `cargo report future-incompatibilities --id 1`
     Running `target/release/tester /Users/linh/code/competitive-programming/atcoder/ahc008/build/a_territory`
lLrRUlLULU
UlDRUrLULU
lDrrUDluLU
DlUUUuDLLU
DDUrULluLU
llrDULURLU
UDDDUuURLU
UlDruRlulU
UDDURRDLUU
llrUuRDLlU
DDUULRDLDU
DlUrLuluDU
DDUDuLULlU
DlUDRLUuDU
lDrDRLUDlU
UlDDRLUDUU
UDDrULlDUU
RlLUrUDDUU
RDLUUlDDUu
rllUdUDDlL
DDUUUDDRDu
rLlULUDDDR
UdRrLdlRDR
URUDDRURDu
rlUDLRUDDL
UDRDLRURlL
rDrDdRURUL
ULDDLRURUu
rdDDdRUUUR
LLDrUdlUUR
LrDUURDUUR
lLDUudDUUR
DUDURRDUlu
DUrUudDUDL
DULURRDUDL
DULUudDUDL
DUlURRDuDL
DUDrudLDDL
lUl.DRLDDu
UUD.DdrDDR
ULl.LUDDlR
UlD.LURDUR
UDD.LUdDUR
Ull.LURDUR
UDD.dUlDUR
UDL.LUUDUU
llL.dRUDUr
DDr.LRUDU.
DlU.dDURU.
DRL.UDURl.
DDL.UDURU.
DDL.uDUUl.
DDL.RDUUU.
DDU.UDURl.
DDU.UdlUU.
LDU.LRURl.
RLU.UdlUU.
LlD.URURl.
RDR.UdlUU.
LlD.URURl.
dUR..dlU..
RRR..RUR..
l.U..dl...
R.U...U...
R.R...L...
r.U...u...
L.r...L...
U.U...D...
U.r...D...
......D...
......D...
......D...
......D...
......D...
......D...
......D...
......L...
......L...
......l...
......D...
......l...
......U...
......U...
......l...
......D...
......D...
......D...
......l...
......U...
......U...
......U...
......U...
......l...
......U...
......l...
......R...
..........
..........
..........
..........
..........
..........
..........
..........
..........
..........
..........
..........
..........
..........
..........
..........
..........
..........
..........
..........
..........
..........
..........
..........
..........
..........
..........
..........
..........
..........
..........
..........
..........
..........
..........
..........
..........
..........
..........
..........
..........
..........
..........
..........
..........
..........
..........
..........
..........
..........
..........
..........
..........
..........
..........
..........
..........
..........
..........
..........
..........
..........
..........
..........
..........
..........
..........
..........
..........
..........
..........
..........
..........
..........
..........
..........
..........
..........
..........
..........
..........
..........
..........
..........
..........
..........
..........
..........
..........
..........
..........
..........
..........
..........
..........
..........
..........
..........
..........
..........
..........
..........
..........
..........
..........
..........
..........
..........
..........
..........
..........
..........
..........
..........
..........
..........
..........
..........
..........
..........
..........
..........
..........
..........
..........
..........
..........
..........
..........
..........
..........
..........
..........
..........
..........
..........
..........
..........
..........
..........
..........
..........
..........
..........
..........
..........
..........
..........
..........
..........
..........
..........
..........
..........
..........
..........
..........
..........
..........
..........
..........
..........
..........
..........
..........
..........
..........
..........
..........
..........
..........
..........
..........
..........
..........
..........
..........
..........
..........
..........
..........
..........
..........
..........
..........
..........
..........
..........
..........
..........
..........
..........
..........
..........
..........
..........
..........
..........
..........
..........
..........
..........
..........
..........
Score = 2079167
