    Finished `release` profile [optimized] target(s) in 0.01s
warning: the following packages contain code that will be rejected by a future version of Rust: svg v0.10.0
note: to see what the problems were, use the option `--future-incompat-report`, or run `cargo report future-incompatibilities --id 1`
     Running `target/release/tester /Users/linh/code/competitive-programming/atcoder/ahc008/build/a_territory`
ULLRRUUDL
ULLRRUlDl
ULLURUUDD
ULLRRudDl
ULLRRLRDU
ULLRRudDU
ULLRRRRDl
ULLURRdDD
ULLRRuRDD
ULLRRLDDD
ULLRRLrdL
ULLRRLULd
uLLRRuddL
RuLRRRURr
udLDRRURU
LLLDRRLdU
LRLRRRULU
ULLrRuuLU
DRLURRLLr
uLLrRuUdU
RrLDRRLRr
RUlDrulRD
RUDrURDRD
uRLUruuRD
LuLUDRDdL
LLrUDuDLL
LrUrrRDLl
LDUDDuRLD
uDrDrRRLD
RDDDDuRLl
RDDDrRRdD
RRDrDuRRD
RdrUrRDRl
RLUUDUrRR
urUUrrURR
LUUUDUdRR
LUUUrdURd
LUrrDRUdL
LUUDrRRLr
LUrDDDRLU
LUDDrUULU
urDDDduLU
LDDDrRRLU
uDDDDduLD
DDDrrURLD
DDDUDRudD
RDrUrRRRD
RDUUDDuRD
RDUUrdRRD
RDUUDRRRR
RrUUrDuRd
RUUUDURRR
RUUrrduRl
RUUUDURRU
DUrrrLuDD
.LD.DLDrD
.LD.rLLDD
.LD.DL.uD
.dD.r..DL
.uD.D..Du
.RD.r..dL
.lD.D..LL
.UD.r..d.
.Ur.D..L.
.lU.r..D.
.UU.D..L.
.lU.r..l.
.UU.D..r.
.lL.r..U.
.UL.D..d.
.ll.r..U.
.RD.D..U.
.Rl.r..L.
.RD.D..L.
.ul.r..L.
.LD.D..L.
.rl.r..L.
.DD.D..L.
.Dl.r..u.
.DD.D..D.
.Dl.r..D.
.DR....d.
.DR....R.
.Dr....d.
.LU....R.
.LU....d.
.lU....R.
.UU....d.
.UU....R.
.UU....d.
.UU....U.
.UU....U.
.UU....L.
.UU....L.
.Ur....L.
.lD....L.
.UD....L.
.lD....u.
.RD....R.
.RL....R.
.rL....R.
.Dl....R.
.DD....R.
.DD....R.
.DD....R.
.DD....R.
.DD....R.
.DD....R.
.DD....R.
.Dl....R.
.DR....U.
.LR....r.
.Lr....D.
.lU....u.
.DU....L.
.lU....L.
.UU....L.
.UU....L.
.UU....L.
.UU....L.
.UU....L.
.UL....L.
.UL....L.
.Ul....L.
.UU....L.
.Ul....L.
.UU....L.
.Ul....u.
.lU....L.
.Rl....u.
.RD....D.
.RD....D.
.UD....d.
.DD....R.
.UD....R.
.dD....R.
.UD....R.
.uD....R.
.dD....R.
.LD....R.
.rD....U.
.UD....U.
.Ul....R.
.r.......
.D.......
.D.......
.L.......
.L.......
.L.......
.u.......
.R.......
.L.......
.R.......
.L.......
.R.......
.l.......
.U.......
.R.......
.........
.........
.........
.........
.........
.........
.........
.........
.........
.........
.........
.........
.........
.........
.........
.........
.........
.........
.........
.........
.........
.........
.........
.........
.........
.........
.........
.........
.........
.........
.........
.........
.........
.........
.........
.........
.........
.........
.........
.........
.........
.........
.........
.........
.........
.........
.........
.........
.........
.........
.........
.........
.........
.........
.........
.........
.........
.........
.........
.........
.........
.........
.........
.........
.........
.........
.........
.........
.........
.........
.........
.........
.........
.........
.........
.........
.........
.........
.........
.........
.........
.........
.........
.........
.........
.........
.........
.........
.........
.........
.........
.........
.........
.........
.........
.........
.........
.........
.........
.........
.........
.........
.........
.........
.........
.........
.........
.........
.........
.........
.........
.........
.........
.........
.........
.........
.........
.........
.........
.........
.........
.........
.........
.........
.........
.........
.........
.........
.........
.........
.........
.........
.........
.........
.........
.........
.........
.........
.........
.........
.........
.........
Score = 1832369
