    Finished `release` profile [optimized] target(s) in 0.00s
warning: the following packages contain code that will be rejected by a future version of Rust: svg v0.10.0
note: to see what the problems were, use the option `--future-incompat-report`, or run `cargo report future-incompatibilities --id 1`
     Running `target/release/tester /Users/linh/code/competitive-programming/atcoder/ahc008/build/a_territory`
DRlUDRRL
dRDUDRRL
RRLUDRRL
dRdUDRRL
LRRUDRRL
LRluDRrL
dRURDrUU
RRUuDDrD
RrlRDrUd
RDUuDUrU
drlRDUUd
LUDuDrrU
LUDRDDUu
LrRuDDrD
LDRRDDUU
dDRuDrrd
LDRRDUUL
druuDUrD
LUdRDUUD
dULudUrD
LURRRrUD
dULUDDrR
LrrrDDUL
dDUUuDrr
LDUdLDUU
dDrULDrU
LDUUurUU
dDrURUrU
LrLuRUUR
dULLRUrL
LULuuUUr
dUlLLUrU
LUUULUUU
dUlULrrr
LUUdLUUU
drlUurrr
LDDULLUL
LDDUULr.
dDDLULU.
LDDLRLr.
dDDLRUU.
LDDLRUr.
dDDDRUU.
LrRDRUr.
DDRDRUU.
DrRddUr.
uDrLLUU.
DrUdLUr.
DDULLUU.
DrUdLUr.
dDUULDD.
.rUULDD.
.DUUdRD.
.rrRRRD.
.DURRRD.
.rrRRRD.
.DURRRD.
.rrDRu..
..LDRd..
..LDRR..
..LddR..
..lR....
..Ud....
..lR....
..UR....
..LR....
..UR....
..uD....
..dD....
..RR....
..LR....
..Ru....
..lD....
..RD....
..UD....
..Ud....
..UR....
..Ud....
...R....
...d....
...R....
...d....
...L....
...U....
...U....
...U....
...u....
...L....
...u....
........
........
........
........
........
........
........
........
........
........
........
........
........
........
........
........
........
........
........
........
........
........
........
........
........
........
........
........
........
........
........
........
........
........
........
........
........
........
........
........
........
........
........
........
........
........
........
........
........
........
........
........
........
........
........
........
........
........
........
........
........
........
........
........
........
........
........
........
........
........
........
........
........
........
........
........
........
........
........
........
........
........
........
........
........
........
........
........
........
........
........
........
........
........
........
........
........
........
........
........
........
........
........
........
........
........
........
........
........
........
........
........
........
........
........
........
........
........
........
........
........
........
........
........
........
........
........
........
........
........
........
........
........
........
........
........
........
........
........
........
........
........
........
........
........
........
........
........
........
........
........
........
........
........
........
........
........
........
........
........
........
........
........
........
........
........
........
........
........
........
........
........
........
........
........
........
........
........
........
........
........
........
........
........
........
........
........
........
........
........
........
........
........
........
........
........
........
........
........
........
........
........
........
........
........
........
........
........
........
........
........
Score = 396366
