    Finished `release` profile [optimized] target(s) in 0.00s
warning: the following packages contain code that will be rejected by a future version of Rust: svg v0.10.0
note: to see what the problems were, use the option `--future-incompat-report`, or run `cargo report future-incompatibilities --id 1`
     Running `target/release/tester /Users/linh/code/competitive-programming/atcoder/ahc008/build/a_territory`
lRLUUUURRD
UrLUUUURRD
lLLUUUURRD
ULLUUUURRD
lLLUUUUrRD
UULUUUUDRD
lDLuUUUrRD
UULRUUUURD
lDLuUUUURD
UULLUUUrRD
lDLLUUUURD
UdLuUuUrRD
luLRURUDRD
URLRUuuLRD
llLRULRLRD
UDLuULuDrD
lRLLUULDUD
URLLUlLDrD
lrLLUUuRDD
UUuLudRRDd
LULuLURrrL
LrRRuURDUD
DULRRuurUD
DrrRRRLDUU
DLDRuuLrrl
DLRRRRLDDD
DlLuuuLrDU
DDRLLRuDDD
DDLLLuRrDU
DDrLLRRDrD
DDULLuRrUU
DlULuDRDUD
LRULLDRrUu
LRruuduDUD
lrDRRULrUR
UDDRRULDRR
lrDRRLLruR
UUDRRLLDRU
lUrRRDLrlu
UUDRRDLDDR
LUrRuLURDu
uUUuLLldDD
RUURLLURDL
LrUuLLDlDL
RLURLdUUDL
LLUuLLdUlU
RlURLDRUUL
lDruLlRUUL
UDDRuURUUL
UDDuRDRURu
LRDRRURURD
URDuRdRURR
DDDRRURUuR
uDDuRUdUdR
RDDRRRUULR
lLruRuLRrR
ULURRRLUDU
RlUuuuLUDR
UDURRRLUrR
UlUuuRLUDu
URURLRLLrD
URUuLRUlDD
trying to move to an impassible square (turn 62)
Score = 0
