    Finished `release` profile [optimized] target(s) in 0.02s
warning: the following packages contain code that will be rejected by a future version of Rust: svg v0.10.0
    Blocking waiting for file lock on package cache
note: to see what the problems were, use the option `--future-incompat-report`, or run `cargo report future-incompatibilities --id 1`
     Running `target/release/tester /Users/linh/code/competitive-programming/atcoder/ahc008/build/a_territory`
uLRlLDLULU
LlrrLdlULU
uDUDLUDULU
RlruLUlULU
RUDLLuUuLU
uUDLLLURLU
LlrululuLU
LUULDDULLU
LlUulDlLLU
uDUDUdDuLU
RDrRUUDLLU
RDDRlUDuLU
RDDDDRDRLu
RlDdDDlRLR
uUDRDRURLu
LUrdlRURLL
LUUUURUulL
LUUUUUULDu
LUULUuULlR
LlULUDlLUR
uUULLLDLUR
RlrLuLDLlu
RUDuRLDuDL
RlDDLUDRDL
RUDDLLDRDL
RlDdrDDRlL
RUDLDLlRUu
ulDdDLURUR
LUrLDLURUR
LlUdDLUuUR
LUULDUURlR
LlUDRUUuDR
LUUlDlULDu
LlUDurUDDL
LUUuLUlLDL
ulULrd.DDL
RUrLUR.LlL
RLDuUR.LUL
RuDLUd.LUL
RLDuUR.LUu
RrDLUd.LUL
RDDUUR.LUu
RDDlUR.LUL
RDDUUR.Ulu
uDDUrd..DL
RDrUDU..Du
uDDuDL..DL
RDrLDL..Du
uDUuDL..DR
RDURLL..DR
uDURLU..DR
RDUulU..lR
uDURUU..UR
RLUUlU..UR
uLDrDU..UR
DlDUDL..UR
DDDdlL..UR
DlDUDL..UR
DUDUlL..UR
DUDUDL..Uu
DlLLlL..lR
DDLLDL..Uu
LDDLlL..lR
LDDLDL..Uu
DlRLlD..lR
DURDRD..Uu
RUrDRD..lR
.U.DrD..Uu
.U.DUD..lR
.l.lUD..Uu
.U.DUd..lR
.l.uUL..Uu
.U.DUd..l.
.l..UL..U.
.U..Ud..L.
.l..LL..u.
.U..Ld..L.
.L..lL..D.
.L..Dd..D.
.r..D...D.
.D..D...D.
.L..D...D.
.L..D...D.
.U..D...D.
.U..D...D.
.U..D...D.
.U..l...D.
.U..R...D.
.U..R...L.
.U..r...L.
.U..U...L.
.U..U...u.
.U..U...d.
.U..U...R.
.U..U...l.
.U..U...D.
.U..U...D.
.U..U...l.
.U..U...D.
.R..L...l.
.R..L...D.
.r..l...l.
.D..D...D.
.r..D...l.
.D..D...R.
.r..D...R.
.D..D...r.
.r..D...D.
.D..D...r.
.r..D...U.
.D..D...U.
.r..D...U.
.D..l...U.
.r..R...U.
.D..R...U.
.r..r...U.
.D..U...U.
.r..U...L.
.D..U...L.
.r..U...l.
.D..U...D.
.r..U...D.
.D..U...D.
.r..U...D.
.D..U...D.
.D..U...D.
.r..U...D.
.U..L...D.
.r..L...l.
....l...D.
........l.
........R.
........R.
........r.
........U.
........U.
........U.
........U.
........U.
........U.
........U.
........U.
........U.
........U.
........L.
........L.
........l.
........D.
........D.
........D.
........D.
........D.
........D.
........D.
........D.
........D.
........D.
........D.
........l.
........R.
........R.
........r.
........U.
........U.
........U.
........U.
........U.
........U.
........U.
........U.
........U.
........U.
........U.
........U.
........L.
........L.
........l.
........D.
........D.
........D.
........D.
........D.
........D.
........D.
........D.
........D.
........D.
........D.
........D.
........D.
........l.
........R.
........R.
........r.
........U.
........U.
........U.
........U.
........U.
........U.
........U.
........U.
........U.
........U.
........U.
........U.
........U.
........U.
........L.
........L.
........L.
........u.
........R.
........l.
........D.
........D.
........D.
........D.
........D.
........D.
........D.
........D.
........D.
........D.
........D.
........D.
........D.
........D.
........D.
........l.
........R.
........R.
........r.
........U.
........U.
........U.
........U.
........U.
........U.
........U.
........U.
........U.
........U.
........U.
........U.
........U.
........U.
........U.
........U.
........U.
........U.
........U.
........U.
........U.
........R.
........L.
........r.
........D.
........D.
........D.
........D.
........L.
........L.
........l.
........D.
........D.
........D.
........D.
........D.
........D.
........D.
........D.
........D.
........D.
........D.
........D.
........D.
........D.
........D.
........D.
........D.
........D.
........l.
........R.
........R.
........r.
........D.
........r.
........U.
........U.
........U.
........U.
........U.
........U.
........U.
........U.
........U.
........U.
........U.
........U.
Score = 1836111
