    Finished `release` profile [optimized] target(s) in 0.39s
warning: the following packages contain code that will be rejected by a future version of Rust: svg v0.10.0
note: to see what the problems were, use the option `--future-incompat-report`, or run `cargo report future-incompatibilities --id 1`
     Running `target/release/tester /Users/linh/code/competitive-programming/atcoder/ahc008/build/a_territory`
RDLUR
RDLUR
RDLUr
RDLuD
RDLRr
RDLuU
rDLLU
UDLLr
rDLuD
DDLLL
DDLuL
rdLRL
URlRL
UdURL
ULlRl
rLDuD
DdDLl
DLlLD
DdULR
DRULR
rRULR
URluR
URDLR
UdDur
ULDLU
ULDuU
rLlLU
DLDUU
DLlUr
DdUDD
DRUlL
DRUUL
DRUdL
RRUUL
DRUUL
uRlUl
dDDUD
LDDUD
rUDuD
UrDRl
UDDuR
UuDRU
ULDuU
ULlRU
ULUuU
ULURU
ULUuR
rLURR
DLUuR
DuURR
DLUur
DuURU
DRlur
DRDDU
DRDDR
DRDDu
DRDDR
DRDDl
RRDLD
DRDLD
URDLD
dRDLD
RulLU
lLULU
ULULU
ULULU
ULULU
ULUdU
ULUUl
ULUUU
RLUUL
RLUUL
RLUUD
RLluD
RuURD
rRlRD
DRURD
rRlRD
DRURL
rRlRL
DRURL
rRlRL
DRURL
rRlRl
DRUuU
rRlLl
DRULU
rulLl
LRULU
LulLl
LLULU
DLlLl
DLULU
LLLLl
LLuuU
LLLLl
RLrLU
LLDLl
dLDLU
RLDDl
LLDDU
RLDDl
LLDDU
RLDDl
lLDdU
UuDRl
URDdU
URDLl
URDLU
URDdU
URDLU
URDdl
URDLU
URDdU
RRDLL
RRDdL
RRLUL
RRDUL
RRDUL
rRRRL
URrRL
rRD.D
Dur.D
DDD.D
DDr.D
DDD.D
DLr.D
DDD.D
DLr.D
DDD.D
LLR.D
LLL.D
LLr.U
LUU.U
LUU.U
DUU.U
DLU.U
RLU.U
D.L.U
D.U.U
R.U.U
..U.U
..U.U
..U.R
..U.R
..U.D
..U.D
..U.D
..U.D
..U.R
..U.R
..U.R
..U.r
..U.U
..U.R
..U.R
..U.l
..U.D
..U.D
..U.D
..U.D
..U.D
..R.D
..R.D
..u.D
..L.D
..R.D
..L.R
..r.R
..D..
..D..
..D..
..D..
..D..
..D..
..D..
..D..
..D..
..D..
..D..
..D..
..D..
..L..
..L..
..L..
.....
.....
.....
.....
.....
.....
.....
.....
.....
.....
.....
.....
.....
.....
.....
.....
.....
.....
.....
.....
.....
.....
.....
.....
.....
.....
.....
.....
.....
.....
.....
.....
.....
.....
.....
.....
.....
.....
.....
.....
.....
.....
.....
.....
.....
.....
.....
.....
.....
.....
.....
.....
.....
.....
.....
.....
.....
.....
.....
.....
.....
.....
.....
.....
.....
.....
.....
.....
.....
.....
.....
.....
.....
.....
.....
.....
.....
.....
.....
.....
.....
.....
.....
.....
.....
.....
.....
.....
.....
.....
.....
.....
.....
.....
.....
.....
.....
.....
.....
.....
.....
.....
.....
.....
.....
.....
.....
.....
.....
.....
.....
.....
.....
.....
.....
Score = 5596701
