    Finished `release` profile [optimized] target(s) in 0.03s
warning: the following packages contain code that will be rejected by a future version of Rust: svg v0.10.0
note: to see what the problems were, use the option `--future-incompat-report`, or run `cargo report future-incompatibilities --id 1`
     Running `target/release/tester /Users/linh/code/competitive-programming/atcoder/ahc008/build/a_territory`
lRLUUDURL
rRLuUDUrL
URLRuDUDL
dRLuRDURL
RRLLuDUdL
RRlLLDURL
dRUuLDulL
LRlLuDRUL
LRUuRDuUL
LRlRRDLlL
LRURRDLUL
dRlRuRull
RrURLRRDD
RDluLDRDl
RrURLDRDU
RUluLDuUU
RUULuDLUl
DrlLRDLUD
rDULRDLUD
UDlLRdLlD
dDULRLuUl
LrlLRdRlU
LUUUuLRUU
LUlULdRlU
LUUDLLRUU
LUllLdRll
LRUULLuUU
DUldLdLll
luURLRLUD
UdlRuRLlD
dLURLRLUD
UDlRuRLlD
UDURLRLUD
uDlRudulD
RDURLLRUl
uDlduLRlD
RDULLLRUl
urlLuLRlD
RUULLLRUL
uUlLuLRlL
DUULLDRUr
DUlLululU
RUULLDLUU
RUlLuuLlU
RrULLDLUU
RUlduDLlU
RUURRdLUL
drlRRRLlL
LUURRdLUL
LRlRRRLll
LRURRduUU
LlLRRRLll
LDuRRduUD
LDRRRULlD
LDlRRUuUl
LDURRRLlD
LDUdRRuDl
LDlURRLDD
dRUURRuDl
URLURuLRD
UruuRDuDl
uD.LUDLDD
Rr.urduDl
trying to move to an impassible square (turn 63)
Score = 0
