    Finished `release` profile [optimized] target(s) in 1.78s
warning: the following packages contain code that will be rejected by a future version of Rust: svg v0.10.0
note: to see what the problems were, use the option `--future-incompat-report`, or run `cargo report future-incompatibilities --id 1`
     Running `target/release/tester /Users/linh/code/competitive-programming/atcoder/ahc008/build/a_territory`
ULuLUrRU
ULRLUDRU
uLuLUrRU
LLRLUURU
uLulUURu
RLRDUrrR
RLuluLUu
uDRURDrL
LLuUuLDL
LLDlLlDu
LUDDLDrL
uLDDulUu
RLdDRDUR
RlLlRlUR
RUDURRrR
RlLUuRDR
uDlULrDU
LDrULLDU
LlUlLUDd
LUdDLUrR
LULDuUUd
LULDRUUL
uldDRUUL
LDLDRRUL
uDdlRrUL
DDLURLRL
DDdUuDLL
RlLULDrd
RUdULDDL
RUUULDDD
RUUULDDU
RUUlLDDd
RUuDLRDR
RlLDurDR
RDuDLLRR
UDDDuLLR
UDDDLlrR
uDDDuDLR
DDDDLlDR
DDDluDDR
DluULlRd
trying to move to an impassible square (turn 41)
Score = 0
