    Finished `release` profile [optimized] target(s) in 0.04s
warning: the following packages contain code that will be rejected by a future version of Rust: svg v0.10.0
note: to see what the problems were, use the option `--future-incompat-report`, or run `cargo report future-incompatibilities --id 1`
     Running `target/release/tester /Users/linh/code/competitive-programming/atcoder/ahc008/build/a_territory`
LUUlDL
LUUrDL
LUUDlL
lUUurl
UUURDU
lUURul
DUUuLD
DUULLD
lUuLul
DuRLRU
lRULRU
DuruRU
lLULRl
DLduuD
luLLLD
DRLuLD
lRdLLD
DRLuLl
ludDLU
DLRDuU
lLRDRU
DLRDRU
LLRdRU
DuRRRl
uRddRU
dRLRRl
LRLduU
rRLRLl
DRLdLU
DuLRLl
rLLdLU
DLdRLl
rLLdLU
DLdULl
rLRUUU
DLRUll
ruRUDU
DLRLul
ruRLRU
DLRLRl
ruRLR.
DLRLR.
rudDR.
LLLLR.
LuLLR.
DLLLR.
DuLLu.
RLLLR.
RuLLu.
rLLLD.
DuLLL.
rLLLD.
DudLL.
rLLLD.
DuDUL.
rLDUD.
DuRRd.
rLRrL.
DuRUd.
r.RdL.
D.RRd.
r.RRL.
D.Rdd.
R.RRL.
d.Rdd.
L.RRR.
r.RdR.
D.uRR.
D.RdR.
r.uRU.
U.LdU.
U.LRR.
U.LdR.
U.LRR.
U.LdR.
U.LR..
U.Ld..
U.LL..
U.LL..
L.LL..
L.LL..
U.LL..
U.uL..
U.LL..
U.UL..
U.UL..
U.dL..
..Ud..
..UL..
..Rd..
..RL..
..Rd..
..RL..
...d..
...L..
...d..
...L..
...d..
......
......
......
......
......
......
......
......
......
......
......
......
......
......
......
......
......
......
......
......
......
......
......
......
......
......
......
......
......
......
......
......
......
......
......
......
......
......
......
......
......
......
......
......
......
......
......
......
......
......
......
......
......
......
......
......
......
......
......
......
......
......
......
......
......
......
......
......
......
......
......
......
......
......
......
......
......
......
......
......
......
......
......
......
......
......
......
......
......
......
......
......
......
......
......
......
......
......
......
......
......
......
......
......
......
......
......
......
......
......
......
......
......
......
......
......
......
......
......
......
......
......
......
......
......
......
......
......
......
......
......
......
......
......
......
......
......
......
......
......
......
......
......
......
......
......
......
......
......
......
......
......
......
......
......
......
......
......
......
......
......
......
......
......
......
......
......
......
......
......
......
......
......
......
......
......
......
......
......
......
......
......
......
......
......
......
......
......
......
......
......
......
......
......
......
......
......
......
......
......
......
......
Score = 5065828
