    Finished `release` profile [optimized] target(s) in 0.01s
warning: the following packages contain code that will be rejected by a future version of Rust: svg v0.10.0
note: to see what the problems were, use the option `--future-incompat-report`, or run `cargo report future-incompatibilities --id 1`
     Running `target/release/tester /Users/linh/code/competitive-programming/atcoder/ahc008/build/a_territory`
DrLuU
DUldU
DrULU
DDlru
DDUDR
DrlDu
DUUrR
DUlDu
dUUrR
RrlDu
DDUrR
rDlDu
DDURR
uDldU
LrURr
LUlUU
uUUUd
LUlUU
uUUUU
LUlUU
UrUUU
lDlUU
DDDlu
uDDUL
RDDlU
RLDUl
RDDLU
RDDuL
RRRRL
RrDld
uLDDL
LUDDd
LUDDL
LUDDd
LUDDR
LUDDR
LUDDR
LUDDR
LRDDd
urDLU
LULLU
urLRU
DUULU
DRurU
DRLDU
DlUDU
DDUrU
dDrDR
RDURR
dDrdR
RDURD
dDrlD
RDUUD
dDrUD
RDDUD
dDDUD
RlDUD
dDDUD
RlDUd
dDrUR
UlDUD
UDrUr
UlDUD
UUrUu
UUDUD
LUrUD
LUDlD
LRrUD
LRDlD
LRrDd
LUDDL
LUrDd
uUD.R
DUr.R
DUD.d
DUr.R
DUD.d
DUr.R
dUD.d
RUr.R
RLD.d
RLr.R
RLD.d
Rlr.R
RDD.d
RDr.R
RD..D
dD..U
RD..D
dD..r
RD..U
dD..d
.R..U
.R..U
.R..U
.D..U
.D..U
.D..u
.D..L
.D..u
.D..L
.D..u
.L..L
.L..u
.L..L
.l..u
.U..L
.U..u
.U..D
.U..D
.U..R
.R..R
.R..R
.R..R
.R...
.R...
.R...
.R...
.R...
.R...
.U...
.U...
.U...
.U...
.U...
.U...
.U...
.U...
.U...
.U...
.U...
.L...
.L...
.L...
.L...
.L...
.L...
.L...
.L...
.L...
.l...
.U...
.l...
.U...
.l...
.U...
.l...
.U...
.l...
.U...
.l...
.U...
.l...
.U...
.l...
.....
.....
.....
.....
.....
.....
.....
.....
.....
.....
.....
.....
.....
.....
.....
.....
.....
.....
.....
.....
.....
.....
.....
.....
.....
.....
.....
.....
.....
.....
.....
.....
.....
.....
.....
.....
.....
.....
.....
.....
.....
.....
.....
.....
.....
.....
.....
.....
.....
.....
.....
.....
.....
.....
.....
.....
.....
.....
.....
.....
.....
.....
.....
.....
.....
.....
.....
.....
.....
.....
.....
.....
.....
.....
.....
.....
.....
.....
.....
.....
.....
.....
.....
.....
.....
.....
.....
.....
.....
.....
.....
.....
.....
.....
.....
.....
.....
.....
.....
.....
.....
.....
.....
.....
.....
.....
.....
.....
.....
.....
.....
.....
.....
.....
.....
.....
.....
.....
.....
.....
.....
.....
.....
.....
.....
.....
.....
.....
.....
.....
.....
.....
.....
.....
.....
.....
.....
.....
.....
.....
.....
.....
.....
.....
.....
Score = 4619444
