    Finished `release` profile [optimized] target(s) in 0.01s
warning: the following packages contain code that will be rejected by a future version of Rust: svg v0.10.0
note: to see what the problems were, use the option `--future-incompat-report`, or run `cargo report future-incompatibilities --id 1`
     Running `target/release/tester /Users/linh/code/competitive-programming/atcoder/ahc008/build/a_territory`
lRRlLRD
rRRrLRD
URRDLRd
drRuLRR
RURRLRd
RrRRLRL
dDRuLRL
LDrLLRd
LrULLrR
LUrLLUR
LUDLLrR
dUDuLDd
LrrRLDL
dDURLrL
LDURLUL
dDULLUL
UDRLLUd
LrRLLrR
LUlLLDR
LUDuLDR
LUDLLDR
LUDuLDR
LUDLlrd
LrLuDUL
LDDLlUL
LDUuDUL
LDDLlUL
DDduDUL
trying to move to an impassible square (turn 28)
Score = 0
