    Finished `release` profile [optimized] target(s) in 0.01s
warning: the following packages contain code that will be rejected by a future version of Rust: svg v0.10.0
note: to see what the problems were, use the option `--future-incompat-report`, or run `cargo report future-incompatibilities --id 1`
     Running `target/release/tester /Users/linh/code/competitive-programming/atcoder/ahc008/build/a_territory`
LDUDR
LDUDR
LdUDR
LUUDR
LUUDR
LUUDu
LUUDD
LUudd
LuRLu
LDudR
LDLRL
LDLRR
LDudl
LDLLU
LRuLU
LdRLU
LLRdl
LLRRD
LdRRD
LUuRD
LULRD
lULDD
UULrl
lULDD
DuLul
DRuLD
lRRLl
UuRLD
UDRLl
UDRLD
lDRul
DDRLU
DDUuU
DRURU
DddRU
lLRRU
ULdRU
ULLRU
ULLRR
UdLRR
ULLRR
LdLuR
uULLR
LULLr
rULLD
DUdLr
DULLD
DudLr
DRRLL
DuRLL
DRRLL
RRRuD
DRRRD
URRRD
DuRRD
dDRRD
uDRRD
LDRRL
rDDRL
UDURL
URDRD
UdrRd
ULUuu
ULdLR
ULLLl
ULLLU
ULLLU
ULLLU
rLLLU
UdLLU
rRLLU
DRLLU
DRLLU
DRLLU
DRLuU
DRdRR
DRLRR
DRdRR
DdURR
DUURR
DUURr
DUURU
DURRR
RURRL
LuRRR
RLRRL
LuRRR
rLRuL
DLRLR
rLULL
ULuLR
ULRLL
ULULR
ULrLL
UuULr
UDdLD
UDLLD
UDLLD
UDDLD
UDlLL
ULULL
UdduL
ULLRL
UdRRD
rURRD
URRRR
rRRRR
DRRRR
DRDRR
DRrRR
DRDRD
DRDRu
DRDRd
DRDRR
DRDRl
DRDRD
DRLuD
DRLLl
DRLLD
DDLLR
DdLLR
DULLR
DRLLR
rRLLR
DDLLR
rdLLR
DRLLR
rDdLR
DDLLD
rudL.
DLUL.
rLUL.
DuUu.
rL.R.
DL.R.
ru.R.
LL.R.
Lu.R.
LL.R.
Lu.R.
D..R.
D..R.
R..R.
R..R.
R..R.
R..R.
r..R.
D..R.
r..R.
D..u.
r..R.
D..u.
r..D.
D..D.
r..D.
D..D.
r..U.
U..U.
U..L.
U..L.
U..L.
U..L.
L..L.
L....
L....
L....
U....
U....
U....
U....
U....
U....
U....
U....
U....
U....
R....
.....
.....
.....
.....
.....
.....
.....
.....
.....
.....
.....
.....
.....
.....
.....
.....
.....
.....
.....
.....
.....
.....
.....
.....
.....
.....
.....
.....
.....
.....
.....
.....
.....
.....
.....
.....
.....
.....
.....
.....
.....
.....
.....
.....
.....
.....
.....
.....
.....
.....
.....
.....
.....
.....
.....
.....
.....
.....
.....
.....
.....
.....
.....
.....
.....
.....
.....
.....
.....
.....
.....
.....
.....
.....
.....
.....
.....
.....
.....
.....
.....
.....
.....
.....
.....
.....
.....
.....
.....
.....
.....
.....
.....
.....
.....
.....
.....
.....
.....
.....
.....
.....
.....
.....
.....
.....
.....
.....
.....
.....
.....
.....
.....
.....
.....
.....
.....
.....
.....
.....
.....
.....
.....
Score = 1098351
