    Finished `release` profile [optimized] target(s) in 0.01s
warning: the following packages contain code that will be rejected by a future version of Rust: svg v0.10.0
note: to see what the problems were, use the option `--future-incompat-report`, or run `cargo report future-incompatibilities --id 1`
     Running `target/release/tester /Users/linh/code/competitive-programming/atcoder/ahc008/build/a_territory`
DLDURU
DLDuRU
DuDRRU
DdDuRU
DRDLRU
UlDLRU
DDDurr
uDDRUl
RldRrU
uULRDd
RUDuDL
uUDLrL
RUuLUd
ulLLUR
RDuLUR
uDDurR
RRDLDR
uRRuDd
DRRLDL
DRRuDL
DrRLrL
DUUuUL
drULUL
LUuuUd
drDLUL
LUDuUD
drLLrl
LLLuDU
dLULDd
LLUUDL
dLLlDL
LLLDDd
duLUDU
URuDrD
UlDUUR
UDDDUR
UDRuUR
RRRLUR
RDRLUU
RDRuUU
RDRLUU
RDUurU
RLULDu
UlRuDR
rUuLDu
DURuDR
uRuLDu
RRDuDR
RRDLDu
uRDuDD
RrLLrU
UDLuUR
rrLLUu
DDLUU.
urUlU.
RDUDU.
RrUUU.
ULLDU.
rLLUU.
DLLDU.
uLLur.
DluLD.
DUDLD.
DUDuD.
LUDLD.
LRDuD.
URRDD.
RRRDD.
RUdRD.
RURRD.
RUdRL.
RURRL.
.LRRL.
.LRRD.
.LURD.
.UURR.
.UU.R.
.lU.R.
.DR.r.
.DR.D.
.DR.r.
.Du.D.
.RD.r.
.UD.U.
.UD.U.
.LD.L.
.Ud.L.
.UL.L.
.Ud.U.
.lL.U.
.Ud.U.
.lL.U.
.Ud.U.
.lL.U.
.Ud.L.
.LL.L.
.Ld.D.
.rU.D.
.DU.D.
.DU.D.
.DU.D.
.DL.D.
.DL.D.
.DL.D.
.DL.L.
.DL.L.
.Lu.L.
.LD.L.
.LD.L.
.LD.L.
.LD.D.
.Ld.D.
.DR.D.
.Dd.D.
.DR.D.
.Dd.R.
.DR.D.
.RR.R.
.DR.R.
.RR.R.
.RR.R.
.RU.R.
.RU.R.
.RU.R.
.rU.U.
..R.U.
..R.U.
..R.U.
..R.R.
..u.R.
....R.
....R.
....d.
....L.
....R.
....L.
....R.
....L.
....R.
....L.
....R.
....L.
....R.
....L.
....R.
....L.
....R.
....L.
....R.
....L.
....R.
....L.
....R.
....L.
....R.
....L.
....R.
....L.
....R.
....L.
....R.
....L.
....R.
....L.
....R.
....L.
....R.
....L.
....R.
....L.
....R.
....L.
....R.
....L.
....R.
....L.
....R.
....L.
....R.
....L.
....R.
....L.
....R.
....L.
....R.
....L.
....R.
....L.
....R.
....L.
....R.
....L.
....R.
....L.
....R.
....L.
....R.
....L.
....R.
....L.
....R.
....L.
....R.
....L.
....R.
....L.
....R.
....L.
....R.
....L.
....R.
....L.
....R.
....L.
....R.
....L.
....R.
....L.
....R.
....L.
....R.
....L.
....R.
....L.
....R.
....L.
....R.
....L.
....R.
....L.
....R.
....L.
....R.
....L.
....R.
....L.
....R.
....L.
....R.
....L.
....R.
....L.
....R.
....L.
....R.
....L.
....R.
....L.
....R.
....L.
....R.
....L.
....R.
....L.
....R.
....L.
....R.
....L.
....R.
....L.
....R.
....L.
....R.
....L.
....R.
....L.
....R.
....L.
....R.
....L.
....R.
....L.
....R.
....L.
....R.
....L.
....R.
....L.
....R.
....L.
....R.
....L.
....R.
....L.
....R.
....L.
....R.
....L.
....R.
....L.
....R.
....L.
....R.
....L.
....R.
....L.
....R.
....L.
....R.
....L.
Score = 6019466
