    Finished `release` profile [optimized] target(s) in 0.01s
warning: the following packages contain code that will be rejected by a future version of Rust: svg v0.10.0
note: to see what the problems were, use the option `--future-incompat-report`, or run `cargo report future-incompatibilities --id 1`
     Running `target/release/tester /Users/linh/code/competitive-programming/atcoder/ahc008/build/a_territory`
DLLdUL
DLLLuL
DLLdLL
DLlRuL
dLURRL
LuldRl
ddDLuU
RLDLRl
RrlLuU
dDDDDl
LDlUDU
LrUDDl
LUUUDU
dUUddl
RUURLU
RLlRdl
RLDRLU
RLDRdl
dUDdUU
LUDLUl
LRDLUU
LRlLUl
LRULLU
LrULLl
dUUduU
RrUUDl
RUUUDU
RrUUDl
RUlRDU
RrDUdl
RUDRRU
drDDdl
LDDDUU
LDDDUl
LDDDUU
LDDLUl
LLlLRU
LLULRl
LLUdRU
d.U.Rl
R.U.uU
R.U.Ll
R.U.LR
R.U.LR
R.U.LR
R.l.LU
R.U.LU
R.L.uL
d...RL
L...RL
L...Rl
L...RU
L.u.Rl
L...RU
L...Rl
L...UU
L...rl
L...DU
d...Ul
R...UR
R...dR
R...LR
R...LR
R...LR
R...LR
R...LU
R...LU
R...LL
R...LL
D...dL
D...LL
U...dL
D...LL
U...Dl
D...lU
u...Dl
D...DU
D...DL
L...Du
L...DL
L...dr
L...RD
L...dD
D...RL
D...dL
d...RL
U...dL
U...Ul
U...UD
U...RD
L....l
L....D
L....l
L....D
L....D
L....l
u....D
L....l
u....U
D....U
D....L
R....L
R....D
R....D
R....D
R....r
R....D
R....r
R....D
R....r
R....D
R....r
R....L
.....L
.....L
.....L
.....L
.....L
.....L
.....D
.....D
.....D
.....D
.....D
.....D
.....D
.....D
.....D
.....D
.....D
.....D
.....D
.....D
.....D
.....D
.....R
.....R
.....R
.....R
.....R
.....R
.....R
.....r
.....U
.....r
.....U
.....r
.....U
.....r
.....U
.....r
.....U
.....r
.....U
.....R
......
.....u
......
......
......
......
......
......
......
......
......
......
......
......
......
......
......
......
......
......
......
......
......
......
......
......
......
......
......
......
......
......
......
......
......
......
......
......
......
......
......
......
......
......
......
......
......
......
......
......
......
......
......
......
......
......
......
......
......
......
......
......
......
......
......
......
......
......
......
......
......
......
......
......
......
......
......
......
......
......
......
......
......
......
......
......
......
......
......
......
......
......
......
......
......
......
......
......
......
......
......
......
......
......
......
......
......
......
......
......
......
......
......
......
......
......
......
......
......
......
......
......
......
......
......
......
......
......
......
......
......
......
......
......
......
......
......
......
......
......
......
......
......
......
......
Score = 662037
