    Finished `release` profile [optimized] target(s) in 0.01s
warning: the following packages contain code that will be rejected by a future version of Rust: svg v0.10.0
note: to see what the problems were, use the option `--future-incompat-report`, or run `cargo report future-incompatibilities --id 1`
     Running `target/release/tester /Users/linh/code/competitive-programming/atcoder/ahc008/build/a_territory`
DRRUURLDr
DRRUURLDU
DrrUURUDr
DUDUURLdD
DrrUURLLD
DDUUURLdr
DDUUURLRU
DrrUURURU
dDDUuRLdU
RrDURRLLr
dUDUURDLD
LUrUURDLD
LUUUDRLdD
dDUUUrLRD
RDUUDDLRr
RDUUrrLRU
RDruUULRU
dRDRdULdU
LdDuLrLRU
LRDLLDLdU
LlDLdDLUr
LUDuLDLDD
dUrRdrLRD
RUURRUldD
RUURRUDRD
RRUuRUlDD
RRULRUUDD
RRULRrUDr
duULdDlDD
LdrLLDUDr
LRUuLDldD
LlrRLDDLr
LUURLDDdD
LUrRLRDLr
LlURLRDdD
dUrRDLlLr
LlUuldUdD
dUrLURURr
LlULdLURD
dURLRRURr
LluLRlURD
DURLRUldr
DllLRUDRD
DDDuRUDRr
DDDRRUDDD
dDDRRUDDr
RDDRdUDDD
dDDRUlDRr
RDDRUUlRD
dDDRLlURr
RRDRLDUDD
DRRuLDUDr
rDRRLDUDD
UDruUDUDr
RDURuRULD
RDruDRUDr
dDDRDRLDD
RRDuDruDr
dRrRLDLLD
URUuLDrU.
UDURLrDU.
RDUULDDUr
RDrULDDU.
RDDUDLDU.
RLDUUDLR.
uDDudLLR.
DLDLULlU.
DLruUlDU.
dDDLDUlU.
LLruRUUu.
dLULRUUL.
LlUuURlu.
dUULRRUL.
LlUUURlu.
dUUluUUL.
UlUUDUlu.
UDrdDUUR.
RDULDrlD.
RDrLRDUR.
RLUdRDlR.
RLrLUDUD.
urUdRDlD.
RUrLRRUD.
uUUdUdlR.
RUrLURUR.
ULUduUlU.
UUrLRRUR.
dUUduDl..
L.rLRLU..
L.Udull..
L.rLD.U..
L.UdD.l..
L.ULL.U..
L.LdL.l..
L..LL.R..
L..dL....
L..LU....
L..d.....
L........
L........
L........
d........
.........
.........
.........
.........
.........
.........
.........
.........
.........
.........
.........
.........
.........
.........
.........
.........
.........
.........
.........
.........
.........
.........
.........
.........
.........
.........
.........
.........
.........
.........
.........
.........
.........
.........
.........
.........
.........
.........
.........
.........
.........
.........
.........
.........
.........
.........
.........
.........
.........
.........
.........
.........
.........
.........
.........
.........
.........
.........
.........
.........
.........
.........
.........
.........
.........
.........
.........
.........
.........
.........
.........
.........
.........
.........
.........
.........
.........
.........
.........
.........
.........
.........
.........
.........
.........
.........
.........
.........
.........
.........
.........
.........
.........
.........
.........
.........
.........
.........
.........
.........
.........
.........
.........
.........
.........
.........
.........
.........
.........
.........
.........
.........
.........
.........
.........
.........
.........
.........
.........
.........
.........
.........
.........
.........
.........
.........
.........
.........
.........
.........
.........
.........
.........
.........
.........
.........
.........
.........
.........
.........
.........
.........
.........
.........
.........
.........
.........
.........
.........
.........
.........
.........
.........
.........
.........
.........
.........
.........
.........
.........
.........
.........
.........
.........
.........
.........
.........
.........
.........
.........
.........
.........
.........
.........
.........
.........
.........
.........
.........
.........
.........
.........
.........
.........
.........
.........
.........
.........
.........
.........
.........
.........
.........
.........
.........
.........
.........
.........
Score = 2184028
