    Finished `release` profile [optimized] target(s) in 0.01s
warning: the following packages contain code that will be rejected by a future version of Rust: svg v0.10.0
note: to see what the problems were, use the option `--future-incompat-report`, or run `cargo report future-incompatibilities --id 1`
     Running `target/release/tester /Users/linh/code/competitive-programming/atcoder/ahc008/build/a_territory`
LDRUL
LDRUL
lDRUL
UDRUL
lDRuL
DDRRL
DDRuL
LDRLu
DDrLL
udDur
dRrRU
RdURU
lRURr
UdruU
URDLr
RdDLU
RRDLr
RdrLU
RRUur
RDULU
rrUur
UDULU
rurUr
UDDUU
rDDDr
LDDUU
LDDDr
LDDUU
LdrDr
LLUUL
ldUDL
DLUlU
DDUUU
DlUDR
RUUUR
RdrdR
RLDUu
RLDUd
RdDUL
rLDUR
UdDRL
UUDRR
UUDRL
UUrRR
rUURL
LUURr
LRURU
LRURU
LRUDr
LRUDU
lRUDr
DRUDU
DRrdR
DuDRu
DRDdL
RuDRr
RRDdD
RuDRL
DRDdL
trying to move to an impassible square (turn 59)
Score = 0
