    Finished `release` profile [optimized] target(s) in 0.01s
warning: the following packages contain code that will be rejected by a future version of Rust: svg v0.10.0
note: to see what the problems were, use the option `--future-incompat-report`, or run `cargo report future-incompatibilities --id 1`
     Running `target/release/tester /Users/linh/code/competitive-programming/atcoder/ahc008/build/a_territory`
DULUURR
DULUUrR
uULUUUR
RULUUrR
uULUUDR
LULUUDR
LULUUrR
uULUUUR
RULUrLR
RULUlLR
RUlUULR
uUDUDLR
LUlUUlR
LUUUdDR
LUUURlR
LUlURDR
uUDUdlr
RUDULRD
RuDuLRr
RLlLLRU
RuUuLRU
RRURDrR
uRURlUU
LuUuUUd
LLlLdUL
LLULRUr
LLlLRrD
LuUuRDD
LRlRRLD
uRURRLD
LRLRdLr
uRURLLD
LuuuLlr
uLDLLUD
LLuLLlr
uLLLLUD
LLrLLlr
ULULLRD
UuUudRr
dRURRRU
RRrRRRU
RRURRrU
RRrRRDU
RRURRDU
RRrRRDU
RuUuRDU
RLrLRDU
RLULdDL
RLrLLRL
RLULLLL
RLrLLRL
dLULLLL
RLrLLRL
DuUuLLL
URrRLrL
dRURLUL
LRrRLUU
LRURdUU
LRrRLUR
LRURDUR
LRrRDUR
LRURuUR
LUUuRrR
LUrRRUR
LdUuRrR
LLrRRUR
LLUuRrR
LLrRRUR
LLUuRrU
DLrRRUd
DLUuRrR
uLrDRUD
DLUDRrR
DLrDUUR
DdUDDrR
dRrDUUr
RRUDDrD
dRrDuUr
RRDLRrD
dRDLuUr
RRDLLRD
dRDLLRr
RRDLLDD
dRDLLDr
RRDLLDU
ddDDLDU
RRDDLDU
ddDRLDU
RUDRLDU
dUDRLDr
RLDRLDL
dLDRLDL
R.LRLDL
d.LRuDL
U..RLDR
U..RuDL
U..RLDR
L..RuDl
trying to move to an impassible square (turn 98)
Score = 0
