    Finished `release` profile [optimized] target(s) in 0.01s
warning: the following packages contain code that will be rejected by a future version of Rust: svg v0.10.0
note: to see what the problems were, use the option `--future-incompat-report`, or run `cargo report future-incompatibilities --id 1`
     Running `target/release/tester /Users/linh/code/competitive-programming/atcoder/ahc008/build/a_territory`
DDurUDLLL
DDdDUDLLL
ddRRUDLLL
LRlduDLLL
ddDLRDLLL
RLDrUDLLU
RLlUrDLLU
ddUUUDLLL
LRURdDLLL
LRUuLDLLD
LRULLDLLD
ddlrdDLLL
RLDDLDLlL
RLDDdDLDL
RLDDRDLlL
RLDDRDLUL
ddDrRDLUL
LRlURdLlu
LRUURLLDD
LRRUddLDd
LRUULRlDu
LRUULRUlR
ddUULdlUl
RLUrLLDUU
RLUDLLDUU
RLLDLLlUU
RLlDddDll
RLULLRlDD
RLlLdRDDD
ddDLRRlDD
LRDlRRDDD
LRDDRdLDD
LRRlRRdll
LRDDRdLUU
LRRlRRRUU
LRrDRdLUU
LRLlRRrUU
ddDDddDUU
RLDlURDUU
RLDRUdrll
RLDRuRDDD
RLDRLdrDD
RLDruRDDD
RLLULdrDD
RLlUURDDD
RLDULdrDD
ddlUrUDDD
LLUUlUrLl
trying to move to an impassible square (turn 48)
Score = 0
