    Finished `release` profile [optimized] target(s) in 0.01s
warning: the following packages contain code that will be rejected by a future version of Rust: svg v0.10.0
note: to see what the problems were, use the option `--future-incompat-report`, or run `cargo report future-incompatibilities --id 1`
     Running `target/release/tester /Users/linh/code/competitive-programming/atcoder/ahc008/build/a_territory`
lULrR
rULDR
UULrR
dULUR
LULUR
LUlrR
dUUDR
RUlDR
RUDDR
RUDrR
RUlUR
dUUUR
LUUUR
LUUUR
LUlrR
LuDDR
LRDDR
duDDR
RRDDR
RulDR
RRUrR
RuUUr
RRUUU
RuUUr
dRUUD
RulUD
dRDUr
RuDrU
dRDUU
RuDRU
dRDur
RuDRD
dRlLD
RUURD
dUULD
RdURr
dUUlU
RUUDU
dUUDU
RUUDU
dRlDU
RRDDr
dRDDD
RRDDD
dRDDD
RRDlD
dRDDD
RRDlD
dRDUr
RRlUU
dRUUU
RUUUU
DUUUU
rlUUU
UrUUU
DUUUU
ULUUr
dLUUD
UdURD
RLlUD
RdDUD
DLDUD
ddDUD
RLDUD
ddDUD
RLDUr
ddDUU
RLDUU
ddDUU
RLDUU
ddlLU
RLUlU
ddUUU
RLUlU
DdUDU
rLURr
UdUDD
DLUDD
UdUDD
dLUDD
UdUDD
ULUDD
UdlRD
LLD.D
LdD.D
LLD.D
LdD.r
LLD.D
LdD.r
LLD.U
LdD.U
LLD.U
LdD.U
LLD.U
LdD.U
L.l.U
L.D.U
..l.U
..U.U
..U.U
..U.U
..U.r
..U.D
..U.D
..U.D
..U.D
..U.D
..U.D
..U.D
..U.D
..U.D
..U.D
..l.D
....D
....D
....r
....U
....U
....U
....U
....U
....U
....U
....U
....U
....U
....U
....U
....U
....U
....r
....D
....D
....D
....D
....D
....D
....D
....D
....D
....D
....D
....D
....D
....D
....D
....r
....U
....U
....U
....U
....U
....U
....U
....U
....U
....U
....U
....U
....U
....U
....U
....U
....r
....D
....D
....D
....D
....D
....D
....D
....D
....D
....D
....D
....D
....D
....D
....D
....D
....D
....r
....U
....U
....U
....U
....U
....U
....U
....U
....U
....U
....U
....U
....U
....U
....U
....U
....U
....U
....r
....D
....D
....D
....D
....D
....D
....D
....D
....D
....D
....D
....D
....D
....D
....D
....D
....D
....D
....D
....r
....U
....U
....U
....U
....U
....U
....U
....U
....U
....U
....U
....U
....U
....U
....U
....U
....U
....U
....U
....U
....r
....D
....D
....D
....D
....D
....D
....D
....D
....D
....D
....D
....D
....D
....D
....D
....D
....D
....D
....D
....D
....D
....R
....d
....R
....l
....U
....U
....U
....U
....U
....U
....U
....U
....U
....U
....U
....U
....U
....U
....R
....R
.....
.....
.....
.....
.....
.....
.....
.....
.....
.....
.....
.....
.....
.....
.....
.....
.....
Score = 2530556
