    Finished `release` profile [optimized] target(s) in 0.01s
warning: the following packages contain code that will be rejected by a future version of Rust: svg v0.10.0
note: to see what the problems were, use the option `--future-incompat-report`, or run `cargo report future-incompatibilities --id 1`
     Running `target/release/tester /Users/linh/code/competitive-programming/atcoder/ahc008/build/a_territory`
LUDlDURUU
LUDDDURUU
LUDlDuRUU
LUDUDRRUU
LUDUDuRUU
LUDlDRRUU
LUDUDuRUU
LUdlDRRUU
LURDDuRUU
LUDDdRRUU
LUDDLuRUu
LUUDdRRUR
LUrlRuRUu
LUDURRRUL
LuuUduruL
LLDULRULu
LuLULuruR
LRLULRDRR
LRLlduDRR
LuUDRRruu
lLuDRuULL
ULLDRRLLL
lLUDRUULL
DulDdUUuL
DRDDLURRu
lRulLUrRR
URDULuLRR
URDULLLRR
UudULuLuR
lLRUdLDLR
DLdURuDLU
DLRURLDLU
DLdURUDLD
DLRlRLRLr
ludURLRuU
URUlRlRRd
URUUdrrRL
URRlLUURL
URRULdURL
URRLLLLRL
LRuuLLLRL
uuRLLdLuL
LLuDLLULd
rLRDLdULL
DLuDdLULd
DLRDRdRLU
DLuDRLRLU
DLDDRdRLR
DLDDRRrLR
DudDRRDuR
RLLLRRLRR
LudLRRLRU
RLLlRRLRU
dudUdRDRr
LRLURRDRD
rRdlddDRu
URLURRDRD
URdldRDRD
URLDRRDuD
URdDdRRLL
UR.DRDRLL
UR.DdrRLL
UR.lLDrLL
UR.ULDDLL
ru.ULDrLd
UR.ULdDLR
ru.ULLrLR
UR.ULdDLR
ru.lLRrUR
DR.RLRDUR
Du.ULdrdR
DR.ULUDRR
Du.ULURRR
LR.ULLdRR
.u.RLuRRR
.R.rd.URd
.u.UL.URU
.R.Ud.URU
.u.rL.URR
.R.UD.URR
.u.rD.RRR
.R.UD..dR
.u.rD..LR
.R.UD..LU
.U.rR..Lu
.r.Ll..LD
....r..LL
....U..LL
....d..LL
....R..LL
....R..LL
....d..LL
....R..L.
....d..d.
....R..R.
....d..R.
....R..R.
....d..R.
....R..R.
....d..R.
....R..R.
....d..R.
....U..R.
....U..R.
....L..R.
....L..R.
....L..d.
....L..L.
....L..L.
....L..L.
....L..L.
....L..L.
....u..L.
....R..L.
....R..L.
....R..L.
....R..L.
....R..L.
....R..L.
....R..L.
....R..d.
....R..R.
....R..R.
....D..R.
....D..R.
....d..R.
....R..R.
....d..R.
....R..R.
....d..R.
....U..R.
....L..R.
....L..R.
.......R.
.......R.
.......d.
.......R.
.......d.
.......L.
.......L.
.......L.
.......L.
.......L.
.......L.
.......L.
.......L.
.......L.
.......L.
.......L.
.......L.
.......L.
.......L.
.......L.
.......L.
.......d.
.......L.
.......d.
.......R.
.......R.
.......R.
.......R.
.......R.
.......R.
.......R.
.......R.
.......R.
.......R.
.......R.
.......R.
.......R.
.......R.
.......R.
.......R.
.......R.
.......R.
.......d.
.......R.
.......d.
.......R.
.......d.
.......R.
.......d.
.......R.
.......d.
.......R.
.......d.
.......R.
.......d.
.......R.
.......d.
.......R.
.......d.
.......R.
.......d.
.......R.
.......d.
.......R.
.......d.
.......U.
.......L.
.......L.
.......L.
.......L.
.......L.
.......L.
.......L.
.......L.
.......L.
.......L.
.......L.
.......L.
.......L.
.......L.
.......L.
.........
.........
.........
.........
.........
.........
.........
.........
.........
.........
.........
.........
.........
.........
.........
.........
.........
.........
.........
.........
.........
.........
.........
.........
.........
.........
.........
.........
.........
.........
.........
.........
.........
.........
.........
.........
.........
.........
.........
.........
.........
.........
.........
.........
.........
.........
.........
.........
.........
.........
.........
.........
.........
.........
.........
.........
.........
.........
.........
.........
.........
.........
.........
.........
.........
.........
.........
.........
.........
.........
.........
.........
.........
.........
.........
.........
.........
.........
.........
.........
.........
.........
.........
.........
.........
.........
Score = 1986690
