    Finished `release` profile [optimized] target(s) in 0.01s
warning: the following packages contain code that will be rejected by a future version of Rust: svg v0.10.0
note: to see what the problems were, use the option `--future-incompat-report`, or run `cargo report future-incompatibilities --id 1`
     Running `target/release/tester /Users/linh/code/competitive-programming/atcoder/ahc008/build/a_territory`
RDDDU
rDDDU
DdDDU
rLDdU
UdDRU
URDdU
rRDLU
UdDLU
RUDdU
uUdLD
RURdU
lUdLd
DULdR
DuLLd
DLddL
DuRLL
lDRdd
DDRLR
lDdDR
DDLlR
lDLUD
ULLDr
ULLUU
Udddd
URRLL
URRLL
URRdL
URRLL
UDRdd
lrDLL
DUDDd
DDulL
DULUd
DdLdR
DULLR
DULLR
DULDR
DULUR
DUudR
luRLR
ULRDR
ULRlD
ULRUU
UURdd
UlRLL
UDRLL
UuudL
UDLLL
UDLdL
UDLUL
lDLLL
DDLLL
DLLLL
DLLLd
DdLLL
DLuLD
DdRDU
DURdd
DURLL
DURdd
DURLU
DLRdU
lLRLU
UURdU
trying to move to an impassible square (turn 64)
Score = 0
