    Finished `release` profile [optimized] target(s) in 0.02s
warning: the following packages contain code that will be rejected by a future version of Rust: svg v0.10.0
note: to see what the problems were, use the option `--future-incompat-report`, or run `cargo report future-incompatibilities --id 1`
     Running `target/release/tester /Users/linh/code/competitive-programming/atcoder/ahc008/build/a_territory`
LRDDLRU
LRDDLRU
LRDDuRU
LRDDdRU
LRDDRRU
LrDDlRU
LUDDRRU
LrDDRRU
LUdDRRU
LrRDrRU
LUdDURU
LrLDrRU
lULdDRU
UrdLDRU
lURdrRU
DrRRDRU
DURRrRU
lrddLRU
DULRLRU
lrLdLrU
DULLlDU
lrLLDrU
DUdLlUU
lrRLDUu
DURdlrL
lrRLUDu
DURdRDR
lrRRRDR
DUdRRru
lRLRrUR
DRLRDUu
lDLRrUD
DDLRDUD
lDLdrrD
DDLLLDD
lDdLLDD
DDRLLDD
lDRLlDD
DDRLDDD
lDRLlrD
DDRLRUL
lDRdRUD
DDRRRUL
lRdRrUD
DRLRDUL
LRLRrUL
drLRLrL
LULRLDU
rrLRLDU
DULRlDU
DrLdDDU
rULLlDU
DrdLDDU
rULLlDU
trying to move to an impassible square (turn 54)
Score = 0
