    Finished `release` profile [optimized] target(s) in 0.00s
warning: the following packages contain code that will be rejected by a future version of Rust: svg v0.10.0
note: to see what the problems were, use the option `--future-incompat-report`, or run `cargo report future-incompatibilities --id 1`
     Running `target/release/tester /Users/linh/code/competitive-programming/atcoder/ahc008/build/a_territory`
UDRluUdD
UDUUduud
UDRlLLRR
UDRDruld
UDDDULDL
UDDlUuDL
UDRURLld
UDDUUuUU
uDRUdLUU
LDRluuUU
uDRDLLUu
RDUDDulR
RdUDDLDu
uRRDDuDD
LdRlDLDD
LLRUDuDD
LLRUrLDR
udRUDulR
RRrUrLUd
RRDUUuUU
RRrlULUU
RdUDUuUU
uLUDULUu
LLrDUuUL
LLDDULlu
LLDDruUL
LdDDDLlL
LRrlDuDL
uRUUDLDu
RRUUDuDD
RRUUDLDD
RRUUDuRL
RdrUDLRD
RLDUruRd
RLLUDLuU
ULDlrudU
rLDUULLR
ULDlUurR
dLDUULDD
LdRlUuDD
LRrUULrR
LRUlUuDR
LRU.ULrR
LRL.UuDR
LRU.ULrd
LRU.UuLR
dRU.rLLd
LdU.DulU
dLR.DLUU
RLr.DUUU
RLU.DlUu
RLr.DUUL
RLU.DdUu
RLU.DUUR
RLr.DUUR
RLU.DRUu
Rdr.DRUR
RLU.DRlu
Rdr.rRD.
dLL.URD.
LdL.URD.
LLL.URR.
LdL.URR.
LLU.URr.
LDU.U.U.
LDU.U.r.
LuU.U.U.
LDR.U.r.
LLR.U.U.
LLR.U.r.
L.R.U.U.
d.r.r.L.
R.U.D.L.
R.r.D.L.
R.U.D.u.
R.r.D.R.
R.D.D.L.
R.D.D.R.
R.D.D.L.
R.r.D.R.
R.D.D.L.
R.r.D.R.
R...D.L.
R...D.R.
d...D.L.
L...r.R.
L...U.L.
L...U.R.
L...U.L.
L...U.R.
L...U.L.
L...U.R.
L...U.L.
L...U.R.
L...U.L.
L...U.R.
L...U.L.
L...U.R.
d...U.L.
R...U.R.
R...r.L.
R...D.R.
R...D.L.
R...D.R.
R...D.L.
R...D.R.
R...D.L.
R...D.R.
R...D.L.
R...D.R.
R...D.L.
R...D.R.
R...D.L.
D...D.R.
U...D.L.
D...D.R.
U...r.L.
d...U.R.
L...U.L.
L...U.R.
L...U.L.
L...U.R.
L...U.L.
L...U.R.
L...U.L.
L...U.R.
L...U.L.
L...U.R.
L...U.L.
L...U.R.
L...U.L.
L...U.R.
L...U.L.
d...r.R.
R...D.L.
R...D.R.
R...D.L.
R...D.R.
R...D.L.
R...D.R.
R...D.L.
R...D.R.
R...D.L.
R...D.R.
R...D.L.
R...D.R.
R...D.L.
R...D.R.
R...D.L.
R...D.R.
D...D.L.
U...r.R.
d...U.L.
R...U.R.
D...U.L.
r...U.R.
U...U.L.
d...U.R.
L...U.L.
L...U.R.
L...U.L.
L...U.R.
L...U.L.
L...U.R.
L...U.L.
L...U.R.
L...U.L.
L...U.R.
L...U.L.
L...U.R.
L...r.L.
L...D.R.
L...D.L.
L...D.R.
L...D.L.
L...D.R.
d...D.L.
L...D.R.
d...D.L.
R...D.R.
R...D.L.
R...D.R.
R...D.L.
R...D.R.
R...D.L.
R...D.R.
R...D.L.
R...D.R.
R...D.L.
R...D.R.
R...r.L.
R...U.R.
R...U.L.
R...U.R.
R...U.L.
R...U.R.
R...U.L.
R...U.R.
R...U.L.
R...U.R.
d...U.L.
R...U.R.
D...U.L.
U...U.R.
d...U.L.
R...U.R.
d...U.L.
R...U.R.
d...U.L.
U...U.R.
L...U.L.
L...r.R.
L...D.L.
L...D.R.
L...D.L.
L...D.R.
L...D.L.
L...D.R.
L...D.L.
L...D.R.
....D.L.
....D.R.
....D.L.
....D.R.
....D.L.
....D.R.
....D.L.
....D.R.
....D.L.
....D.R.
....D.L.
....D.R.
....D.L.
....R.R.
....L.L.
....r.R.
....U.L.
....U.R.
....U.L.
....U.R.
....U.L.
....U.R.
....U.L.
....U.R.
....U.L.
....U.R.
....U.L.
....U.R.
....U.L.
....U.R.
....U.L.
....U.R.
....U.L.
....U.R.
....U.L.
....U.R.
....U.L.
....U.R.
....R.L.
....u.R.
....L.L.
....r.R.
....U.L.
....U.R.
....r.L.
....U.R.
....r.L.
....D.R.
....D.L.
....D.R.
....D.L.
....D.R.
....D.L.
....D.R.
....D.L.
....D.R.
....D.L.
....L.R.
......L.
......R.
......L.
......R.
......L.
......R.
......L.
......R.
......L.
......R.
......L.
......R.
......L.
......R.
......L.
......R.
......L.
......R.
......L.
......R.
......L.
......R.
Score = 3084635
