    Finished `release` profile [optimized] target(s) in 0.01s
warning: the following packages contain code that will be rejected by a future version of Rust: svg v0.10.0
note: to see what the problems were, use the option `--future-incompat-report`, or run `cargo report future-incompatibilities --id 1`
     Running `target/release/tester /Users/linh/code/competitive-programming/atcoder/ahc008/build/a_territory`
RUlDLUL
RuDDLUL
RLlDLUl
RUUDLLD
RlUDLUL
RUlDLUd
rdDdLUL
DRDLLUr
rRDdLUU
UdlLLUU
URUdLUr
rDULLUU
DrUdLUr
DUULluD
DdldDRD
rLDLLUD
ULDddrD
ULDLLUD
ULDdrdr
ULDLURU
rdlDURU
DRUlrdU
DRUDULU
DRUDrLU
DRUDDLU
DRUDDLr
rRUDDdD
URldDRD
UdDRDRD
URDdrRD
UdDRURD
URDdURD
UdDRUdD
rRDdULr
UdDRULU
rRldULU
DdURrLU
DRUdDLU
DdURDLU
DRUdDdU
DdURDUU
DRUdDRU
DdUUDRr
DRUUDRD
rdlUrRD
DRDUURD
rdDLURD
DRDLURD
rdDLURD
DRDLUDD
rdDLUdD
URDDUUD
UdDLULr
URDLrLU
UdLLDDU
URdLDLU
UdLLDLU
URRLDLU
UdLLLLU
URrLLLU
UdULLLU
URULlLU
UdULUdU
rRUDlUR
UdUDUUu
rRUDlUL
UdUdUUr
rRLRlUD
UdLdULD
rRLRULD
UdlDldD
rRUDURD
.dlLlRD
.UULUdD
.UlLlRD
.LULUDD
.LlUlrD
.LUlUDD
.LlUlDr
.LDdD.U
.LDUD.U
.LDUD.U
.LDUD.U
.LRUD.U
.LDUl.U
.LDUD.L
.LDdD.L
.LDUD.L
.LDUD.L
.LDLD.L
..DUl.d
..DUD.u
..DRl.R
..DRD.l
..LRl.U
..lRD.U
..DDl.l
..lDD.U
..DDl.l
..lDD.R
..Ddl.R
..LRD.R
..Ldl.U
..URD.U
..Udl.U
..URR.U
..UdR.R
..rRR.R
..UdR.u
..rRd.L
..Udu.r
..rRR.D
..Udl.D
..rRU.D
..URU.D
..rdl.D
..UUU.D
..rUl.D
..UUU.D
..rUU.D
..ULU.D
..rLU.D
..DLU.D
..DLU.D
..DLU.D
..DLU.r
..DLU.D
..DLU.r
..DLl.U
..DLU.U
..DLl.U
..DLU.U
..DDl.U
..rDU.U
..DDl.L
..rDU.L
..Ddl.L
..rLD.L
..DDD.l
..rDD.D
..DDD.L
..RDD.d
..dDD.R
..RDD.L
..lDD.R
..UDD.l
..UDD.D
..RDD.D
..UDD.L
..UDD.d
..UDD.R
..UDD.l
..UDD.D
..UDD.D
..UDD.l
..UDD.D
..UDl.l
..U.D.U
..U.l.U
..U.D.U
..U.D.U
..U.D.U
..U.L.U
..U.u.U
..U.L.U
..U.L.U
..R.U.U
..R.U.U
..r.U.R
..L.U.R
..D.U.R
..D.U.U
..D.U.U
..D.U.U
..L.U.U
..D.U.L
..D.U..
..D.U..
..D.U..
..D.U..
..D.L..
..D....
..D....
..D....
..D....
..D....
..D....
..D....
..D....
..D....
..D....
..D....
..D....
..L....
..l....
..D....
..l....
..U....
..R....
..U....
..U....
..U....
..U....
..U....
..U....
..U....
..U....
..U....
..U....
..U....
..U....
..U....
..U....
.......
.......
.......
.......
.......
.......
.......
.......
.......
.......
.......
.......
.......
.......
.......
.......
.......
.......
.......
.......
.......
.......
.......
.......
.......
.......
.......
.......
.......
.......
.......
.......
.......
.......
.......
.......
.......
.......
.......
.......
.......
.......
.......
.......
.......
.......
.......
.......
.......
.......
.......
.......
.......
.......
.......
.......
.......
.......
.......
.......
.......
.......
.......
.......
.......
.......
.......
.......
.......
.......
.......
.......
.......
.......
.......
.......
.......
.......
.......
.......
.......
.......
.......
.......
.......
.......
.......
Score = 1806827
