    Finished `release` profile [optimized] target(s) in 0.01s
warning: the following packages contain code that will be rejected by a future version of Rust: svg v0.10.0
note: to see what the problems were, use the option `--future-incompat-report`, or run `cargo report future-incompatibilities --id 1`
     Running `target/release/tester /Users/linh/code/competitive-programming/atcoder/ahc008/build/a_territory`
UuLLLUUrUL
URLLLUUUUL
UuLLLUUdUL
ULLLLUULUd
ULLLLUUdUU
UuLLLUULUu
ULLLLUUdUd
UuLLLUULuL
UDLLLUUdRr
UDLlLUULUD
UDLULLUdUD
UlLlLLuUdD
UrLDLURULr
UULDLUuuLU
UdLlLULRdU
URLDLULuRU
URLlLUuRRU
UdLDLURuRU
UULlLURRdr
UUlDLURuLD
URDlLUuRLD
URlDLuLuLD
UuUllRLDLD
uDUDDuLDdD
LDlllRLLRD
udDDUuULRr
RLDLURlLRU
RdDLluULRU
uUlrURdLRU
LUUUluRddU
LLULDLRULU
LLULDLRULU
uLULDLRuLU
RLldDLRRLr
RuDLlLdRLD
RDDrUuRRLD
RLDLURdRdD
uLDLURLRRD
LLDUURLRRD
LLlUURLuRD
LLUUlRLDRD
LUULDRLDRD
LuULDuLLRr
ULULDLLLRU
LuULDLLLdU
lDULDLdLLU
rLlLDLULLU
DLDLlLULLL
uUDUULRLLL
RuDLULudLl
RLDUUuRLLU
RUDUURudLl
RlDRURRLLU
RUDRURuddl
RdlRURDLUU
RRURlRDdUl
uRURDRLUuD
RdURDRLURD
uRURDRLuuD
RRURDuLRRD
uRURDLduul
LdURDLRRRD
LRUrDLRuul
LdlUDLRRRD
LRUrlLRuul
LdlDULRDDD
LRULULRDDl
LdLLULRLL.
LLuLULRLL.
LLLLUuRLL.
LLrLULRLL.
LLDLUuddL.
uLDLU.ULd.
RLDLU.LDU.
RLDLl.LUU.
RLDLD.LDu.
RLDLD.LlD.
RLDLD.LUR.
RdLLD.LdU.
RLLDD.LUL.
RDlDD.LLL.
RDDDD.LLU.
RDlRD..Ll.
RRDRD..LU.
RRlRD..LR.
uRDRl..LR.
LRlRU..LR.
LRDRU..DR.
LRlRU..dR.
LRDRU..UR.
LRlRU..LR.
LRDRU..Ld.
LRlRU..DL.
LRDRU..dL.
LRlRU..LL.
LRDrU..dU.
L.lDU..UU.
L.Drl..UU.
L.lLD..uL.
u.DLD..RL.
..lDD..uU.
..DDD..RU.
..lDD..uU.
..UDD..RU.
..URD..uL.
..URD..RL.
..UrD..uL.
..UDD..RL.
..URD..uL.
..URD..RL.
..UUl..uL.
..URU..RD.
..RRU..uD.
..URU..RD.
..UdU..uD.
..ULU..RD.
..UrU..uD.
..UDU..RD.
..UDU..ud.
..UrU..RL.
..ULU..Ud.
..ULU..D..
..UlU..u..
..UUU..D..
..ULl..L..
..ULU..L..
..UDl..L..
..ULU..L..
..UDL.....
..LDL.....
..LRD.....
..DrD.....
..D.D.....
..D.D.....
..u.D.....
..d.D.....
..L.D.....
..r.D.....
..D.D.....
..D.D.....
..r.L.....
..D.......
..r.......
..D.......
..r.......
..D.......
..r.......
..D.......
..r.......
..D.......
..r.......
..D.......
..r.......
..D.......
..r.......
..D.......
..r.......
..U.......
..U.......
..U.......
..U.......
..U.......
..U.......
..U.......
..U.......
..U.......
..U.......
..U.......
..U.......
..r.......
..U.......
..R.......
..R.......
..R.......
..D.......
..D.......
..D.......
..D.......
..D.......
..D.......
..D.......
..D.......
..D.......
..D.......
..........
..........
..........
..........
..........
..........
..........
..........
..........
..........
..........
..........
..........
..........
..........
..........
..........
..........
..........
..........
..........
..........
..........
..........
..........
..........
..........
..........
..........
..........
..........
..........
..........
..........
..........
..........
..........
..........
..........
..........
..........
..........
..........
..........
..........
..........
..........
..........
..........
..........
..........
..........
..........
..........
..........
..........
..........
..........
..........
..........
..........
..........
..........
..........
..........
..........
..........
..........
..........
..........
..........
..........
..........
..........
..........
..........
..........
..........
..........
..........
..........
..........
..........
..........
..........
..........
..........
..........
..........
..........
..........
..........
..........
..........
..........
..........
..........
..........
..........
..........
..........
..........
..........
..........
..........
..........
..........
..........
..........
..........
..........
..........
..........
..........
..........
..........
Score = 1201823
