    Finished `release` profile [optimized] target(s) in 0.01s
warning: the following packages contain code that will be rejected by a future version of Rust: svg v0.10.0
note: to see what the problems were, use the option `--future-incompat-report`, or run `cargo report future-incompatibilities --id 1`
     Running `target/release/tester /Users/linh/code/competitive-programming/atcoder/ahc008/build/a_territory`
rDLDDRU
UDlDDRU
rdDDDRU
DRlDDRU
DdUDDrU
rLUDDUU
ULlDDrU
UdDDDDU
URDdDDU
rRDRDrU
DRldDUU
DdULDUU
DLULDUU
DLUdDru
rLULDDL
ULlddDu
UdDRLDR
URDRdDR
URDRLru
URDRdUL
rRDdLUL
DRlLdUL
DdULLUu
DLULdUR
DLULLrR
DLULdDR
DLUdLDR
rLULdDu
ULldLDL
UdDLdDL
ULDdLDL
UdDLdrL
URDdLUL
URDLdUu
URDdLUR
rRDLDUR
URldDUR
rRULuUR
DRUdDUR
DRULDrR
DdUdDDU
DRULdDr
DdUdRDU
DRULdDd
DdUdRDR
DRlLDDR
LDDdrDd
DDDLUDR
DuDddrd
RLDURUR
rLDRRUd
LLDRdUR
ULDRRUd
UDDRdUR
UDDRRUd
UDlUdUR
UdURRUd
ULUDdUU
UdULRrU
ULULdDU
UdULRDu
ULUUdDL
UdULRLu
RUUUdLL
rUUUULu
DUUUULL
DLlUUDu
DLUULDL
DLlULDu
DLUULDL
DLlULDu
DuUULDL
DDlULDu
DUUULRL
LRlULRu
DLDRLRL
DLDRLRu
DuDRLrL
RLDDuDu
ruDRLrL
DLDRuDu
ru.RLrL
UL.RuDu
Uu.RLRD
LL.RuRR
Uu.RLlR
UL.RuUR
Uu.RLUR
UL.RuUR
Uu.RDUR
UL.RDUR
Uu.RDUR
UL.RdUR
Uu.RRU.
UL.RdU.
Uu.RRU.
UD.RdU.
RR.RRU.
rR.RdU.
UR.RRR.
rR.RdR.
DR.RRR.
DR.DdU.
DR.DUU.
DR.DUL.
DR.DUL.
D..DLL.
D..DLL.
D..DLR.
D..DLl.
D..DLU.
D..DLl.
L..DuU.
D..DLL.
D..DuR.
D..DLL.
L..lUR.
...rDL.
...DUR.
...uDl.
...DuD.
...LLD.
...LuR.
...LLR.
...LuR.
...LLD.
...UuD.
...uDD.
...LDD.
...uDD.
...LdD.
...uRD.
...LdD.
...uRD.
...LdD.
...uRD.
...LdD.
...uRD.
...DdL.
...DRL.
...LdD.
...LUD.
...LUD.
...LUL.
...LLl.
...LLD.
...LLl.
...LLU.
...LLU.
...LLU.
...LuU.
...LLU.
...LuR.
...LLR.
...Du..
trying to move to an impassible square (turn 155)
Score = 0
