    Finished `release` profile [optimized] target(s) in 0.00s
warning: the following packages contain code that will be rejected by a future version of Rust: svg v0.10.0
note: to see what the problems were, use the option `--future-incompat-report`, or run `cargo report future-incompatibilities --id 1`
     Running `target/release/tester /Users/linh/code/competitive-programming/atcoder/ahc008/build/a_territory`
LUDRU
lUDRU
DUdRU
lULRU
UUdRU
UURRu
lURRR
UUdRu
lULRL
DULRL
DULRu
DUdRR
DURRR
lURrR
UURUu
UURrL
UUdDL
UULDL
UULrL
lULUu
DULUL
DlLUu
DrdrD
DURDD
DdRDD
DLRDR
lLRDD
UdRrR
URRUR
URdUR
URLUR
URLUR
UdLUR
ULLrU
lLLDU
DLLDU
DLLDU
DLdDU
DDRDr
DlRDU
DURrD
DDRUU
DURUd
ldRUR
URRUR
URRUd
URdUU
URLUU
RRLrU
RRLDU
RdLDL
URLDL
UdLDL
ULLDU
ULLDu
UULDL
LLdDu
LLRrL
LLRUu
lLRUL
DLRUu
DLRUD
DLRUR
RLRUR
RLRUR
RLRUR
DLRUD
DDdrD
DdLDD
DLLDD
DdLDR
DLLDR
DdLDR
LULDD
LRLDr
LRLDU
lRLDd
URLDU
URLrU
URdDU
URRrU
UDRUR
RRRUR
RRRUR
RRRUR
RRRUR
RRRUR
URRUU
URRUu
UURUR
URRUu
URRUR
URdUu
LRLrR
LRLDu
LRLDR
LDLDu
trying to move to an impassible square (turn 97)
Score = 0
