    Finished `release` profile [optimized] target(s) in 0.01s
warning: the following packages contain code that will be rejected by a future version of Rust: svg v0.10.0
note: to see what the problems were, use the option `--future-incompat-report`, or run `cargo report future-incompatibilities --id 1`
     Running `target/release/tester /Users/linh/code/competitive-programming/atcoder/ahc008/build/a_territory`
DRUDL
DRUDL
dRUDL
LRuDL
dRRDL
RRuDL
RRLDL
dRLDL
LRudL
LRRRL
LRRdL
dRRLL
RRuLL
RRLdL
RRLLL
RRLdL
dRLRL
LRURL
LRlRL
LRURl
LRddU
LrLLl
dULLD
RrDLD
RDlLl
RDDLU
RrudU
RURRU
RURRl
dURRD
LrRRD
LDRRD
LDRRD
LDRdl
LDuLU
LrRLU
LUuLU
dURLU
RUuLU
RULLL
RULLL
RrLdr
RDLRD
RDLRD
RDLRD
RDLRD
dDLRD
LDLRD
LrLRr
LULRU
LUudU
LURLU
LURLU
LURLU
LURLU
LURLU
drRLr
RDRLD
RDRLD
RDRLD
RDRdD
RDRRD
RDRRD
RDuRD
RDRRD
RruRr
RURRD
dUuRr
LURRU
LUuRU
LURRU
LUudU
LURLU
LUuLU
LURLU
LruLU
LDRLU
LDuLL
LDRLU
DDuLU
UDRLR
dDuLr
UDRLL
RDudL
RDRRD
RDuRD
DrRRD
RUuRD
RURRD
RUuRD
RURRD
RUuRD
RULRD
RULRD
RULRD
RULRD
dULdR
UULLR
LrLLr
LDLLU
LDLLU
LDLLU
LDLLU
LDLLU
LDLLU
LDLLU
LDLLU
LDLLU
LDLLU
DDLLL
LDLDL
LRLLU
DdLRU
URLlU
dlLUR
UULdR
RULRr
UULRD
RULRL
RUuRL
RULRL
DUURD
DUlRD
RUURD
RUURD
RUURD
RUURD
RUURD
RlURD
RUuRD
RlRdD
RDRRD
RDudD
dDRLD
UDuLR
UDRLR
LDRLR
LDRLR
LDuLL
LDRLr
LDuLU
LDRLU
LDULU
LDDLU
LDuLU
LDRLU
LDuLU
LlDLU
DDDLU
DlDLU
LUDdU
LULRL
LULRL
dULRL
UULRL
UULRU
RULRU
RULRU
RUDRU
RULRR
RULRR
DUdRR
DUURR
RUURr
RUURD
RUURD
RURRL
RURRL
RlRRL
RURdL
RlRLD
RDRLD
RDULD
RDRLD
dDRLD
RDRLD
dDRLD
UDuLD
UDRLD
UDuLD
LDDLD
LDLLR
LDLLD
LDLLD
LDLLD
LDLLR
LDLLR
LDLLR
LDULr
LDudU
LDDRL
LLDRL
LRRRL
LLRRU
DRURU
DLURU
DdRRU
LRRRU
LlRRU
LDRRU
LDRRU
dlR.U
LDu.U
dlRLD
UUuLD
UURLD
UUuLD
RURLD
RUULD
RUrLD
RUDLD
RUuLD
RUDLD
RRDLD
DRLLD
D.LDR
D.L.R
R.L.R
R.L.r
R.D.D
R.L.r
R.D.D
R.Llr
R.U.U
R.U.U
R.R.U
R.R.U
R.R.L
R.R.L
R.R.L
d...U
R...U
d...U
R...U
d....
U....
U....
U....
L....
L....
L....
L....
L....
L....
L....
L....
.....
.....
.....
.....
.....
.....
.....
.....
.....
.....
.....
.....
.....
.....
.....
.....
.....
.....
.....
.....
.....
.....
.....
.....
.....
.....
.....
.....
.....
.....
.....
.....
.....
.....
.....
.....
.....
.....
.....
.....
.....
.....
.....
.....
.....
.....
.....
.....
.....
.....
.....
.....
.....
.....
Score = 2389583
