    Finished `release` profile [optimized] target(s) in 0.02s
warning: the following packages contain code that will be rejected by a future version of Rust: svg v0.10.0
note: to see what the problems were, use the option `--future-incompat-report`, or run `cargo report future-incompatibilities --id 1`
     Running `target/release/tester /Users/linh/code/competitive-programming/atcoder/ahc008/build/a_territory`
lLDDDlU
ULDddrU
lLdURDU
ULLUduU
lLdULLU
ULRuLLU
lLRDDuU
ULdDURU
lLLDDRu
ULLRURR
lLLdDRu
ULdLlUL
lLRLUrL
ULRdDDu
llRUUUR
UDRUDDR
lldUUUR
UULudDu
lULRRuL
ULLRRLL
lULuRLL
UDLDdLL
lUDDULu
UDDDULR
lUURUuR
UuldULR
ld.LuuR
U..LLRR
l..LuRu
U..LLRL
l..duRL
U..UDRL
l..UDRL
U..UDRL
l..uDRL
U..RRuu
l..RRDR
U..RRDR
l..RdDR
U..uUdR
l..DURR
U..DUdR
l..DURR
U..RLdu
l..dLRL
U..LLdL
L..LLRL
L..LUdL
D..LlRL
D..LDdL
D..LuRL
D..dDdL
D..UDRu
D..UDdR
D..UDRR
D..uLdR
D..RLRR
D..RddR
D..RRRR
D..RRdR
D..RRUR
D..RRUR
D..uRLu
D..DRLL
L..DRLL
L..DdLL
L..RLLL
L..dLLL
u..LLLL
d..LLLL
L..LLLL
r..LLLL
L..LLLL
L..LLLu
L..LdLR
L..LRLR
L..dRLR
L..LRLR
L..dRLR
L..URDR
L..URLR
L..URDR
L..uRDR
L..RRlR
D..udrR
L..RUDu
D..RUDL
D..RUDL
D..RURL
D..RuRL
D..RLRL
D..RuUL
R..RLUL
R..uuuL
R..DRRL
R..DRuL
R..RRDL
R..RuDL
R..RRLu
R..RuLL
R..RRLu
R..RUUL
R..RUUu
R..RLLL
R..RLuu
r..RLLL
U..RLLu
r..DLuL
U..DLLu
r..lLuL
U..DLLu
r..LLuL
D..LLLu
D..uLuL
L..LdLu
L..uRuL
...LR.u
...uR.L
...LR.u
...uR.L
...LR.u
...uR.L
...LR.u
...UR.L
...lR.u
...DR.L
...ud.u
...LR.L
...Ld.u
...uR.L
...LD.u
...ur.L
...RD.u
...Ru..
...RD..
...RD..
...RD..
...RD..
...Rd..
...RL..
...Rd..
...RL..
...ud..
...RL..
...uL..
...Rd..
...uL..
...RL..
...uL..
...RL..
...uL..
....L..
....L..
....L..
....L..
....L..
....L..
....d..
....U..
....U..
....R..
....R..
....R..
....R..
....R..
....R..
....R..
.......
.......
.......
.......
.......
.......
.......
.......
.......
.......
.......
.......
.......
.......
.......
.......
.......
.......
.......
.......
.......
.......
.......
.......
.......
.......
.......
.......
.......
.......
.......
.......
.......
.......
.......
.......
.......
.......
.......
.......
.......
.......
.......
.......
.......
.......
.......
.......
.......
.......
.......
.......
.......
.......
.......
.......
.......
.......
.......
.......
.......
.......
.......
.......
.......
.......
.......
.......
.......
.......
.......
.......
.......
.......
.......
.......
.......
.......
.......
.......
.......
.......
.......
.......
.......
.......
.......
.......
.......
.......
.......
.......
.......
.......
.......
.......
.......
.......
.......
.......
.......
.......
.......
.......
.......
.......
.......
.......
.......
.......
.......
.......
.......
.......
.......
.......
.......
.......
.......
.......
.......
.......
.......
.......
.......
.......
.......
.......
.......
.......
.......
.......
.......
Score = 265873
