    Finished `release` profile [optimized] target(s) in 0.02s
warning: the following packages contain code that will be rejected by a future version of Rust: svg v0.10.0
note: to see what the problems were, use the option `--future-incompat-report`, or run `cargo report future-incompatibilities --id 1`
     Running `target/release/tester /Users/linh/code/competitive-programming/atcoder/ahc008/build/a_territory`
RRUDDD
RRuDDD
RRRDdD
RRuDLD
RRLDdD
RRLdRD
RRuLRD
RRRddd
RRRRLL
RRRRLd
RRudLR
RRLLDR
RRLLDd
RrLLUL
rDLDlL
DruDDL
rURuUd
DURRDR
rrRRuR
DDRRRR
rDRRRR
DDuuRD
RrLLRr
dULLuD
RULLRu
lULLuR
UULLLR
UrLuLu
UDuRLR
UDLRLu
RDuRLR
RDRRLu
RDRRLR
RrRRUu
rURulR
DURLDu
rURLuR
DURLRu
rURLRR
DUuLRu
rrRLRR
DUuLRu
rrRuRR
DUuRRu
rrRRRR
DUURuu
rRrRRR
LuDRuu
LRuRLR
LlRRLu
LURRLR
lUuuLu
DlRRLR
lUuuLu
DlRLLR
lUuLLu
Rl.LLD
RU.LLD
Rl.LLL
RU.LuL
rl.LRL
UU.LRL
rl.LRL
.U.LRL
.l.uRL
.U.DRL
.l.DRL
.U.DRL
.l.DRL
.D.dRL
.D.RRL
.D.dR.
.D.Ru.
.R.dR.
.R.UU.
...RU.
...Rd.
...RL.
...RL.
...RL.
...RL.
...RL.
...RL.
...RL.
...RL.
...RL.
...RL.
...RL.
...RL.
...RL.
...DL.
...dd.
...RR.
...dR.
...RR.
...dR.
...RR.
...dR.
...RR.
...dR.
...RR.
...dR.
...RR.
...dR.
...UR.
...UR.
...LR.
...Ld.
...LL.
...LL.
...LL.
...LL.
...LL.
...LL.
...LL.
....L.
....L.
....L.
....L.
....L.
....L.
....L.
....L.
....L.
....d.
....L.
....d.
....R.
....R.
....R.
....R.
....R.
....R.
....R.
....R.
....R.
....R.
....R.
....R.
....R.
....R.
....R.
....R.
....R.
....R.
....d.
....R.
....d.
....R.
....D.
....r.
......
......
......
......
......
......
......
......
......
......
......
......
......
......
......
......
......
......
......
......
......
......
......
......
......
......
......
......
......
......
......
......
......
......
......
......
......
......
......
......
......
......
......
......
......
......
......
......
......
......
......
......
......
......
......
......
......
......
......
......
......
......
......
......
......
......
......
......
......
......
......
......
......
......
......
......
......
......
......
......
......
......
......
......
......
......
......
......
......
......
......
......
......
......
......
......
......
......
......
......
......
......
......
......
......
......
......
......
......
......
......
......
......
......
......
......
......
......
......
......
......
......
......
......
......
......
......
......
......
......
......
......
......
......
......
......
......
......
......
......
......
......
......
......
......
......
......
......
......
Score = 3569444
