    Finished `release` profile [optimized] target(s) in 0.02s
warning: the following packages contain code that will be rejected by a future version of Rust: svg v0.10.0
note: to see what the problems were, use the option `--future-incompat-report`, or run `cargo report future-incompatibilities --id 1`
     Running `target/release/tester /Users/linh/code/competitive-programming/atcoder/ahc008/build/a_territory`
ULDRLLUD
ULDRLLUD
ULDRLLuD
ULDRLLRD
ULdRLLuD
ULLRLLRD
ULdRLLuD
ULRRLLRD
ULRRLLuD
ULdRLLRD
ULLRLLuD
ULLRLlRD
ulLRLDuD
RDdrLlRD
ulRDLUUD
LURrLUrD
LURDLlUD
ulRrLDdd
LDdDLDUR
uDLrLDUd
RDLDLluL
RlLrLULL
RULDlUud
RULrDULR
uUdDlUuR
RURrUlLR
ulRDUDud
LURrlDLL
LlRDDDuL
LDRrDDLL
LDRDDDuL
LDDrllLd
LDDDUUuR
uDUrUUDR
LDrDUUDR
ulDrUURR
RUuDlURR
RULRDURD
RULRDLRr
RULlDLRD
RULUDrRU
RULUDDRD
RULUlDRu
RlLUDDdL
uUuUlDRL
LlDUUDDL
LUDUUDUL
LlDUUDdL
LUdUUrRL
LlRU.Udu
L.dU.URL
L.RU.Udu
L.dR.UUL
L.RR.UUu
u.dR.UuD
R.Rr.ULD
R.dD.UUD
R.Ur.rld
R.UD.DUR
R.Ur.Ddd
R.LD.DLR
R.Lr.DLd
R.LD.LdR
R.Lr.LLd
R.LD.LdR
u.ur.lRd
L.RD.URR
L.Rr.lRd
D.RL.RRU
D.RL.URU
D.RL.UDU
D.RD.UrR
D.RD.UDR
L.RR.RuR
L.RR.RDR
L.RR.rDR
L.ur.Ddu
L.RD.DRL
L.ur.DDL
L.DD.DrL
L.Dr.DUL
L.DD.DDL
L.dr.LUL
D.LD.DdL
trying to move to an impassible square (turn 84)
Score = 0
