    Blocking waiting for file lock on package cache
    Finished `release` profile [optimized] target(s) in 0.03s
warning: the following packages contain code that will be rejected by a future version of Rust: svg v0.10.0
note: to see what the problems were, use the option `--future-incompat-report`, or run `cargo report future-incompatibilities --id 1`
     Running `target/release/tester /Users/linh/code/competitive-programming/atcoder/ahc008/build/a_territory`
LULDL
LULDL
LULDL
LULDL
LUlDL
LUUDl
lUlDD
UUDDl
LUDDU
UULDU
dUdDl
LURDU
rUlDl
DUUdU
DUULl
DUUdU
RUlRl
LUURU
ruldl
DLDLU
ruDLl
DRDLU
rRDdl
UuDRU
ULDRl
ULLRU
ULDRl
UuddU
URuLl
rRLLR
DRULR
DRULR
DuULR
DRUdU
DuURU
DRURL
DuURL
rRURL
UurRL
URDRl
UuDdU
URDUl
UuDUU
URDLl
UuDUU
URDLl
rUDUU
DrRLl
DURUU
DdlLl
DRUUU
DRULl
trying to move to an impassible square (turn 52)
Score = 0
