    Finished `release` profile [optimized] target(s) in 0.02s
warning: the following packages contain code that will be rejected by a future version of Rust: svg v0.10.0
note: to see what the problems were, use the option `--future-incompat-report`, or run `cargo report future-incompatibilities --id 1`
     Running `target/release/tester /Users/linh/code/competitive-programming/atcoder/ahc008/build/a_territory`
UrDRLU
UDDRLU
UrDRLu
UUDRLD
UUDRLD
urDULD
LUDRLD
urDULd
RUdRLU
RrLRLU
uUDRLU
LrlULL
LUDULL
LRuRLU
UURRLu
luRRlD
DduUUR
uRLRlR
RlLUDR
RDLUDR
RDLRlU
RDuRDu
UDLRlR
RDuRUu
lDLRUR
RRuRUu
lRLRUR
RRuDlu
lRLDDR
RruDDu
lULDDR
RrUDDu
lDlDDR
RDUDLu
lrdRLR
RUURrU
lUURUr
rUURUU
UrRdUL
dURUUL
UrRdUL
RURUUL
RrRdrL
DURLDL
drRrDL
RURDDL
DrRDDd
rURDDL
UrRDDL
dUDrDd
RrDURR
RLDUdR
dLdULR
RLRUrR
dLdUUR
RlRrUR
dUdUUR
RLRrUR
dUdUUR
RdUrUR
dUUUUd
RuUrUR
dDUUrR
RURrUd
dDRUrR
RURrDd
ddDUDR
RRDrDd
dlDUDR
RUDrDd
dUdUDR
RlRrDd
DUdUDR
UlUrDd
dRUUDR
RRUrDd
dUUUrR
RRUrUd
DUUUUR
URUrUd
trying to move to an impassible square (turn 80)
Score = 0
