    Finished `release` profile [optimized] target(s) in 0.04s
warning: the following packages contain code that will be rejected by a future version of Rust: svg v0.10.0
note: to see what the problems were, use the option `--future-incompat-report`, or run `cargo report future-incompatibilities --id 1`
     Running `target/release/tester /Users/linh/code/competitive-programming/atcoder/ahc008/build/a_territory`
UDuDLR
UddDLR
ULRDLR
UdLDLR
URRDLR
URLDLR
UdRDlr
ULlDDU
ULUDlR
lLUDUU
rdlrUu
URDlld
dRDDDL
RRDuDr
RRDLDD
DdlLlD
rLUuUD
ULURUr
DLURUD
ULURUr
DLURlD
UdluUR
DRDLLd
URDLLR
dRDLRl
RRDLLU
RRDLRU
dRDuLU
RdLLRU
dLduLU
RULDrU
dLRDDU
ULRDDl
UDLRDD
LLRRDD
LLlRDD
DLURDD
DLURrD
RDURDD
RlURrD
UDURUD
UuUUUD
ULUUUL
ULlUDR
uuDuDl
DDDDDU
DDDDLU
DDDDLU
DDDDLR
RdDdDU
dRDLDU
RdDdDU
dRRLDU
RdRdDU
dRDUDU
RdRURU
dRRURL
RDrURl
dDULRD
RurLdD
dDULuD
RDrLRD
dDULlD
RDrLRR
dDULRR
RDruRR
dRUDRR
RRrDUR
dRURUu
RRrRUL
dRURUr
RDrRRD
dD.RDr
UR.DDD
UR.DDD
UR.dDD
UR.RLr
uU.RLD
LU.RLD
uU.RUL
LU.UUL
uR.UUL
LU.UUL
uU.ULL
LU.RLR
uU.ull
Lu.DDU
uL.DlU
Lu.DDU
uR.DlU
LR.dDR
uu.RDR
LR.dRU
uu.RDU
LR.dDU
uu.RLU
LR.DlR
uu.rDR
LR.DlR
uu.DDR
LR.Dll
Lu.DDR
uR.LlR
.u...R
.R...U
.U...U
.r...U
.U...U
.d...L
.U...L
.U...L
.L...l
.U...U
.L...l
.D...D
.D...D
.L...l
.D...D
.L...L
.L...L
.U...r
.U...U
.L...U
.L...L
.L...L
.L...L
.L...L
.....L
.....u
.....R
.....L
.....R
.....L
.....R
.....L
.....R
.....L
.....R
.....L
.....R
.....L
.....R
.....L
.....R
.....L
.....R
.....L
.....R
.....L
.....R
.....L
.....R
.....L
.....R
.....L
.....R
.....L
.....R
.....L
.....R
.....L
.....R
.....L
.....R
.....L
.....R
.....L
.....R
.....L
.....R
.....L
.....R
.....L
.....R
.....L
.....R
.....L
.....R
.....L
.....R
.....L
.....R
.....L
.....R
.....L
.....R
.....L
.....R
.....L
.....R
.....L
.....R
.....L
.....R
.....L
.....R
.....L
.....R
.....L
.....R
.....L
.....R
.....L
.....R
.....L
.....R
.....L
.....R
.....L
.....R
.....L
.....R
.....L
.....R
.....L
.....R
.....L
.....R
.....L
.....R
.....L
.....R
.....L
.....R
.....L
.....R
.....L
.....R
.....L
.....R
.....L
.....R
.....L
.....R
.....L
.....R
.....L
.....R
.....L
.....R
.....L
.....R
.....L
.....R
.....L
.....R
.....L
.....R
.....L
.....R
.....L
.....R
.....L
.....R
.....L
.....R
.....L
.....R
.....L
.....R
.....L
.....R
.....L
.....R
.....L
.....R
.....L
.....R
.....L
.....R
.....L
.....R
.....L
.....R
.....L
.....R
.....L
.....R
.....L
.....R
.....L
.....R
.....L
.....R
.....L
.....R
.....L
.....R
.....L
.....R
.....L
.....R
.....L
.....R
.....L
.....R
.....L
.....R
.....L
.....R
Score = 3315828
