    Finished `release` profile [optimized] target(s) in 0.05s
warning: the following packages contain code that will be rejected by a future version of Rust: svg v0.10.0
note: to see what the problems were, use the option `--future-incompat-report`, or run `cargo report future-incompatibilities --id 1`
     Running `target/release/tester /Users/linh/code/competitive-programming/atcoder/ahc008/build/a_territory`
UULRR
UULRR
UulRR
UDURR
UDlRR
UDDRR
UDDRr
UDLrD
UDDDR
UrurR
UUdUl
UDLUU
UUrrU
UdUDl
uUUDD
RUUDD
uUUrD
LUrUl
LUUUU
uRrUU
RuUUU
RLrrU
RLDUl
uuDrD
LRDDD
LRDDD
LRDDD
LuDDD
ULDDl
lLDDU
ULrrU
DLDDU
UurrU
dDUUU
LDUUU
LDUUl
dDUUD
LDUUD
ddUUD
LRUUD
DdUUD
lRURD
URUUD
dRrul
UDDDU
LrDUU
LUDdU
LdDLU
LUDrU
LUUDU
LUUDU
DUUDU
dLUDL
LLUDU
dLUDd
LLrDu
dDDDL
UDDDr
UDDDD
UDDrD
ULDDD
LDDrD
LDDDD
DuDrD
DDDDD
DDDrD
DDLDD
dDDrD
LDDDr
dDDrD
UUU.r
UUL.D
UUL.r
UU..D
RU..r
RU..U
RL..U
Du..U
RL..U
.u..U
.R..U
.R..U
.R..U
.R..U
.R..U
.R..U
.R..U
.R..U
.R..U
.u..U
.R..r
.U..U
.U..r
.U...
.U...
.U...
.L...
.L...
.L...
.L...
.L...
.L...
.L...
.L...
.L...
.....
.....
.....
.....
.....
.....
.....
.....
.....
.....
.....
.....
.....
.....
.....
.....
.....
.....
.....
.....
.....
.....
.....
.....
.....
.....
.....
.....
.....
.....
.....
.....
.....
.....
.....
.....
.....
.....
.....
.....
.....
.....
.....
.....
.....
.....
.....
.....
.....
.....
.....
.....
.....
.....
.....
.....
.....
.....
.....
.....
.....
.....
.....
.....
.....
.....
.....
.....
.....
.....
.....
.....
.....
.....
.....
.....
.....
.....
.....
.....
.....
.....
.....
.....
.....
.....
.....
.....
.....
.....
.....
.....
.....
.....
.....
.....
.....
.....
.....
.....
.....
.....
.....
.....
.....
.....
.....
.....
.....
.....
.....
.....
.....
.....
.....
.....
.....
.....
.....
.....
.....
.....
.....
.....
.....
.....
.....
.....
.....
.....
.....
.....
.....
.....
.....
.....
.....
.....
.....
.....
.....
.....
.....
.....
.....
.....
.....
.....
.....
.....
.....
.....
.....
.....
.....
.....
.....
.....
.....
.....
.....
.....
.....
.....
.....
.....
.....
.....
.....
.....
.....
.....
.....
.....
.....
.....
.....
.....
.....
.....
.....
.....
.....
.....
.....
.....
.....
.....
.....
.....
.....
.....
.....
.....
.....
Score = 1856510
