    Finished `release` profile [optimized] target(s) in 0.45s
warning: the following packages contain code that will be rejected by a future version of Rust: svg v0.10.0
note: to see what the problems were, use the option `--future-incompat-report`, or run `cargo report future-incompatibilities --id 1`
     Running `target/release/tester /Users/linh/code/competitive-programming/atcoder/ahc008/build/a_territory`
DRuLDD
DRLlDD
DRuDDD
dRRlDD
LRRUDD
dRuUDD
RRRlLD
RRuDDd
dRRDDL
RRuDDd
dRRlDR
LRuUDR
LRRUDd
LRuRDL
LRRRDL
dRuRDL
RRRRDd
RRurdR
RRRURR
RRurdR
RRRURR
dRurdd
LrRLLL
LDuLLL
LrRLLL
LUuLdL
LURlLL
LruDdD
DDRUUD
DDRUUu
UDuRUR
lrRRRR
DUuRRR
uURRRR
RUurUR
RURURR
RrUrUu
RDRURL
RDRRRL
RDluDL
RDrRDL
uDUDDL
RrdDDL
uURDDL
LUUDDu
LUUDlR
LUUDRR
LUURrR
LUUDlR
LrUDDR
LDLLuR
LDLlRR
LDdDRR
LDLlUu
uDdDUL
DDLlUL
DDdDUL
DrLlUL
DUdDUL
dULlUL
RUdDLL
trying to move to an impassible square (turn 61)
Score = 0
