    Finished `release` profile [optimized] target(s) in 0.08s
warning: the following packages contain code that will be rejected by a future version of Rust: svg v0.10.0
note: to see what the problems were, use the option `--future-incompat-report`, or run `cargo report future-incompatibilities --id 1`
     Running `target/release/tester /Users/linh/code/competitive-programming/atcoder/ahc008/build/a_territory`
URLdDr
URLRDD
URLdDr
URLLDU
UuLLDU
UdLdDr
URLRDD
ULLRDL
URlRDD
UlDdDD
UDlLDD
UDULDD
UlULDD
UDlLDR
ULUdlR
UdLRDu
ULURUd
UrdRrR
rUuRDl
UULRuU
DUrdLU
UUDLLl
DUDLuU
UrDLRl
DUDLRU
UrDLRU
DUrLRU
lrDduU
UDrRLL
dDDRLu
RDrRL.
RDURL.
dDURL.
LDURu.
LDURR.
LDUdR.
LDULR.
dRULR.
RdULR.
R.ULR.
R.rLU.
R.DLD.
R.DLu.
d.DLL.
L.DdL.
L.DRL.
L.DRL.
L.DRL.
L.DRL.
L.DRL.
d.DRu.
R.RRR.
R.dRR.
R.LRR.
R.rdR.
R.ULR.
R.ULR.
R.ULR.
d.ULR.
L.ULu.
L.ULL.
L.ULL.
L.ULL.
L.ULL.
L.ULL.
L.UdL.
L.rLL.
d.DdL.
R.DLL.
R.Ddu.
R.DLR.
R.DdR.
R.DLR.
R.LdR.
R.LLR.
R.LDR.
R.LDR.
d.lDR.
L.URR.
L.lRR.
L.UDu.
L.lDL.
L.UDL.
L.ldD.
L.RRD.
L.RdD.
L.RRD.
L.UDd.
d.UrL.
R.UUd.
R.URL.
R.RRd.
R.rDU.
R.DrU.
R.DUU.
R.DdU.
R.DRL.
R.DRL.
R.DDL.
R.DRL.
d.DlL.
L.LUL.
L.LDL.
L.LUu.
L.LdL.
L.LLu.
L.RLD.
L.LLD.
L.RLD.
L.LLD.
L.Rdd.
L.lUR.
L.UUD.
d.UUD.
R.UUR.
R.ULR.
R.RLR.
R.RLR.
R.RLu.
R.UuR.
R.UDu.
R.UDR.
R.U.u.
R.U.R.
R.R.R.
R.r.R.
R.D.R.
d.D.u.
L.D.R.
L.D.u.
L.D.R.
L.D.U.
L.D.U.
L.D.U.
L.D.U.
L.D.U.
L.D.U.
L.L.u.
L.L.R.
L.L.U.
L.L.D.
L.L.U.
D.R.D.
l.L.U.
U.R.D.
D.L.u.
U.d.D.
d...D.
R...D.
R...D.
R...D.
R...l.
R...D.
R...u.
R...L.
R...L.
R...L.
R...L.
R...L.
R...L.
R...L.
R...L.
R...L.
d...L.
L...u.
L.....
L.....
L.....
L.....
L.....
L.....
L.....
L.....
L.....
L.....
L.....
L.....
L.....
L.....
L.....
L.....
d.....
R.....
R.....
R.....
R.....
R.....
R.....
R.....
R.....
R.....
R.....
R.....
R.....
R.....
R.....
R.....
R.....
R.....
R.....
d.....
L.....
L.....
L.....
L.....
L.....
L.....
L.....
L.....
L.....
L.....
L.....
L.....
L.....
L.....
L.....
L.....
L.....
L.....
L.....
D.....
l.....
U.....
d.....
R.....
R.....
R.....
R.....
R.....
R.....
R.....
R.....
R.....
R.....
R.....
R.....
R.....
R.....
R.....
R.....
R.....
R.....
R.....
R.....
d.....
R.....
d.....
L.....
L.....
L.....
L.....
L.....
L.....
L.....
L.....
L.....
L.....
L.....
L.....
L.....
L.....
L.....
L.....
L.....
L.....
L.....
L.....
L.....
L.....
L.....
d.....
R.....
R.....
R.....
R.....
R.....
R.....
R.....
R.....
R.....
R.....
R.....
R.....
R.....
R.....
R.....
R.....
R.....
R.....
R.....
R.....
R.....
R.....
R.....
R.....
d.....
R.....
d.....
L.....
L.....
Score = 1442889
