    Finished `release` profile [optimized] target(s) in 0.05s
warning: the following packages contain code that will be rejected by a future version of Rust: svg v0.10.0
note: to see what the problems were, use the option `--future-incompat-report`, or run `cargo report future-incompatibilities --id 1`
     Running `target/release/tester /Users/linh/code/competitive-programming/atcoder/ahc008/build/a_territory`
rDURURLLDU
DdURURLLDU
rRURURLLDU
DdURURLlDU
rLURuRLDDU
DLDRRRLlDU
rdUDuRLUDU
DRDRLRLUDU
rRURLRLlDU
DRdRurLDDU
RdLRRUlDDu
dLdRRrDDDR
LLRRRDlLDu
rLRRuDUdDL
DLDRLrULDL
DdrRLUlrDu
rLUDLUDUDL
DdDDLUDUDu
rRURuRDUDR
DRdRRRlUDR
rRLRRLUrDR
DRLRRRUUdR
rRLURLUrLu
DRdURRUDdL
rdRUullDRL
DRRRLDUDRL
rdRRLDlLDL
DRRRLDDLrL
rdRrLDDlDu
DLdULlDDuR
rLLrLDDlLR
DLLDulDDLR
rLLDRDDlLR
DLLrRllDuR
rLLURUUlLR
DLLURUUDuu
rLDURUUlRL
DLUrRUURRL
rDdDRRURRL
DlRDuRUrRL
rDRDLrUURL
DDRDLDlURL
rRRrLrDUuL
DRRULDDURU
rDRULrDUUl
DdRULDDUrD
rRdULrDUDu
UdUULDDUuR
URUrUDDrDR
UduDlLDDDR
URLDULlDdR
UduDdlDDLR
URLDUULDdR
URuDUULDLR
UdLDuUUDDR
LRurLUUDlu
.dLDuUUDUD
.RurLUUDdD
.DDDURUrLD
.DDrURLULD
.uLDRrLUdD
.DLrUUlULD
.DLDRrDUdD
.DLrDDlUUD
.DdDLLDUUD
.DRrLLDLRD
.DRDDDlLRD
.DRRDDDlRD
.DRdDDlDRD
.DRRDDDDRD
.DRUd.lDRL
.DRUU.RDRL
.LRUR.RRuL
.LRUR.rDDL
.LDU..DDDU
.LUU..rDLU
.UDU..DRdU
.UUU..rrLL
.UDU..UULL
.LrU..UULL
.LUR..UULL
.Ld...UULL
.LU...UULU
.LU...UULU
.Uu...UUdU
.UL...UULU
.UL...ULdU
.UL...ULUU
.UL...LlUU
.UL...UURU
.UL...UlRU
.Uu...UDRU
.uD...UDRU
.LD...UDRL
.uL...UDRu
.LL...UDRL
.uL...DDRU
..L...DRRl
..d....DRU
..U....DuU
..U....DRR
..u....DuR
..R....RRR
..u....ruR
..R....UDR
..u....UDU
..R....Udu
..u....ULR
..D....Udu
..D....ULR
..R....Udu
..R....LLR
..R.....du
..R.....UR
..R.....Uu
..R.....RR
..R.....Ru
..R.....RR
..R.....Ru
..D.....uD
..r.....RL
..U.....RL
..D.....UL
..U......L
..D.....rL
..U......L
..d......L
..U......L
..L......L
..L......L
.........L
.........L
.........L
.........L
.........L
..........
..........
..........
..........
..........
..........
..........
..........
..........
..........
..........
..........
..........
..........
..........
..........
..........
..........
..........
..........
..........
..........
..........
..........
..........
..........
..........
..........
..........
..........
..........
..........
..........
..........
..........
..........
..........
..........
..........
..........
..........
..........
..........
..........
..........
..........
..........
..........
..........
..........
..........
..........
..........
..........
..........
..........
..........
..........
..........
..........
..........
..........
..........
..........
..........
..........
..........
..........
..........
..........
..........
..........
..........
..........
..........
..........
..........
..........
..........
..........
..........
..........
..........
..........
..........
..........
..........
..........
..........
..........
..........
..........
..........
..........
..........
..........
..........
..........
..........
..........
..........
..........
..........
..........
..........
..........
..........
..........
..........
..........
..........
..........
..........
..........
..........
..........
..........
..........
..........
..........
..........
..........
..........
..........
..........
..........
..........
..........
..........
..........
..........
..........
..........
..........
..........
..........
..........
..........
..........
..........
..........
..........
..........
..........
..........
..........
..........
..........
..........
..........
..........
..........
..........
..........
..........
..........
..........
..........
..........
..........
..........
..........
..........
..........
..........
Score = 1460352
