    Finished `release` profile [optimized] target(s) in 0.02s
warning: the following packages contain code that will be rejected by a future version of Rust: svg v0.10.0
note: to see what the problems were, use the option `--future-incompat-report`, or run `cargo report future-incompatibilities --id 1`
     Running `target/release/tester /Users/linh/code/competitive-programming/atcoder/ahc008/build/a_territory`
ULuRu
ULLRd
ULuRL
ULRRr
rLRrU
lLuDU
ULLrr
dLLUD
RLLUD
RlurD
dURDD
LlRDr
LDRDU
LDRrU
LluUU
dULUU
LULUU
dULUR
RlLru
RDLDL
RDuDr
RDRDD
RDRDD
RlRDD
dDRrD
LlRUD
LDRUD
LluUr
LDLUD
LlLUr
LDLUD
LlLrr
dDLDU
RlLDU
RDLDU
RluDU
RDRDU
RlRDU
RRRDU
RRRrU
RRRUU
dRRUU
LDRUr
LDRUU
LLuUr
LLLUD
LLLUD
LLLUD
LlDrD
LDLDD
LlDDD
dDLDD
RLLDD
RdUDD
RLUDD
RrLDD
RDLDD
RLLDr
RDuRD
RDDdr
RDDRU
RDDlU
dDDDU
LDDDU
LDDLU
LDDdU
LDDLU
LDDrU
LU.UU
LU.UU
LU.UU
LU.UU
LU.UU
LU.UU
dU.Ur
RU.UD
RU.UD
RU.UD
RU.UD
RU.UD
RL.rD
RL.UD
R..rL
R...L
R...L
R...L
R...L
d...l
L...D
L...l
L...D
L...l
L...D
L...l
L...D
L...l
L...D
L...l
L...D
L...l
L...D
d...D
U...l
R...R
R...R
R...R
U...R
U...R
U...r
U...U
u...U
R...U
u...U
R...U
u...U
R...U
u...U
R...U
u...L
D...L
D...L
D...L
D...L
L...l
L...U
L...l
L...U
L...U
L...l
D...U
L...l
L...U
d...l
L...U
d...l
L...U
d...l
U...R
R...R
R...R
R...R
R...R
R...r
R...U
U...r
U...U
U...r
U...U
R...R
R...u
R...R
R...l
R...D
u...D
D...D
D...D
L...D
L...D
L...D
....D
....D
....D
....D
....D
....D
....D
....D
....D
....D
....D
....D
....R
....R
....R
....R
....D
....D
....L
....L
....L
....L
....l
....D
....l
....D
....l
....D
....l
....U
....U
....U
....R
....R
....R
....R
....U
....U
....U
....U
....U
....U
....U
....U
....U
....U
....U
....U
....U
....U
....U
....U
....U
....U
....U
....U
....U
....U
....U
....L
....L
....L
....L
....l
....D
....D
....D
....D
....D
....D
....D
....D
....D
....D
....D
....D
....D
....D
....D
....D
....D
....D
....D
....D
....D
....R
....R
....R
....R
....D
....D
....D
....D
....D
....D
....L
....L
....L
....L
....l
....U
....U
....U
....U
....R
....R
....R
....R
....U
....U
....U
....U
....U
....U
....U
....U
....U
....U
....U
....U
....U
....U
....U
....U
....U
....U
....U
....U
....U
....U
....U
....U
....L
....L
....L
....L
....l
....U
....l
.....
.....
Score = 1288021
