    Finished `release` profile [optimized] target(s) in 0.09s
warning: the following packages contain code that will be rejected by a future version of Rust: svg v0.10.0
note: to see what the problems were, use the option `--future-incompat-report`, or run `cargo report future-incompatibilities --id 1`
     Running `target/release/tester /Users/linh/code/competitive-programming/atcoder/ahc008/build/a_territory`
RDLLUr
RdLLUD
rLLLur
LdLLRU
LRlluU
LRUDLr
LdlLLD
lRDduD
UdDLRD
lRlRRr
RdDLRU
RRlruU
RdDULU
RRLULU
RdRrLr
URlULD
DdRrUD
URRUlD
uDDrUD
DUDDdD
uDLDRr
LULDRU
RDlDRU
LUDDRU
rDlDRU
DUDrdU
DdlDLU
RRDrLR
LdlDLu
rRDrLR
LdlDLl
LRDrLD
LdlDLD
LRDrdD
ldlDLD
DRDrdD
ldlDUR
RRDrUD
RdlDUD
RRDrUD
RdlDuD
rRDrRD
UdlDuD
URDrRD
UdlDuD
URDrRU
LDlUuU
LrDURU
LUlUuU
LDDURU
lUlUuU
DdDUDR
DRlUD.
DRDUD.
DdlUD.
DRDUL.
ldlUL.
RRDUL.
RdlUL.
RRDUL.
RdlUL.
rRDLd.
UdlLL.
URD.D.
Udl.l.
URD.U.
Udl.D.
URD.U.
Ldl.d.
LR..U.
Ld..U.
LR..U.
ld..U.
UU..u.
lU..R.
RL..u.
RL..R.
RL..R.
RL..R.
rL..R.
UL..R.
rL..R.
LL..R.
LL..U.
LL..r.
LL..D.
LL..U.
uL..D.
LL..u.
rL..D.
U...D.
U...D.
r...D.
U...L.
r...L.
U...L.
r...L.
U...L.
r...L.
L...L.
U...L.
U...L.
R...L.
R...d.
u...U.
R...U.
l...U.
R...U.
R...R.
....u.
....R.
....R.
....R.
....R.
....R.
....R.
....R.
....R.
....R.
....R.
....R.
....u.
....D.
....D.
....L.
....L.
....L.
....L.
....L.
....L.
....L.
....L.
....L.
....L.
....L.
....D.
....D.
....L.
....L.
....d.
....L.
....d.
....L.
....d.
....L.
....d.
....L.
....d.
....U.
....U.
....U.
....U.
....u.
....R.
....u.
....R.
....u.
....R.
....u.
....R.
....u.
....R.
....u.
....D.
....D.
....D.
....D.
....L.
....L.
....L.
....L.
....L.
....L.
....d.
....U.
....U.
....R.
....R.
....R.
......
......
......
......
......
......
......
......
......
......
......
......
......
......
......
......
......
......
......
......
......
......
......
......
......
......
......
......
......
......
......
......
......
......
......
......
......
......
......
......
......
......
......
......
......
......
......
......
......
......
......
......
......
......
......
......
......
......
......
......
......
......
......
......
......
......
......
......
......
......
......
......
......
......
......
......
......
......
......
......
......
......
......
......
......
......
......
......
......
......
......
......
......
......
......
......
......
......
......
......
......
......
......
......
......
......
......
......
......
......
......
......
......
......
......
......
......
......
......
......
......
Score = 1100116
