    Finished `release` profile [optimized] target(s) in 0.02s
warning: the following packages contain code that will be rejected by a future version of Rust: svg v0.10.0
note: to see what the problems were, use the option `--future-incompat-report`, or run `cargo report future-incompatibilities --id 1`
     Running `target/release/tester /Users/linh/code/competitive-programming/atcoder/ahc008/build/a_territory`
UUULULDRL
UuULULDRl
ULULULDRD
uuULULDRl
RRULULdRU
uRULULLRU
LuULULdRL
LLULULRRL
uLULULRRr
RLULULdRD
RuULULLRD
RRULULLRD
uRULuLLRr
LRULRLdrU
LRUluLRUU
LuUULLRrU
LLUlLLRUU
uLRDuLRrr
RLUDLLdUD
RLUlulLrD
RLUURULUD
RuuURlLrD
RRLURDLUD
uRulRDLrr
LRLDuldUU
LRuDLDRrU
LRRDLlRUU
LRRDLDRrU
LuRlLlLUU
LLuDLRLrU
uLLluDLUR
RLLDRDLRL
RLLlRDdRr
RLLDRDLDD
RLulRDdDD
RLRDRD.DD
RURlRD.DL
RDRDuD.DL
uuRlLD.Dl
LRRDLD.DD
LRUlLL.Dl
LRUDLl.DD
LRdlLU.RD
LRLDLl.RD
LRLlLU.Rl
LRLDUl.rR
LRLlUU.UR
uuLDdl.rr
LRLlRU.UU
uudDRl.rU
RRLlRU.UU
RudDRl.rU
RRLlRU.UU
RudDRl.rU
RRLlRU.UU
RuDDRl.rU
RRlldU..r
RuU.Ul..U
RRd.LD..r
RuL.LD..D
uDL.LD..D
R.d.LD..D
u.L.LD..D
R.d.LD..D
u.L.LD..D
R.d.LD..D
u.L.LD..D
..d.Ll..D
..L.LD..D
..d.Ll..R
..L.LD..d
..d.Ll..L
..L.LD..r
..d.Ll..U
..L.LD..U
..d.Ll..U
..L.LD..U
..d.LL..U
..L.UL..U
..D.UU..L
..l.lU..L
..U.rU..l
..d.UU..D
..U.RU..D
..L.RU..D
..L.dL..l
..D.R...U
..d.d...U
..U.R...U
..R.d...U
..R.R...l
..R.d...U
..R.R...l
..R.d...U
..R.R...l
..R.d...U
....R...l
....d...U
....R...R
....d...R
....R...r
....d...D
....R...D
....d...D
....R...D
....d...D
....R...D
....d...D
....R...D
....d...D
....R...L
....d...L
....R...l
....d...D
........D
........l
........D
........l
........D
........l
........R
........R
........r
........U
........U
........U
........U
........U
........U
........U
........U
........U
........U
........U
........U
........U
........U
........r
........D
........D
........D
........D
........D
........D
........D
........D
........D
........D
........D
........D
........D
........D
........D
........r
........U
........U
........U
........U
........U
........U
........U
........U
........U
........U
........U
........U
........U
........U
........U
........L
........L
........l
........U
........l
........U
........l
........R
........R
........r
........U
........r
........D
........L
........L
........D
........D
........D
........L
........R
........L
........R
........l
........D
........D
........D
........D
........D
........D
........R
.........
.........
.........
.........
.........
.........
.........
.........
.........
.........
.........
.........
.........
.........
.........
.........
.........
.........
.........
.........
.........
.........
.........
.........
.........
.........
.........
.........
.........
.........
.........
.........
.........
.........
.........
.........
.........
.........
.........
.........
.........
.........
.........
.........
.........
.........
.........
.........
.........
.........
.........
.........
.........
.........
.........
.........
.........
.........
.........
.........
.........
.........
.........
.........
.........
.........
.........
.........
.........
.........
.........
.........
.........
.........
.........
.........
.........
.........
.........
.........
.........
.........
.........
.........
.........
.........
.........
.........
.........
.........
.........
.........
.........
.........
.........
.........
.........
.........
.........
.........
.........
Score = 2861108
