    Finished `release` profile [optimized] target(s) in 0.16s
warning: the following packages contain code that will be rejected by a future version of Rust: svg v0.10.0
note: to see what the problems were, use the option `--future-incompat-report`, or run `cargo report future-incompatibilities --id 1`
     Running `target/release/tester /Users/linh/code/competitive-programming/atcoder/ahc008/build/a_territory`
lULDULL
DULDULL
lulDULl
UDRDULU
UDRDUll
LDRDUDD
UDRDULD
udrDULl
dRUDUrU
RdrDUUU
LLLdUUU
RLLLUrl
ldLdUDD
DULRUDD
DUlRUDD
DUDdUrD
DUDLUUl
lRlLUUU
URRLUUU
UuRdUUU
RLRRURU
RLRRUuU
RurRULl
rDURurD
DDUDRDD
rDUDuDD
DDrULDD
rRLDLDD
DRLUuDD
rRLrRrl
LdLURLU
LLLdRDU
LLuRuDU
lLRRLDU
ULLDLDU
UdRULDU
UULDLDU
UURrUDl
RULUUDD
RURddRD
RulURrD
rRDURDD
DRDRRrD
URDRR.D
URDRR.D
UuLDd.D
rDdDR.l
UDRDd.U
rDlrL.U
UDRDL.U
rRRDL.U
UdRRL.U
rLRUL.U
ULrRL.U
rLDUL.U
ULrRL.U
ULUrD.l
ULUUU.U
LdUdD.l
LUURl.U
.UURU.l
.UUdD.R
.URRU.R
.uudd.R
.RLRR.R
.RRdR.U
.RLRR.U
.RRdR.L
.RLRR.L
.RrdR.U
.uULR.L
.DLLR.L
.DLLR.l
.DLLd.U
.DLLR.L
.RlLd.u
.dDLU.L
.LDdU.r
.LDLL.D
.LDLL.L
.LDdL.U
.LD.L.L
.LD.L..
.UD.L..
.Ul.L..
.LR.L..
.LR.L..
.LR.L..
.LR.D..
.Lr.D..
.LU.L..
..U.L..
..U.d..
..U.U..
..U.U..
..L.R..
..L.R..
..L.R..
..U.R..
..U.D..
..U.D..
..U.R..
..R.R..
..R.R..
..R.R..
..r.R..
..L.R..
..L.R..
..L.R..
..L.R..
..l.d..
..D.U..
..D.U..
..D.U..
..D.L..
..D.L..
..D.L..
..D.L..
..D.L..
..D.L..
..D.L..
..l.L..
..R.L..
..R.L..
..R.L..
..R.D..
..r.D..
..U.D..
..U.L..
..U.L..
..U.L..
..U.D..
..U.U..
..L.D..
..L.l..
..L.U..
..U.D..
..U.U..
..U.d..
..U.U..
..U.U..
..L.U..
..l.R..
..R.R..
..R.R..
..R.R..
..R.R..
..r.D..
....D..
....D..
....R..
....R..
....R..
....R..
....R..
....R..
....R..
....R..
....R..
....R..
....d..
....R..
....D..
.......
.......
.......
.......
.......
.......
.......
.......
.......
.......
.......
.......
.......
.......
.......
.......
.......
.......
.......
.......
.......
.......
.......
.......
.......
.......
.......
.......
.......
.......
.......
.......
.......
.......
.......
.......
.......
.......
.......
.......
.......
.......
.......
.......
.......
.......
.......
.......
.......
.......
.......
.......
.......
.......
.......
.......
.......
.......
.......
.......
.......
.......
.......
.......
.......
.......
.......
.......
.......
.......
.......
.......
.......
.......
.......
.......
.......
.......
.......
.......
.......
.......
.......
.......
.......
.......
.......
.......
.......
.......
.......
.......
.......
.......
.......
.......
.......
.......
.......
.......
.......
.......
.......
.......
.......
.......
.......
.......
.......
.......
.......
.......
.......
.......
.......
.......
.......
.......
.......
.......
.......
.......
.......
.......
.......
.......
.......
.......
.......
.......
.......
.......
.......
.......
.......
.......
.......
Score = 704890
