    Finished `release` profile [optimized] target(s) in 3.83s
warning: the following packages contain code that will be rejected by a future version of Rust: svg v0.10.0
note: to see what the problems were, use the option `--future-incompat-report`, or run `cargo report future-incompatibilities --id 1`
     Running `target/release/tester /Users/linh/code/competitive-programming/atcoder/ahc008/build/a_territory`
RUULlDL
rUUlrdL
DUUDDLd
rUUludu
UUUURRL
UUURRRr
ruURudU
URURLRU
ruUrLdr
DLUULLD
DLUrLLD
DuULuLD
DRLLRLD
rRLLRdr
DRLlRLU
ruUDRdU
trying to move to an impassible square (turn 16)
Score = 0
