    Finished `release` profile [optimized] target(s) in 0.51s
warning: the following packages contain code that will be rejected by a future version of Rust: svg v0.10.0
note: to see what the problems were, use the option `--future-incompat-report`, or run `cargo report future-incompatibilities --id 1`
     Running `target/release/tester /Users/linh/code/competitive-programming/atcoder/ahc008/build/a_territory`
uRUUUUR
RRUUUUR
uRUUluU
LRUUrLR
LRUUDuR
uRUUuRR
RRUUDRR
RRUUDuR
RRUUDLR
uRUUdLR
LRUURLR
LRUUduR
LRUuURR
LRULURR
uRUuURR
DruRLRR
DDRRLuR
DruuLLD
dULLuLR
RULLRLR
dRuLRLR
RuRuRLr
dRRRRuD
UlRRULr
UUuRDuU
UULRULU
RlLuDur
RULLULD
RlLLruD
uUuLDLD
LlLLuur
LUuLDLU
LlRuDuU
LURRDLU
LlRRduU
LURRLLr
ulRRLuD
LURRLLD
uLuRduD
DuLuLLD
DLLLduD
RrLLULr
RDLLUuU
DDLLULU
RDLLLuU
RDLLULU
RDULluU
dDUuDLU
UDDRuur
UDURDLD
UDdRDuU
LDURDDL
LLURdDL
LLURRDL
LDuRRRL
LDRRRRL
LRuuRU.
DRR.RR.
Lru.RR.
LDR.DR.
Lru.rR.
.DR.UR.
.ru.DR.
..D.UR.
..D.dR.
..D.UR.
..L.UR.
..L.UR.
..L.RR.
..L.u..
..L.D..
..d.D..
..U.D..
..U.L..
..U.L..
..u.L..
..R.L..
..R.L..
..R.L..
..R.L..
..R.L..
..R.d..
..u.U..
..D.U..
..D.U..
..D.L..
..L.u..
..L.R..
..L.R..
..L.R..
..L.R..
..L.R..
..L.R..
..L.R..
..d.R..
..U.R..
..U.R..
..U.U..
..R.D..
..R.u..
..R.D..
..R.D..
..R.D..
..R.D..
..R.U..
..R.d..
..R.U..
..u.U..
..D.U..
..D.R..
..D.u..
..L.L..
..L.L..
..L.L..
..L.L..
..L.L..
..L.L..
..L.L..
..L.L..
..L.L..
..L.L..
..d.L..
..U.L..
..U.u..
..U.D..
..u.D..
..R.D..
..u.d..
..R.R..
..u.d..
..R.L..
..R.L..
..R.d..
..R.L..
..R.d..
..R.L..
..R.d..
..R.L..
..R.D..
..u.D..
..D.R..
..D.R..
..D.R..
..L.R..
..L.R..
..L.R..
..L.R..
..L.R..
..L.R..
..L.R..
..L.R..
..L.R..
..L.R..
..L.R..
..L.R..
..d.R..
..L.U..
..d.r..
..L.D..
..d.U..
..L.D..
..D.U..
..U.D..
..D.U..
..l.D..
..U.U..
..d.D..
..U.U..
..U.D..
..U.U..
..u.D..
..R.U..
..U.D..
..R.U..
..R.D..
..D.U..
..u.D..
..D.U..
..D.D..
..D.U..
..L.D..
..L.U..
..L.D..
..L.U..
..L.D..
..d.U..
..U.D..
..U.U..
..U.D..
..u.U..
..R.D..
..u.U..
..R.D..
..R.U..
..u.D..
..R.U..
..u.D..
..D.U..
..D.D..
..D.U..
..L.D..
..L.U..
..L.D..
..L.U..
..L.D..
..d.U..
..L.D..
..d.U..
..L.D..
..D.U..
..U.D..
..d.U..
..L.D..
..d.U..
..L.D..
..d.U..
..U.D..
..U.U..
..U.D..
..u.U..
..R.D..
..u.U..
..R.D..
..u.U..
..R.D..
..u.U..
..R.D..
..u.U..
..D.D..
..D.U..
..D.D..
..L.U..
..L.D..
..L.U..
..L.D..
..L.U..
..d.D..
..L.U..
..D.D..
..U.U..
..D.D..
..U.U..
..d.D..
..L.U..
..D.D..
..l.U..
..U.D..
..d.U..
..L.D..
..L.U..
..d.D..
..L.U..
..d.D..
..U.U..
..U.D..
..U.U..
..u.D..
..R.U..
..u.D..
..R.U..
..u.D..
..R.U..
..u.D..
..R.U..
..u.D..
..R.U..
..u.D..
..D.U..
..D.D..
..D.U..
..L.D..
..L.U..
..L.D..
..L.U..
..L.D..
..L.U..
..d.D..
..U.U..
..U.D..
..U.U..
..u.D..
..D.U..
..R.D..
..R.U..
..R.D..
..R.U..
..R.D..
..R.U..
..R.D..
..R.U..
..R.D..
..R.U..
..R.D..
..R.U..
..R.D..
..R.U..
....D..
....U..
....D..
....U..
Score = 7894841
