    Finished `release` profile [optimized] target(s) in 1.46s
warning: the following packages contain code that will be rejected by a future version of Rust: svg v0.10.0
note: to see what the problems were, use the option `--future-incompat-report`, or run `cargo report future-incompatibilities --id 1`
     Running `target/release/tester /Users/linh/code/competitive-programming/atcoder/ahc008/build/a_territory`
DLURR
DLUrR
DLUDR
DLUrR
DLUUR
DlUUR
DUUrR
DLUDR
DuUDR
DLUDR
Drurr
DDRUD
DDuUr
DrLUU
DDLUU
drurr
RULDD
dUuDD
LURDD
LURDr
dURDU
RrRRU
RDuRU
RDRlU
dDuUR
LDRUU
LDuUD
LDRUU
LrUUd
dUrUU
LUDlD
DUuDU
lURDu
DURDd
uUuDL
LURDD
LruDD
UDRDD
DDRLD
UDuRD
DDRLD
UDUdD
lDURr
DDUlD
uDURR
LrUUR
LUUUl
uUUUU
LUUUU
uULUU
LULUU
uUrUU
LULUU
LUrUU
UUlLU
DrDll
UDuRU
DDDDU
UDLDl
lDLDU
DDLDl
UDLDU
DDLDl
uDUDU
LDUDl
LDlDU
uRUDl
LddDU
uLLLl
LrLlU
UUdUl
lLLUU
DLdRl
uLLUU
LLdUl
LLLUU
uUdUl
trying to move to an impassible square (turn 77)
Score = 0
