    Finished `release` profile [optimized] target(s) in 0.16s
warning: the following packages contain code that will be rejected by a future version of Rust: svg v0.10.0
note: to see what the problems were, use the option `--future-incompat-report`, or run `cargo report future-incompatibilities --id 1`
     Running `target/release/tester /Users/linh/code/competitive-programming/atcoder/ahc008/build/a_territory`
RUUDr
RUUDU
rUUDr
UUUrD
rUUlD
DUUDr
DUuuU
rURRU
DUURU
ruUur
ULDLD
UurLD
URULD
URdLD
ruLur
DRLRU
DudRU
DRLRU
DUdRU
DrLRU
rUdUr
UdRrD
URRDD
URRuD
UdRLD
URRLD
UdRLD
rUdLr
DLRLU
DLdLU
UULuU
UULLU
UULuU
rULRU
UuLRU
rLLRr
UuLRU
rLLRr
UudRU
rLLRr
UudRD
RLLRD
uUduD
RlLLD
DDdLL
DuLL.
DDdL.
DDLL.
DDdL.
DDLL.
DDdL.
DRLL.
DRdL.
DRLu.
DRdL.
DRLu.
lRdR.
DRLR.
lddR.
DRLR.
lddR.
RRUR.
RdUR.
RRUR.
DdUR.
DRRR.
LdRR.
LRRR.
LdRu.
lRRR.
RdRu.
RURD.
RURL.
RURL.
RURL.
UURL.
UURL.
UlUL.
UUuU.
ULRL.
ULuL.
UdRL.
ULuL.
UdRL.
ULuL.
UdRL.
ULuL.
UdRu.
ULuD.
UdRR.
ULuR.
LdRR.
LRuR.
LRDR.
LRDR.
LRDR.
lRDR.
DRDR.
DRLR.
DdLU.
DRLR.
DdLR.
DRLR.
DdLR.
DRLR.
DdLU.
DRLD.
DdLU.
DRLD.
DdLu.
URUD.
UdUL.
URUL.
UdRL.
URRL.
UdRL.
URRL.
Rd.L.
RR.U.
.d.L.
.R.L.
.d.L.
.R.L.
.d.L.
.R.L.
.d.L.
.R.L.
.D.L.
.r.u.
.D.L.
.u.u.
.L.L.
.L.u.
.L.L.
.L.u.
.L.L.
.L.u.
.D.L.
.D.u.
.L.L.
.L.u.
.L.L.
.L.u.
.L.L.
.L.u.
.L.L.
.L.u.
...L.
...U.
...D.
...U.
...D.
...u.
...L.
...U.
...l.
...D.
...U.
...D.
...u.
...L.
...L.
...u.
...D.
...D.
...R.
...R.
...R.
...R.
...R.
...R.
...R.
...R.
...R.
...R.
...R.
...R.
...R.
...R.
.....
.....
.....
.....
.....
.....
.....
.....
.....
.....
.....
.....
.....
.....
.....
.....
.....
.....
.....
.....
.....
.....
.....
.....
.....
.....
.....
.....
.....
.....
.....
.....
.....
.....
.....
.....
.....
.....
.....
.....
.....
.....
.....
.....
.....
.....
.....
.....
.....
.....
.....
.....
.....
.....
.....
.....
.....
.....
.....
.....
.....
.....
.....
.....
.....
.....
.....
.....
.....
.....
.....
.....
.....
.....
.....
.....
.....
.....
.....
.....
.....
.....
.....
.....
.....
.....
.....
.....
.....
.....
.....
.....
.....
.....
.....
.....
.....
.....
.....
.....
.....
.....
.....
.....
.....
.....
.....
.....
.....
.....
.....
.....
.....
.....
.....
.....
.....
.....
.....
.....
.....
Score = 927083
