    Blocking waiting for file lock on package cache
    Blocking waiting for file lock on package cache
    Finished `release` profile [optimized] target(s) in 1.21s
warning: the following packages contain code that will be rejected by a future version of Rust: svg v0.10.0
note: to see what the problems were, use the option `--future-incompat-report`, or run `cargo report future-incompatibilities --id 1`
     Running `target/release/tester /Users/linh/code/competitive-programming/atcoder/ahc008/build/a_territory`
DuLDR
DLLDR
DuLDR
DRLdR
dRLRR
RuLdR
dLLRR
LLLdR
LLLRR
duLdR
LRLRR
dRLdR
LRLRR
dRLdR
LuLRR
dLLdr
LLLRD
dLLdr
LLLRU
dLLdU
LulRr
dRUdD
LRlRD
dRDDD
LRDRr
dRllU
LRUrU
duUUU
LLUdU
dLlRr
LLDRU
dLDdr
LLDRD
dLDdD
LLlRD
duUdD
LRURD
dRUdD
LRURr
dRUdU
LRlRU
dRDdU
LRDRU
dRDdU
LuDRU
dDDdU
LDDRr
dDldD
LDDRD
dDldD
LDDRD
dDLdD
LDLRD
dLRdD
LLdRD
dLLDr
LLrrU
dDDDU
LDDDU
dLrDU
LDDDU
dLRLU
LLdLU
dURLU
.UlDU
.UUDr
.UUdD
.UULD
.UUdL
.UULL
.UUdL
.UULD
.UUDD
.UUlD
.LUDD
.LUuD
.uRDD
.DRDD
.DRDD
.DRDR
.DRDR
.DRDR
.DUDr
.DRLD
.DRLr
.DRLD
.DRLr
.DRLD
.DRLr
.DRLU
.RRLU
.RRLU
.RRLU
.RRLU
.URLU
.UULU
.UULU
.ULUU
.ULUL
.ULUL
.ULUL
.ULUL
.ULUL
.ULUU
.ULuU
.ULLU
.ULuU
.RLLU
.RLuR
.RLLR
.RLuR
.RLLR
.RLuR
.uLLR
.DLuu
.UlDR
.RUDl
.uLDU
.RuDU
.uRDl
..lDR
..UDU
..URU
..lRL
..URl
..lRR
...RD
...RD
...RD
...UD
...UD
...UD
...UD
...UD
...UD
...UD
...uR
...R.
...U.
...r.
...U.
...d.
...R.
...R.
...d.
...R.
...d.
...R.
...D.
...U.
...D.
...r.
...U.
...d.
...R.
...R.
...D.
...U.
...d.
...R.
...d.
...R.
...d.
...R.
...d.
...U.
...U.
...U.
...L.
...L.
...L.
.....
.....
.....
.....
.....
.....
.....
.....
.....
.....
.....
.....
.....
.....
.....
.....
.....
.....
.....
.....
.....
.....
.....
.....
.....
.....
.....
.....
.....
.....
.....
.....
.....
.....
.....
.....
.....
.....
.....
.....
.....
.....
.....
.....
.....
.....
.....
.....
.....
.....
.....
.....
.....
.....
.....
.....
.....
.....
.....
.....
.....
.....
.....
.....
.....
.....
.....
.....
.....
.....
.....
.....
.....
.....
.....
.....
.....
.....
.....
.....
.....
.....
.....
.....
.....
.....
.....
.....
.....
.....
.....
.....
.....
.....
.....
.....
.....
.....
.....
.....
.....
.....
.....
.....
.....
.....
.....
.....
.....
.....
.....
.....
.....
.....
.....
.....
.....
.....
.....
.....
.....
.....
.....
.....
.....
.....
.....
.....
.....
Score = 8774913
