    Blocking waiting for file lock on package cache
    Blocking waiting for file lock on package cache
    Finished `release` profile [optimized] target(s) in 0.12s
warning: the following packages contain code that will be rejected by a future version of Rust: svg v0.10.0
note: to see what the problems were, use the option `--future-incompat-report`, or run `cargo report future-incompatibilities --id 1`
     Running `target/release/tester /Users/linh/code/competitive-programming/atcoder/ahc008/build/a_territory`
RUuUDL
RUdUDL
RULUDL
RUruDL
RuDRDL
RLDuDL
RUrRrL
RUUuDL
RdURUL
RRUulL
RRURDL
RdruuL
RLDRLl
rLDuLD
ULDRul
rdDULU
DRDruU
DRrULl
rRUduD
URUULD
UdUUuD
ULUUDl
rLUUDU
DLUuDU
DLRLDU
DLLuDU
DdRLll
rRLurU
URrLDl
URDuuD
URDLRD
URDuRD
LRDLuD
UDDuRD
UrDLuD
RUDuRl
rDRDUU
LUdDrU
DdLDDU
DLrDuU
DLURLU
DLURLU
DLURLU
DLURLL
LLURLu
DLURLL
DdURUr
RLURUD
RdrdUD
RRURUD
.RrdUD
.RUUUL
.RrUuL
dRLURL
.RLUuL
.RLuDl
.RULDU
.RUUDl
.RRlDU
.dRULl
.LRddU
.LrULl
.UUUdU
.LrLLl
.UULdU
.LrULl
.UUUdU
.LrULl
.UUUdR
.LRULR
.LRUDR
.LDRDR
.DDRRR
.DDRRU
.DDRRu
.DRRRd
.LRDRL
.LRDRR
.LRDRL
.DRDRr
.lRRRD
.URRRD
.dDRRD
.UDRRD
.UDRRD
.UDRuD
.UDRLD
.RDDLD
.RDDLL
.RDDLL
.RDDLL
.RDdLL
.DDLLl
.DDdLD
.DDLLl
.DLdLU
.RLLLU
.RLdLU
.RLLLU
.RDduU
.RLL.U
.RLd.U
.RLL.U
.dld.U
.R.L.l
.D.d.R
.U.R.U
.D.R.U
.r.R.R
.U.R.R
.d.R.R
.U.R.r
.U.R.D
.U.R.D
.U.d.D
.L.R.D
.L.d.D
.L.R.D
.L.d.D
.L.R.D
.L.d.D
.L.R.D
.L.d.D
.L.R.D
.L.d.L
.D.R.L
.D.d.L
.D.R.L
.D.d.l
.L.R.U
.L.D.U
.L.r.U
.L.D.U
.L.D.U
.d.D.U
.L.L.U
.d.L.U
.U.L.U
.U.L.U
.U.D.R
.U.L.U
.R.L.U
.R.L.U
.R.D.R
.R.d.R
.R.L.R
.R.d.r
.R.L.U
.R.d.r
.D.L.U
.D.d.r
.D.U.U
.D.L.R
.R.L.u
.R.L.L
.R.D.R
.R.d.L
.R.L.R
.R.d.L
.R.L.R
.R.d.L
.R.L.R
.R.d.L
.d.U.R
.U.R.L
.U.R.R
.U.R.L
.U.R.r
trying to move to an impassible square (turn 168)
Score = 0
