    Finished `release` profile [optimized] target(s) in 0.03s
warning: the following packages contain code that will be rejected by a future version of Rust: svg v0.10.0
note: to see what the problems were, use the option `--future-incompat-report`, or run `cargo report future-incompatibilities --id 1`
     Running `target/release/tester /Users/linh/code/competitive-programming/atcoder/ahc008/build/a_territory`
UDlULluU
UDDuLrdU
UDlRLDLU
UDUuLUrR
UDULLDUU
UDlLLUUU
UDDuLDRU
UDDRLuUU
UDDRlLuU
UDlRULdU
UDUuluLU
UDURDRru
UdUuDRDL
ULURlRDu
UdluURDL
ULDRUuDU
UDDuULDU
UlDRlLrd
UDDuDLDR
UuDRDLrR
uDluDLDR
LDURDurd
udUulDUL
RRURURUL
RdUuURUL
uRURURUL
LdUuURUd
LUlRURUR
LUDulRUR
uLDRDRUR
RLDuDRUR
RLDRDUrR
RLDuDuDd
RuDRDRDL
uLDuDuDL
LUlRlRDL
LDUuUuDL
LUURURLL
LDUuUuLL
LUU.URLd
uDU.UulL
RUU.URUd
RDU.UulU
RUU.lRUU
RDl.DulU
RUU.DRUu
RDl.DulR
uuU.DRUu
LLl.DulR
LUU.DRUu
Lll.DulR
LDU.DRUu
LUl.lulR
LDU.URRu
Lul.UuRD
uDU.URRD
RDl.UurD
RdD.URDL
RRD.UuDL
RDD.URDL
RrD.UuDL
RUD.URDL
RdD.luDd
RRD.DRDL
uRD.DuLd
LdD.DRLL
LUD.DuLd
LUD.DRlL
LLD.DuUd
LLD.DRUL
LLD.DuUd
LLD.DRUL
LLl.DuUd
LuD.lDUU
uLl.DDUU
RUD.lDUU
RDl.DdRL
RUD.lLRu
RDl.DdRR
RU..l.RD
R...D.LR
Rl..l.RR
R...D.uR
R...l.LR
R...D.rR
u...l.DR
L...D.DR
L...l.DR
L.....DR
L.....DR
L.....D.
L.....D.
L.....D.
L.....D.
L.....L.
L.....L.
L.....L.
u.....l.
R.....D.
R.....l.
R.....D.
R.....L.
R.......
R.......
R.......
R.......
R.......
R.......
R.......
R.......
u.......
L.......
L.......
L.......
L.......
L.......
L.......
L.......
L.......
L.......
L.......
L.......
L.......
L.......
u.......
R.......
R.......
R.......
R.......
R.......
R.......
R.......
R.......
R.......
R.......
R.......
R.......
R.......
R.......
u.......
R.......
u.......
R.......
u.......
R.......
u.......
........
........
........
........
........
........
........
........
........
........
........
........
........
........
........
........
........
........
........
........
........
........
........
........
........
........
........
........
........
........
........
........
........
........
........
........
........
........
........
........
........
........
........
........
........
........
........
........
........
........
........
........
........
........
........
........
........
........
........
........
........
........
........
........
........
........
........
........
........
........
........
........
........
........
........
........
........
........
........
........
........
........
........
........
........
........
........
........
........
........
........
........
........
........
........
........
........
........
........
........
........
........
........
........
........
........
........
........
........
........
........
........
........
........
........
........
........
........
........
........
........
........
........
........
........
........
........
........
........
........
........
........
........
........
........
........
........
........
........
........
........
........
........
........
........
........
........
........
........
........
........
........
........
........
Score = 2935764
