    Finished `release` profile [optimized] target(s) in 0.42s
warning: the following packages contain code that will be rejected by a future version of Rust: svg v0.10.0
note: to see what the problems were, use the option `--future-incompat-report`, or run `cargo report future-incompatibilities --id 1`
     Running `target/release/tester /Users/linh/code/competitive-programming/atcoder/ahc008/build/a_territory`
LDUuRdRULU
LDURRuRULU
LDUuRLRULU
LDULRrRUuU
LDULRURUdU
LDUuRURULU
LDULRrRlrU
LDUuRDRrDU
LDUDRDRUDU
LDUDRDrdrU
LDUDrDDRUU
LDUrURrRUu
ldUlrdUdUR
ULuUDLURUU
ldRRDrrDrr
DRuRrUDrDU
DRLdUUDDDd
ldLUUUDuDL
ULuUUUrLDL
ULRLrUULDD
ULRLDrULrl
ldRLDDULUU
DRuuDDULUd
DRRDDDruUR
DRuRrLDLUR
DRRRULDuUR
lduRULDRUR
DRDRLuDRrd
LdDRUdDRDL
dLDRLRrRDL
LLDRLlURDL
rLDRLDURDL
DLDRLDURDL
DLDRDDURLL
rLLRDlUuDD
DdLRDDURLU
RLLUDlruLd
trying to move to an impassible square (turn 37)
Score = 0
