    Finished `release` profile [optimized] target(s) in 0.20s
warning: the following packages contain code that will be rejected by a future version of Rust: svg v0.10.0
note: to see what the problems were, use the option `--future-incompat-report`, or run `cargo report future-incompatibilities --id 1`
     Running `target/release/tester /Users/linh/code/competitive-programming/atcoder/ahc008/build/a_territory`
ULUlLll
ULUDLrU
ULUlLUl
ULUUudD
ULUULRD
UlUlRRl
UUUDLdU
UlUDRLU
UDUDLLU
UDUlrLl
UlUUDLD
UUUUrdD
UUUUURD
UUUUURD
UlUlURl
UDUDRRU
UDUDuRU
UDUDLdR
UDUDrLR
UlUDDLR
UUuLDLr
UULLDLU
UUurDLr
uURUrLU
LURUDdr
uluUrLU
RDLUUdr
RDLUURL
uDLUURL
LDurURL
LDRDURl
LDRDURD
ulRDURD
RURDrRD
RUuDDRD
RULDDdD
RULDDRD
uULrDdl
LULUDLU
LULUDLU
LluUDLU
LDRUDLU
LDRUrLU
uDRUULU
RDRUULU
RDRUULl
RDRrULD
RDuDULD
RDLDUdD
RlLDURD
uULDURD
LULDURD
LULDRRD
LULDuRD
LULDLRl
LUuDrRU
LURrDRU
LURUDRU
uURUDRR
RlRUDRR
RDRUDdR
RDRULUr
RDRULUU
RDRULUU
RDuUlUU
RDLUDuU
RDLUlLU
uDLrUur
LDLDULU
LDLDluL
LlLDULL
LULDluL
LULDRLl
LULLUuD
LUuLULD
LULLUuD
LUulULD
uDLUUuU
RDulRDU
RDLRRDU
RDuUrDU
RDDUDDU
RDRUDLL
RDRUDLL
RlRUDLr
RDRRDLD
RlRRDLD
RDRrDLD
UlRUDdD
UDDrDLD
dlDULdD
LDLrLUD
LlLULUD
LDLrlUD
LlLUDUD
LDLrluD
LlLUDRR
LDLrlud
LlDUURL
LDLrUur
LlLDUDD
LDUDUDD
dlUDUDr
LDUDUDD
dlUDRRr
UDuDURD
UlLDURr
RDuDURD
RlLDURR
RDuLURR
RLLLURU
RLu.URU
RrL.URU
RUu.URU
RUL..RR
RUu..RR
RUL..dR
RUu..Lr
.U...LD
.U...Lr
.U...LD
.U...LR
.U...Ld
.U...LR
.L...Ll
.U...LU
.U...LU
.U...LR
.U...LR
.U...LU
.U...LU
.U...LU
.U...dL
.U...UL
.U...Ul
.U...UD
.U...UL
.U...uR
.U...Rl
.U...RR
.R...RR
.r...RD
.U...uD
.r...RD
.U...uD
.r...RD
.U...uD
.r...DL
.D...DL
.D...Dl
.D...U.
.L...L.
.D.....
.D.....
.D.....
.D.....
.D.....
.D.....
.D.....
.D.....
.D.....
.D.....
.D.....
.L.....
.......
.......
.......
.......
.......
.......
.......
.......
.......
.......
.......
.......
.......
.......
.......
.......
.......
.......
.......
.......
.......
.......
.......
.......
.......
.......
.......
.......
.......
.......
.......
.......
.......
.......
.......
.......
.......
.......
.......
.......
.......
.......
.......
.......
.......
.......
.......
.......
.......
.......
.......
.......
.......
.......
.......
.......
.......
.......
.......
.......
.......
.......
.......
.......
.......
.......
.......
.......
.......
.......
.......
.......
.......
.......
.......
.......
.......
.......
.......
.......
.......
.......
.......
.......
.......
.......
.......
.......
.......
.......
.......
.......
.......
.......
.......
.......
.......
.......
.......
.......
.......
.......
.......
.......
.......
.......
.......
.......
.......
.......
.......
.......
.......
.......
.......
.......
.......
.......
.......
.......
.......
.......
.......
.......
.......
.......
.......
.......
.......
.......
.......
.......
.......
.......
.......
.......
Score = 2630704
