    Finished `release` profile [optimized] target(s) in 0.03s
warning: the following packages contain code that will be rejected by a future version of Rust: svg v0.10.0
note: to see what the problems were, use the option `--future-incompat-report`, or run `cargo report future-incompatibilities --id 1`
     Running `target/release/tester /Users/linh/code/competitive-programming/atcoder/ahc008/build/a_territory`
DDuULDR
DDdULDR
DDLULDR
DdrULDR
DLDUlDR
DdDUDdR
DRrUlLR
DRUUUdu
DdUUURd
DLUUlRR
dLUUDdl
LLrUDLD
ddDUDLD
RRDUlLL
RRDUUdR
dRDUURL
LRDUURd
LdruURR
LLURlRl
dLUuDdU
RLULDRU
RLULDdU
RLUuDLU
RdURDLl
dRrRlLU
LRDRULl
LRDUULD
LRDrULD
LRDUUdD
LRDdURD
ddDLURD
RLDLlRD
RLrLURD
RLULlRl
RLUdDRU
RLULDRU
RLUdDdU
DLURDLU
DdURDLU
uRURDLU
LRURDLU
LRrRDLU
LRDRlLl
LRDLDLD
LRDLlLD
LRDLUdD
LRDLURD
udDLURR
RLDLURR
RLDLURR
RLDdURr
RLrUURD
RLUUURr
RLUUURD
RLUuURr
RLURldD
uLUuDRr
LdURDdD
LLUuDRr
LdURDDD
LLUuDDr
LdURDDL
LUruDDL
LRUDDDL
LRrDDdl
LRDDDLU
uRDLDdU
RRDLlLU
RRDLDdU
RRDLLLU
RRDLddU
RRDdLLU
RRDRUdU
RRDRULU
RRDRUdU
RRDRULl
RRDUUdU
uRrRULl
RRDUUdD
uRrRLLD
LDURLdD
LdURLUD
LRURLUD
LdURLUR
LRUDURR
LdUDuRR
LRUddRr
LdURRRD
LRUdlRD
LdUUURD
LRUUURD
LdULlRD
uRULUuD
DdULlDD
DRrDUDr
RdUDlDL
RRrLRRL
UdULURL
RRRLRdl
RduLRUU
RRLLRUU
DdrLrDU
DRDLUDU
DdLLrLU
dRLLDLU
Rd.dDUU
dU.UDUU
RU.UDLU
dL.RDLR
RL.RD.R
dL.RD.U
RL.RD.U
dL..L.U
RL..L.U
DL..L.L
DL..L.L
RL..l.l
trying to move to an impassible square (turn 117)
Score = 0
