    Finished `release` profile [optimized] target(s) in 0.03s
warning: the following packages contain code that will be rejected by a future version of Rust: svg v0.10.0
note: to see what the problems were, use the option `--future-incompat-report`, or run `cargo report future-incompatibilities --id 1`
     Running `target/release/tester /Users/linh/code/competitive-programming/atcoder/ahc008/build/a_territory`
RDRRULULU
RDRRULULU
uDRRULULU
DDRRULULU
dDRRULULU
udRRULULU
RRrRULULU
ldURULULU
ULRRULULU
ULURULULU
UDDRULULU
lDURUlULU
UUuRUDuLu
lldRUlRLR
DDLRUDuLu
DUrRUlLLL
DDDRUDLLL
DUDRUluLu
DDDRUDLlR
DuRRulUDR
lLdRRDUlR
ULRRulDUu
UulRRDUUL
ULDruldlL
UuDDRDRDL
ULLrulRDL
UudURDRDU
ULRUulRll
LulrRDdUU
RLUDulRUd
LuUDDDdUR
RLUD.lUUR
luRr.DUlR
DLRU.lUDR
DUrU.DUDR
DUDU.llDd
DRrU.DUDR
DRUr.lLDd
DRUD.DLlU
DRrD.ldUU
DRDD.DLUu
lRDD.ldUL
URDD.D.Uu
URDr.l.UL
URrU.D.Uu
URLU.l.lL
RRDU.D.Du
RdDU.l.DL
rRLU.D.Du
DdlU.l.DD
rRUr.D.DD
UdUD.l.DL
URUD.D.DL
rdUD.l.lL
DRUD.D.DL
DdUD.l.ld
DRUD.D.DL
DdUD.l.ld
rRRr.D.UR
DdDU.l.UR
rLDU.D.UR
ULDU.l.UR
ULDU.D.UR
rLDU.l.UR
ULDU.D.UR
ULDU.l.UR
ULDU.D.UR
ULDr.l.RR
rLLU.D.Rd
ULlr.l.RU
rLDU...RU
ULlr...Ru
rLDU...RL
.Llr...RL
.LDU...UL
.Llr...UL
.LDU...LL
.dlr...LL
.L.....Lu
.d.....LD
.......LD
.......LR
.......LR
.......lR
........R
........R
........R
........R
........d
........U
........U
........u
........L
........L
........L
........L
........L
........L
........L
........L
........u
........D
........R
........D
........R
........R
........R
........R
........R
........R
........R
........R
........d
........U
........L
........L
........L
........L
........L
.........
.........
.........
.........
.........
.........
.........
.........
.........
.........
.........
.........
.........
.........
.........
.........
.........
.........
.........
.........
.........
.........
.........
.........
.........
.........
.........
.........
.........
.........
.........
.........
.........
.........
.........
.........
.........
.........
.........
.........
.........
.........
.........
.........
.........
.........
.........
.........
.........
.........
.........
.........
.........
.........
.........
.........
.........
.........
.........
.........
.........
.........
.........
.........
.........
.........
.........
.........
.........
.........
.........
.........
.........
.........
.........
.........
.........
.........
.........
.........
.........
.........
.........
.........
.........
.........
.........
.........
.........
.........
.........
.........
.........
.........
.........
.........
.........
.........
.........
.........
.........
.........
.........
.........
.........
.........
.........
.........
.........
.........
.........
.........
.........
.........
.........
.........
.........
.........
.........
.........
.........
.........
.........
.........
.........
.........
.........
.........
.........
.........
.........
.........
.........
.........
.........
.........
.........
.........
.........
.........
.........
.........
.........
.........
.........
.........
.........
.........
.........
.........
.........
.........
.........
.........
.........
.........
.........
.........
.........
.........
.........
.........
.........
.........
.........
.........
.........
.........
.........
.........
.........
.........
.........
.........
.........
.........
.........
.........
.........
.........
.........
Score = 2239487
