    Finished `release` profile [optimized] target(s) in 0.03s
warning: the following packages contain code that will be rejected by a future version of Rust: svg v0.10.0
note: to see what the problems were, use the option `--future-incompat-report`, or run `cargo report future-incompatibilities --id 1`
     Running `target/release/tester /Users/linh/code/competitive-programming/atcoder/ahc008/build/a_territory`
LUDDrLL
LUdDUlL
LURDRUL
LUdDulL
lULDLDL
DULDrDl
lUdDDlU
UUUDDUl
UuUDrUD
lLUDDUD
DuUDrll
DRuDUDU
DRRDUDU
luuLLDU
ULDDLDl
ULDDLlD
ULDDlUD
UuDDUUD
lRLDlRD
DRLDURl
DRdDlRU
DRRdURU
DURRlrU
DrRdRDU
lDRRRrU
UuddRDl
ULRRrDU
ULddDrl
ULLLDLU
ULLLDLl
ULLLDLU
luLLDLl
ULLdDlU
luLRrUl
URdRUUU
lRURUUl
URURLUD
lRURLRD
URRdLRD
lRRLlRD
URRLURD
lRRLUrD
UuDLUU.
lLLLUr.
ULLLUD.
lLLdlD.
ULLRRD.
lLLRRD.
ULLRRr.
lLLRrD.
ULLRDD.
lLLRDr.
UuLRDL.
lL.dDL.
Uu.LDL.
lL.LDL.
Uu.LDl.
lL.LDD.
Uu.Lrl.
lL.LDD.
Uu.Lrl.
lL.LUD.
Uu.dUl.
lL.RUU.
Uu.RUU.
lL.RUR.
UU.RUR.
lU.RUR.
Ud.RUR.
lU.RUr.
UU.RUD.
lR.RrD.
U..dUr.
l..LrD.
U..LUr.
l..LUL.
U..LrL.
l..LDL.
...LDL.
...LDl.
...LDU.
...LDU.
...LDR.
...dDR.
...LDR.
...dDR.
...RDr.
...RDD.
...RDD.
...RDD.
...RLr.
...RLL.
...R.L.
...R.L.
...R.L.
...R.L.
...R.D.
...R.u.
...d.D.
...R.u.
...d.d.
...L.R.
...L.l.
...L.R.
...L.R.
...L.R.
...L.R.
...L.r.
...L.D.
...L.r.
...L.D.
...L.r.
...L.L.
...L.L.
...L.L.
...d.L.
...L.l.
...d.D.
...L.l.
...d.D.
...L.l.
...d.U.
...L.R.
...D.R.
...l.R.
...D.R.
...u.r.
...L.D.
...L.r.
...u.D.
...L.r.
...u.L.
...L.L.
...u.L.
...L.L.
...u.l.
...L.D.
...U.l.
...D.D.
...u.l.
...D.D.
...D.L.
...R.d.
...R.R.
...R.L.
...R.R.
...R.L.
...R.R.
...R.L.
...R.R.
...R.L.
.....R.
.....l.
.....U.
.....U.
.....R.
.....R.
.....R.
.....R.
.....r.
.....D.
.....r.
.....D.
.....r.
.....D.
.....r.
.....D.
.....r.
.....L.
.....L.
.....L.
.....L.
.....l.
.....U.
.....U.
.....U.
.....U.
.....U.
.....U.
.....U.
.....U.
.....U.
.....R.
.....R.
.......
.......
.......
.......
.......
.......
.......
.......
.......
.......
.......
.......
.......
.......
.......
.......
.......
.......
.......
.......
.......
.......
.......
.......
.......
.......
.......
.......
.......
.......
.......
.......
.......
.......
.......
.......
.......
.......
.......
.......
.......
.......
.......
.......
.......
.......
.......
.......
.......
.......
.......
.......
.......
.......
.......
.......
.......
.......
.......
.......
.......
.......
.......
.......
.......
.......
.......
.......
.......
.......
.......
.......
.......
.......
.......
.......
.......
.......
.......
.......
.......
.......
.......
.......
.......
.......
.......
.......
.......
.......
.......
.......
.......
.......
.......
.......
.......
.......
.......
.......
.......
.......
.......
.......
.......
.......
.......
.......
.......
.......
.......
.......
.......
.......
.......
.......
Score = 1287698
