    Finished `release` profile [optimized] target(s) in 0.02s
warning: the following packages contain code that will be rejected by a future version of Rust: svg v0.10.0
note: to see what the problems were, use the option `--future-incompat-report`, or run `cargo report future-incompatibilities --id 1`
     Running `target/release/tester /Users/linh/code/competitive-programming/atcoder/ahc008/build/a_territory`
ULDrURul
UlDUURRD
UDDrURul
uldDURRU
RULDURuU
uUdrUrRl
LlRUUDUD
LDRUUrrD
uDdUUUUD
RDLruUDl
RLLDRrUU
RLLDuDDU
urdDLDUU
LURDLDDU
LURrurUl
LURDRUdD
LURrRUUD
uRdURUUR
RURUUUUR
RDdUUruR
RuLUdDLR
RRLULDuu
RlLULDLd
uDLrLDuL
LDLDLDLr
LDLDdruD
LDdDLUDD
LDRDdUDr
LlRDRUDD
LDRDRURr
uLRDRURL
RRRrRURL
RlRURRRL
RURURURl
RUdURDdU
RULUdURU
RULURDdU
RULUdURU
uULUUddU
LRLULuRU
LRLrLLdl
LULDLDRD
LULDLDdD
LLdDLDUD
LLRDLDUD
LlRDLDUD
LURDLDuD
ulRDLDLD
RURDLDul
RlRDDrLU
RURrdUuU
RlRUUULU
RURUUUuU
RlDUUULU
RUDUuUuU
RlUURULU
RUrUuUuU
ulDURUDl
LUuUurDD
LlLURDDD
LULUuDRR
LlLrRDRR
LULDuDRR
LlLDRDRr
LULDuDRD
LlLDDDRL
RDLDLDdD
RDLDLDRD
RDLDLRdD
RDuDLRRD
RDLDLldD
RDUDDDRD
RDDDDldL
RDuRLURL
RDLLdUdl
uDuRUURU
DRRdUUdU
DRRLUUUU
DDRruUUU
DDRURUUU
DDRURUuU
DDRURULU
DDRURUuU
DDRURULU
DDRURUuU
LDRURlLl
UDRUuDuU
LLRUDDLl
LLRULDuD
LlRULDLD
LDRULDuD
DlurLDDR
UULULDDR
RULrLDDR
RULDDDRr
DULDDDRD
DULDLDRD
DULDLRRL
DULDDDRL
DULDlDRD
DRLDDLdD
DRLDulRD
DULDDRdD
.ULDDUUD
.ULDDUUD
.ULDDULD
.RLDDULL
.RLDDULL
.RuDDU.L
.RDrDU.R
.RRUDU.L
.DRUDU.r
.DRUDU.U
.DRURU.U
.DRURU.U
.DRURU.U
.DRURU.U
.DRURL.U
.DRURL.U
.DRURR.U
.DRURL.U
.DRURR.U
.DRURL.U
.RRURR.U
.DRURL.U
.DRURR.r
.DUrRL.D
.LRDRu.D
.LuDRR.D
.LDDRl.D
.ULDRD.D
.LLDUD.D
.LLDRD.D
.LUDRD.D
.LLDUD.D
.LLDUD.D
.LLDUD.D
.dLDUD.D
.LLDUD.D
.rDDUD.D
.LDDUD.R
.LLDUD.d
.LLDUR..
.dUDUR..
.LUruD..
.LLULD..
.LLUuD..
.LLULL..
.LLUuL..
.ULURl..
.ULURD..
.ULURl..
.ULUu...
.UUU....
.UlU....
.U.U....
.R.U....
.R.U....
.R.U....
.U.U....
.R.U....
.r.U....
.U.U....
.r.r....
.D.D....
.D.D....
.r.D....
.U.D....
.U.D....
.U.D....
.r.D....
.D.D....
.D.D....
.D.D....
.D.D....
.r.D....
.D.D....
.r.D....
.D.D....
.r.D....
...D....
...D....
...D....
...R....
...L....
...r....
...U....
...U....
...U....
...U....
...U....
...U....
...U....
...U....
...U....
...U....
...U....
...U....
...U....
...U....
...U....
...U....
...U....
...U....
...U....
...U....
...r....
...D....
...D....
...D....
...D....
...D....
...D....
...D....
...D....
...D....
...D....
...D....
...D....
...D....
...D....
...D....
...D....
...D....
...D....
...D....
...D....
...D....
...R....
...L....
...r....
...U....
...U....
...U....
...U....
...U....
...U....
...U....
...U....
...U....
...U....
...U....
...U....
...U....
...U....
...U....
...L....
........
........
........
........
........
........
........
........
........
........
........
........
........
........
........
........
........
........
........
........
........
........
........
........
........
........
........
........
........
........
........
........
........
........
........
........
........
........
........
........
........
........
........
........
........
........
........
........
........
........
........
........
........
Score = 990397
