    Finished `release` profile [optimized] target(s) in 0.32s
warning: the following packages contain code that will be rejected by a future version of Rust: svg v0.10.0
    Blocking waiting for file lock on package cache
note: to see what the problems were, use the option `--future-incompat-report`, or run `cargo report future-incompatibilities --id 1`
     Running `target/release/tester /Users/linh/code/competitive-programming/atcoder/ahc008/build/a_territory`
ULRDRDUD
UlRDUdUD
uDRDRLUD
RlRDRDUD
uURDRlUD
LURDRUUD
LlRDUdUd
UDRDRRLL
UDRDRRUd
DDRDRDUR
llRDRUUR
UURDRDUd
dURDRUUL
RURDRdUL
RURDRRUL
RlrDUdUd
dDDDRLUR
RDrDRLUR
dDUDRLUR
LDUDRLuR
LDrDDLRD
LlDDDdur
LUDDDRRD
LUDDRRuU
LUrdRRLD
dUULRRLU
UUUdRRLD
UUURRRuU
ulURrdRD
RDrDDRRu
uDDrrDRL
RDDDUrRL
uDDuUUuL
RDDLRdLL
uDDLURLL
DDrLuRLu
DLUuddLR
RRULLRLR
RLUurduR
RRURDRRR
RlULDdRR
dUULDRRR
LUruDdRR
LUURrRRu
LUrRDdRL
LUDRrRuL
LUDRDdLL
LUDRrRLL
LUDRUdLL
LlDRURLL
dUDRUdLL
LlDuURLL
dUDLUdLu
UlrLURUD
UUULUdlD
ulULURUR
RUULRdDD
ulULuRUd
DUULRdDR
RlULlRUd
RUULDddR
RlUUDRRd
RUUlDdRR
RlrDDRRd
RUUuDdRU
RlrRDRRU
RUURDdRU
RlrRDRRR
UUURDdRR
ulrRlRDR
RUURUdrR
ulrRURUR
RUURUDDu
ulrRUrUL
RUURUUDL
ulruUDUL
RDDRUUdL
uDDuUDRL
RDDRUURL
uDDuUddL
RDDLURRL
uD.LlRdL
DD.LDdUL
LD.LDUUU
LD.LDLRl
.D.LDLRD
.D.LDL.u
.D.LDL.D
.D.LDL.R
.D.LDL.R
.D.LDL.R
.D.LDL.R
.D.LDL.R
.D.LDL.R
.D.ulL.R
.D.RDL.R
.R.RlL.R
.R.RUL.R
.R.RUL..
.R.RU...
.D.RU...
.D.RU...
.L.RU...
.L.RU...
.L.RU...
.L.RU...
.l.RU...
.D.RU...
.l.RU...
.D.RU...
.l.uU...
.D.Dl...
.l..D...
....D...
....D...
....D...
....D...
....D...
....D...
....D...
....D...
....D...
....D...
....D...
....D...
....D...
....D...
....l...
....U...
....U...
....U...
....U...
....U...
....U...
....U...
....U...
....U...
....U...
....U...
....U...
....U...
....U...
....U...
....U...
....L...
....u...
....R...
....L...
....R...
....L...
....R...
....L...
....R...
....l...
....U...
....U...
....l...
....U...
....l...
....U...
....l...
....U...
....l...
....U...
....l...
....U...
....l...
....U...
....l...
....U...
....L...
....R...
....L...
....R...
....l...
....D...
....D...
....D...
....D...
....D...
....D...
....D...
....D...
....D...
....D...
....R...
........
........
........
........
........
........
........
........
........
........
........
........
........
........
........
........
........
........
........
........
........
........
........
........
........
........
........
........
........
........
........
........
........
........
........
........
........
........
........
........
........
........
........
........
........
........
........
........
........
........
........
........
........
........
........
........
........
........
........
........
........
........
........
........
........
........
........
........
........
........
........
........
........
........
........
........
........
........
........
........
........
........
........
........
........
........
........
........
........
........
........
........
........
........
........
........
........
........
........
........
........
........
........
........
........
........
........
........
........
........
........
........
........
........
Score = 1247396
