    Finished `release` profile [optimized] target(s) in 0.03s
warning: the following packages contain code that will be rejected by a future version of Rust: svg v0.10.0
note: to see what the problems were, use the option `--future-incompat-report`, or run `cargo report future-incompatibilities --id 1`
     Running `target/release/tester /Users/linh/code/competitive-programming/atcoder/ahc008/build/a_territory`
uLDLD
dLDLD
RLdLD
lLULD
DLULD
DLULD
lLULD
ULULD
UluLD
UUDLD
UlDLD
LDDlD
UDDUD
DlDLD
uULuD
LUdRd
rULlL
DldDd
DDUDR
DDUlR
DDUDd
DDUlL
rlUDL
DUUlL
rUrUd
DUlUR
rUDUR
DUuUR
rLDUR
DuDUd
rLDlL
DrDDL
rDDDL
UDLDL
UDdDL
UDLDd
UDdDR
UDLDR
UrdlR
UDUUR
UrUUR
UUUUR
UUUUd
UUUDU
LUuDU
LURDU
LUuDU
LUDDU
LUDlU
UUDUU
URDUU
ULDUU
UrLUU
UULUL
UrdUU
UDUUL
UDUUL
UDUUL
UDUUL
UDUlL
UDuDL
UDDDD
RDDDD
RDDDD
DDDDD
DDDDD
DDLDD
DrdDD
DULDD
DUdDD
DUUDD
DUUlD
DUUUd
DUUUU
DUUUU
RUuUU
RURUU
RUuUU
rUDUU
UUDUU
rUDUU
UrDUU
rDDUU
UDLUU
RDLlU
uDDDR
RDlDR
lDUDD
DDdDD
RDUDD
DDUDD
DDUDD
DDUDD
DLUDD
DDuDR
DDLDR
DDuDR
RRDDR
RrDlR
RUDUD
RLDUD
RUDUD
uULUR
dUdUD
LUUUD
rUUUD
UUUUr
UUUUD
RUUUu
UUuRR
uUDRR
dUDUu
trying to move to an impassible square (turn 112)
Score = 0
