    Finished `release` profile [optimized] target(s) in 0.06s
warning: the following packages contain code that will be rejected by a future version of Rust: svg v0.10.0
note: to see what the problems were, use the option `--future-incompat-report`, or run `cargo report future-incompatibilities --id 1`
     Running `target/release/tester /Users/linh/code/competitive-programming/atcoder/ahc008/build/a_territory`
RLdLDLD
RLRLDLD
RLDLDLD
RLDLDLD
RLULDLD
RLDLdLD
RLuLLlD
RLLLdDD
RLLLRlD
RLULRUD
RllLdUD
RDDLLlL
RluLLDD
rURLLDD
DURLdDD
RlRLRlD
dUuLRUd
RlRuRUR
lDuLRUd
UDLRdUR
UDLLLld
LDLRLUL
ulLdLlL
RDLLLUL
llLrLld
DUuDdDL
DULDRDD
DUuRRDl
DURdRDD
lURLRDu
UURrRDR
UlRURDR
UURUdDR
UlRURLR
UDRUddR
UDRrULu
lDuUUrR
UDDRULu
lRDuRLL
DRLLRLL
DRLrDLL
trying to move to an impassible square (turn 41)
Score = 0
