    Blocking waiting for file lock on package cache
    Blocking waiting for file lock on package cache
    Blocking waiting for file lock on package cache
    Finished `release` profile [optimized] target(s) in 0.05s
warning: the following packages contain code that will be rejected by a future version of Rust: svg v0.10.0
note: to see what the problems were, use the option `--future-incompat-report`, or run `cargo report future-incompatibilities --id 1`
     Running `target/release/tester /Users/linh/code/competitive-programming/atcoder/ahc008/build/a_territory`
ULdRLLUR
ULLrLLUR
ULdDLLUr
ULRrLLUD
ULRULLUR
ULDLLLUd
ULDLLLuR
ULuLLLRL
ULLLLLuR
uLLuLLLl
LLLdllLU
ULuRDDuU
ULRlLlRl
dLRUdURU
RLRR.URl
RLRR.luD
dLUR.DLD
LlDr.DLD
LDUU.DLD
LlDr.lLD
dUuD.Uul
RULD.URU
RlLD.URU
RULD.URU
RlLr.lRU
dDLD.DRU
LDuR.DuU
LDRL.DLl
LRRR.DLD
LDRL.DLD
LDRR.lLD
dLRd.ULD
RlRL.ULD
RRur.UuD
RURU.UDD
RUuU.URl
RURU.URU
RUuU.lRU
dURU.URU
LUuL.lRU
LLDL.DRU
LlDL.DUU
LDdl.DRU
LDLD.DuU
LDdD.DDl
LDLD.DLU
DRdD.DLl
URLl.DLD
DDdU.lUD
UDLU.DLD
DDdU.lLD
ULLU.DLD
DLdU.lLR
llUl..LR
U.RR..uR
d.RR..Dr
R..R..DD
R..r..RD
R.LD..Rr
R.LD..RD
R.LD..RD
R.LD..Rr
R.DD..RD
R.dD..Rr
d.UL..UL
U.RL..UL
R.RL..RL
R.Rl..Rl
D.RU..uU
d..U..RU
U..U..uU
L..U..RU
L..U..uU
...U...U
...U...R
...l...R
...R...R
...R...R
...R...u
...r...L
...U...r
...r...D
...D...D
...D...r
...D...U
...D...U
...D...U
...D...U
...D...r
...D...U
...D...r
...L...U
...L...r
...L...U
...l...r
...U...U
...U...r
...U...U
...U...r
...U...U
...U...r
...U...U
...U...r
...U...L
...l...L
...U....
...l....
...R....
...R....
...R....
...r....
...D....
...D....
...D....
...D....
...D....
...D....
...D....
...D....
...D....
...D....
...L....
...L....
...D....
...D....
...R....
...R....
...r....
...L....
...L....
...U....
...L....
...l....
...D....
...l....
...D....
...l....
...R....
...R....
...R....
...r....
...U....
...L....
...L....
...U....
...U....
...U....
...U....
...U....
...U....
...U....
...U....
...U....
...U....
...U....
...U....
...U....
...R....
...R....
...r....
...U....
...r....
...D....
...L....
...L....
...L....
...l....
...D....
...D....
...D....
...D....
...D....
...D....
...D....
...D....
...D....
...D....
...D....
...D....
...D....
...D....
...D....
...l....
...R....
...R....
...R....
...r....
...D....
...r....
...U....
...U....
...U....
...L....
...L....
...U....
...U....
...U....
...U....
...U....
...U....
...U....
...U....
...U....
...U....
...U....
...U....
...U....
...U....
...L....
...l....
...U....
...l....
...R....
...R....
...R....
...r....
...D....
...D....
...D....
...D....
...D....
...D....
...D....
...D....
...D....
...D....
...D....
...D....
...D....
...L....
...L....
...D....
...D....
...D....
...D....
...D....
...D....
...R....
...R....
...r....
...U....
...U....
...U....
...U....
...L....
...L....
...U....
...U....
...U....
...U....
...U....
...U....
...U....
...U....
...U....
...U....
...U....
...U....
...U....
...U....
...U....
...U....
...R....
...R....
...r....
...D....
...D....
...D....
...D....
...D....
...D....
...D....
...D....
...D....
...D....
...D....
...D....
...D....
...D....
...L....
...L....
...D....
...D....
...D....
...D....
...D....
...L....
...l....
...U....
...U....
...U....
...U....
...U....
...U....
...U....
...U....
...U....
...U....
...U....
...U....
Score = 153235
