    Finished `release` profile [optimized] target(s) in 0.91s
warning: the following packages contain code that will be rejected by a future version of Rust: svg v0.10.0
note: to see what the problems were, use the option `--future-incompat-report`, or run `cargo report future-incompatibilities --id 1`
     Running `target/release/tester /Users/linh/code/competitive-programming/atcoder/ahc008/build/a_territory`
lDuDRLULU
UDdDRLULU
lDLDRLULU
DdrDRLULU
DRDDrLuLU
ldDDDLRLU
ULrDrLuLu
RLUDULRLR
RdUDULuLu
rRUDrLRLR
URUDDLuLu
rRRDDLRLR
UduDDLulu
rLLDrLRDR
LLrdULulu
LLDLULRUR
lLDdULuUu
DdDLULRlR
DRDdrLuDu
DRDRDLRDR
RRrRDLuDu
RRDRDLRlR
rRrRDLuUu
UdDdDlRUR
ULRRrUuUu
ULddUlRUR
ULRLUUulu
rLlLUlRDR
LLULUUuDu
LLULUlRDR
ldULUUUDu
ULULrlrDR
ldUdDUUlu
RRULDlUUR
RRUdDUUUU
rRRLDluUr
URRDDULUU
rRUDDluUd
URUuDULUU
rRLDrlulL
URLDUULDU
rDldUluUu
UrURUULRD
rDldUluRR
UuDRUULUR
rDRdULuRU
UDRRUuLRu
rDDdURuRR
UdDRrlRRu
rLDdUDDRD
.dDRRDRDL
.LDdUDRDL
.dUUdDRR.
.LULuDRR.
.dULRDRD.
.LULlDRD.
.dULUD.D.
.UULUD.D.
.UU.lD.D.
.UU.UD.D.
.LU.LR.D.
.LL.uR.D.
.LL.RR.D.
.Ll.lR.D.
.LU.UR.D.
.Ul.UR.L.
.DU.lR.L.
.ul.UR.L.
.LU.lR.L.
.Ul.UR.U.
.lD.lR.U.
.DD.UR.U.
.UD.lR.U.
.DD.UR.U.
.ul.lR.L.
.RD.UR.L.
.Rl.lR.L.
.RU.UU.L.
.RU.lU.L.
.RU.UU.l.
.RU.lU.D.
.RU.UU.l.
.RU.lU.D.
.RU.UU.l.
.Rl.lU.D.
.RU.UU.l.
.RL.lR.D.
.uL.UR.l.
.DD.lU.D.
.DL.UU.l.
.LL.lU.R.
.LL.UU.R.
.Ll.lU.R.
.LU.UU.R.
.Ll.lU.R.
.UU.DU.R.
.Ll.DU.R.
.UU.DU.U.
.Ll.DU.U.
trying to move to an impassible square (turn 99)
Score = 0
