    Finished `release` profile [optimized] target(s) in 0.03s
warning: the following packages contain code that will be rejected by a future version of Rust: svg v0.10.0
note: to see what the problems were, use the option `--future-incompat-report`, or run `cargo report future-incompatibilities --id 1`
     Running `target/release/tester /Users/linh/code/competitive-programming/atcoder/ahc008/build/a_territory`
uDDUL
dDDUL
LdDUl
RLDUD
LdDUl
RRDUU
LRDUU
RdDUl
LRDUD
rdDUD
DRDUD
DdDUl
rRDUU
UdDUU
URDUU
UdDUU
URDUl
rddUD
DRLUD
DddUD
DRRUD
DdRuD
DRdRl
RdLuU
LRLLU
rdLLU
URduU
UdRLU
URRuU
UdRLl
URRuD
UddLD
rRLuD
DdLLD
DRLuD
DdLLD
DRLuD
DDdLl
DDRuU
DuRLU
rDRuU
UDRLU
UDRuU
UDRLU
UDdUU
UdLlU
ULLUl
UdLDD
ULLUD
rdLDD
DLLUD
DdLdD
DLdLD
DdRLD
DLRdD
DdRLD
DLRdL
DdRLd
DLRdR
rdRLL
ULRDR
UddUL
ULLdR
UdLLL
ULLdR
UdLLL
ULLdR
UdLLl
ULLdU
UdLLU
rLLdU
DddLU
DLRdU
DdRLU
DLRdU
DdRLU
DLRdU
DdRLU
DLRdl
DdRLU
DURdl
DURLD
rUddD
UULLD
UULdD
URLLD
URLdD
URLLD
URLdD
DRLUD
DRLUD
LRLUD
LRLRD
LRLRD
.RDRl
.RlRU
.RDRU
.RURU
.RDRU
.RuRU
.RDRU
.RDRU
.RDRU
.uDRU
.RRRU
.uRRU
.RR.U
.uR.U
.RR.U
.uR.l
.RR.D
.uR.D
.RR.D
.uR.D
.DR.D
.DR.D
.DR.D
.DU.D
.DU.D
.DU.D
.DU.D
.uu.D
.RD.D
.RD.D
.uD.D
.RD.l
.UD.D
.rL.l
trying to move to an impassible square (turn 128)
Score = 0
