    Finished `release` profile [optimized] target(s) in 0.03s
warning: the following packages contain code that will be rejected by a future version of Rust: svg v0.10.0
note: to see what the problems were, use the option `--future-incompat-report`, or run `cargo report future-incompatibilities --id 1`
     Running `target/release/tester /Users/linh/code/competitive-programming/atcoder/ahc008/build/a_territory`
LUDrDr
LuDUDD
LLDrDr
LuDDDU
LRdDDU
uRRrDr
LudUDD
rRLUDD
DuLUDD
DLdrDr
rDRDdU
ULRDLU
ULRDDU
ULdDDU
UULRUR
ruLdlu
DDLLDL
DRLrUr
LRdUDD
DURUUD
DRRUDD
DRRUuD
RRRURD
ruRrRr
UDdUuD
LDLrRr
ULLDuD
ULLDRr
ULLDuD
ULLDDr
ULLDLD
RUdDLr
rULDLD
ULdDLr
ruLrDD
DDdULr
DDUULD
DRUULr
DRUUUD
LRUUUr
LURUuU
DURUDU
DRRUDU
DRRURU
DRRrRU
RRRDUU
RuRDUU
rDRDRU
DDRDRU
RDRDRL
DLDDRL
ULDLRL
dLDDRL
LLDDul
rDdDDD
UDUDDL
ULURLL
ULUrDr
LUUULU
LULULL
UULLLL
UUDULL
LUDULU
LLDULU
lLDULU
UuLUUU
lDLUUU
DDLUUU
DDLULR
lDLUuR
DDLRDR
lRLRDr
DRLuDU
lRLLRr
DRdrRU
DULDRr
DUDDUU
lUDDUr
DUuDUU
lUDDRr
RRDDRU
RRDDRr
RRDLRU
RRdLRr
RRRDRU
dudDRr
.LRDuU
.LdDDr
trying to move to an impassible square (turn 88)
Score = 0
