    Finished `release` profile [optimized] target(s) in 0.07s
warning: the following packages contain code that will be rejected by a future version of Rust: svg v0.10.0
note: to see what the problems were, use the option `--future-incompat-report`, or run `cargo report future-incompatibilities --id 1`
     Running `target/release/tester /Users/linh/code/competitive-programming/atcoder/ahc008/build/a_territory`
LLLDDUu
LLLDDUL
LLLDDUu
LLLDDUR
LLLDDUR
LLlDdUu
LLDDLuR
LllDdRu
LDUDRuL
LLUdRLL
LDLRdLL
LuLdLuL
LLRLLLu
LUuLLuR
LULDdRR
LURDRRR
lrLuRRR
DDrRRRR
lDDRRuu
UDDRDRD
UrDUDuD
LUrDUDD
LUDUrDd
rUrrDDL
DLUDuDd
DLUULLL
DLUDLLd
rlUuLLL
UDURLLd
ULURLLU
UdrUuLU
ULDrLLL
rUDUuLL
ULDURLU
rUDLRLL
DUDLRLU
DRDLRUD
DrDLRUu
DURLRRL
DrdLRUu
DULLRUL
rrrDuuu
UUUdRRD
UrUUuuD
UUURDRR
LrURDuR
LUUDDRD
LRLRduD
lRURLDD
DDURdDR
lDURLLu
DDRRdLR
lDrdLLu
DDUUdUR
lRrULUR
DRDLdLR
RRDLLLR
DrLLduR
RUDUULu
RrDLUuR
rUDLULu
UrLLLuR
UULLLLu
UrlDLLR
UUDDLuU
UrlDLLr
UUDLuuU
LrldDLd
LUDLDuU
LrldD.U
l.DLd.R
D.ldR.R
D.DLd.R
D.ldR.R
D.DLd.U
D.RdR.U
l.RLd.r
U.RdR.L
U.RLd.l
U.LdU.U
..R.U.L
..d.U.L
..L.R.d
..r.R.L
..U.R.d
..U.R.L
..U.R.d
..U.R.L
..U.R.d
..U.U..
..U.r..
..L.D..
..L.u..
..L.L..
..l.L..
..D.L..
..D.L..
..R.L..
....L..
....L..
....L..
....L..
....L..
....L..
....L..
....U..
....D..
....u..
....L..
....L..
....U..
....l..
....D..
....U..
....D..
....u..
....R..
....R..
....R..
....R..
....R..
....R..
....R..
....R..
....R..
....R..
....R..
....R..
....R..
....R..
....R..
....R..
....U..
....r..
....D..
....U..
....D..
....u..
....R..
....R..
....u..
....L..
....L..
....L..
....L..
....L..
....L..
....L..
....L..
....L..
....L..
....L..
....L..
....L..
....L..
....L..
....L..
....L..
....L..
....L..
....L..
....u..
....D..
....D..
....D..
....d..
....R..
....D..
....r..
....U..
....d..
....R..
....R..
....d..
....R..
....d..
....U..
....U..
....U..
....R..
....R..
....R..
....R..
....R..
....R..
....R..
....R..
....R..
....R..
....R..
....R..
....R..
....R..
....R..
....R..
....R..
....U..
....r..
....D..
....U..
....D..
....U..
....D..
....U..
....D..
....U..
....D..
....U..
....D..
....u..
....L..
....L..
....L..
....L..
....L..
....L..
....L..
....L..
....L..
....L..
....L..
....L..
....L..
....L..
....L..
....L..
....L..
....L..
....L..
....L..
....L..
....L..
....u..
....D..
....D..
....D..
....d..
....R..
....R..
....R..
....R..
....R..
....R..
....R..
....R..
....R..
....R..
....R..
....R..
....R..
....R..
....R..
....R..
....R..
....d..
....R..
....d..
....U..
....U..
....U..
....L..
....L..
....L..
....L..
....L..
....L..
....L..
....L..
....L..
....L..
....L..
....L..
....L..
....L..
....L..
....L..
....L..
....L..
....L..
....u..
....D..
....D..
....D..
....R..
....R..
....R..
....R..
....R..
....R..
....R..
....R..
....R..
....R..
....R..
....R..
....R..
....R..
....R..
....R..
....R..
Score = 1301990
