    Finished `release` profile [optimized] target(s) in 0.01s
warning: the following packages contain code that will be rejected by a future version of Rust: svg v0.10.0
note: to see what the problems were, use the option `--future-incompat-report`, or run `cargo report future-incompatibilities --id 1`
     Running `target/release/tester /Users/linh/code/competitive-programming/atcoder/ahc008/build/a_territory`
dLUlLRD
LlUrLRD
dDUDLRD
RLUuLRD
RLURLRD
dRURLRD
RLUuLRD
drULLRD
LUULlrD
LUULDDD
LrULlrD
LDUuUUD
dDURUUD
LDURlrD
drURDDd
RUURDDL
RUURDDD
RUUulrD
RUULUUU
RrULUUl
RUuLUUD
dRRLUUu
LuuLlrR
LLLLDDR
LrLuDDu
LDULDDR
LDDUDDu
LDuDDDL
LDRuLrL
dDRRdUL
RDRRLUL
RruRrUL
RDLRUUu
RrLRUUR
RULRUUR
RULRUrR
RUuRUUR
RURuUrR
dURDRUR
LURDuru
UURDLLL
LURdrUL
DUuLDUL
RrLdLRL
RDLLLRL
RDLdLuL
dDLLlRL
RDLdURu
dDLLlRR
RDudURR
dDRUlRR
RDRUUuR
dDRUlRR
RDRRUlR
drRRlRR
RDRRURR
drRRlDu
RDuRUDL
dRLUlDL
RdLUUDL
dRLdlDL
RlLUUDL
dULUlDL
RULLDLL
dULLDLL
RULLDlL
dUuLDDU
RUDDDlD
dUDDDUu
UUDLDRR
LUDLDRR
LUDLRUR
LUDLDUR
LULLDUR
LULLDUR
LlLdDUR
LUULDRR
LlUDDUR
LUUlDUR
LlUDDUu
LUUuDUL
LlULDLL
LDuLDLL
LDLuDLL
LDuLDlL
LDLuDUL
LDuLDlL
.D.uLUL
.D.LllL
.D.uRUL
.D.LRlL
.D.uRUu
.D.LrlR
.D.uUUR
.D.LrlR
.D.uUUR
.D.LrlR
trying to move to an impassible square (turn 97)
Score = 0
