    Finished `release` profile [optimized] target(s) in 0.03s
warning: the following packages contain code that will be rejected by a future version of Rust: svg v0.10.0
note: to see what the problems were, use the option `--future-incompat-report`, or run `cargo report future-incompatibilities --id 1`
     Running `target/release/tester /Users/linh/code/competitive-programming/atcoder/ahc008/build/a_territory`
ULRLLlDD
ULRLLDDD
ULRLLLDD
ULRLLdDD
ULRLLRDD
UlRLULDD
UDRLLRDD
UlRLLlDD
UURLLUDD
UUuLLUDD
UldLUlDD
UDRLLUdD
UDLLLlRd
UDRLLDDL
UllLDRDd
UUULDRuR
UUULLRLR
UUlLLrLd
UUDLLUuU
uLDLLrRU
LLDlLURR
uRDULRRR
RullLuuD
RLUDLRLD
uRUDLlLd
LLUllDLR
LRUUDDLd
LLUUlRuR
urlUURRD
RDDlUDRr
RDDDlDRD
RDDDDLRu
RDDDDLRL
uDDDDlUD
LRDllDrL
LdlUDlDD
LLUUlDuL
LRUUD.RL
LLUUllRU
uRUUD.u.
RLUll.R.
RrUDD.U.
RUUDl.r.
RUlDD.U.
RUDDl.d.
RUDDD.L.
uUDDL.L.
LUDld.L.
LUDDL.L.
LRDlr.L.
LuDDU.L.
L.DlU.L.
L.lDU.L.
L.UlU.L.
u.UDU.d.
R.UlU.R.
R.UDU.R.
R.UlU.R.
R.UDU.R.
R.UlL.R.
R.UDU.R.
R.UlU.R.
R.lDR.R.
u.Dlr.R.
L.DDU.R.
L.Dlr.R.
L.DDD.d.
L.DlL.U.
L.DDD.R.
L.DlD.R.
L.DDD.D.
L.DlD.d.
L.DDD.R.
u.llD.d.
R.UDD.R.
R.UlD.D.
R.UDL.D.
R.UlD.D.
R.UDL.D.
R.ULl.d.
R.UdR.L.
R.URD.D.
R.UlD.D.
R.UDL.D.
u.UDl.D.
R.lLD.D.
u.DDl.D.
L.DuD.D.
L.DDl.D.
L.DuD.L.
L.DDl.L.
L.DuD.L.
L.DDl.L.
L.DuD.L.
L.DDl.L.
L.DuR.U.
L.D.U.U.
L.D.U.U.
L.l.U.L.
u.U.U.L.
R.U.U.L.
R.U.U.U.
R.U.U.U.
R.U.U.U.
R.U.U.u.
R.U.U.R.
R.U.U.u.
R.U.U.R.
R.U.U.u.
R.U.U.R.
R.U.U.U.
R.U...U.
R.l...L.
u.D...L.
L.D...L.
L.D...L.
L.D...d.
L.D...L.
L.D...d.
L.D...L.
L.D...d.
L.D...R.
L.D...R.
L.D...R.
L.D...R.
L.D...R.
L.D...R.
L.l...d.
u.U...U.
R.U.....
R.U.....
R.U.....
R.U.....
R.U.....
R.U.....
R.U.....
R.U.....
R.U.....
R.U.....
R.U.....
R.U.....
R.U.....
R.U.....
R.L.....
u.R.....
L.l.....
L.D.....
L.D.....
L.D.....
L.D.....
L.D.....
L.D.....
L.D.....
L.D.....
L.D.....
L.D.....
L.D.....
L.D.....
L.D.....
L.D.....
L.D.....
u.D.....
R.l.....
R.U.....
R.U.....
R.U.....
R.U.....
R.U.....
R.U.....
R.U.....
R.U.....
R.U.....
R.U.....
R.U.....
R.U.....
R.U.....
R.U.....
R.U.....
R.U.....
u.U.....
L.l.....
trying to move to an impassible square (turn 181)
Score = 0
