    Blocking waiting for file lock on package cache
    Blocking waiting for file lock on package cache
    Blocking waiting for file lock on package cache
    Finished `release` profile [optimized] target(s) in 0.92s
warning: the following packages contain code that will be rejected by a future version of Rust: svg v0.10.0
    Blocking waiting for file lock on package cache
note: to see what the problems were, use the option `--future-incompat-report`, or run `cargo report future-incompatibilities --id 1`
     Running `target/release/tester /Users/linh/code/competitive-programming/atcoder/ahc008/build/a_territory`
LULUDLU
LULuDLU
lULRDLU
DULuDlU
lUlLDDU
UUDLDlU
UULuDUU
lUdRdUU
DuLRLlU
DLRRdUU
DuLuRlU
lRRLRDU
URLLdDU
UUrLLDU
UUDLLDU
UDDULlU
lrrldDU
DUUURLU
DdUdRLu
DRURRRL
DRLRRdu
DdLRdLR
lRLRLrR
UdlRLUu
URDdLUL
UdlRLUL
URDdLUL
UdlUdUu
URDURUR
ldDLRrR
URlLRUR
ldDLRrR
DUlURDu
DURURDL
DLRLdDL
DLRlLDL
D.rrLDL
D.DDLDL
D.RuLDu
D.dDLDR
l.RDLDR
D.lDLrR
l.DRdUR
D.RRRUR
l.DRLUR
R.DRLUU
R.LRdUU
D.LdLUD
D.dRdUr
D.LDLUU
D.rrdUD
L.L..UU
L.L..rD
l.L..DU
U.l..Dd
l.D..DU
U.l..DU
l.D..DR
D.l..LR
D....LR
D....LR
l....l.
D....D.
l....l.
D....D.
l....D.
D....l.
l....D.
D....l.
l....D.
D....l.
l....D.
D....l.
l....R.
D....R.
l....R.
D....r.
l....U.
D....U.
l....U.
D....U.
l....U.
D....U.
l....U.
D....U.
l....U.
D....U.
l....U.
D....U.
l....r.
.....D.
.....D.
.....D.
.....D.
.....D.
.....L.
.....L.
.....L.
.....l.
.....U.
.....l.
.....U.
.....l.
.....U.
.....l.
.....U.
.....l.
.....U.
.....l.
.....U.
.....l.
.....R.
.....R.
.....R.
.....R.
.....u.
.....L.
.....r.
.....D.
.....D.
.....D.
.....D.
.....D.
.....D.
.....D.
.....D.
.....D.
.....D.
.....D.
.....D.
.....D.
.....D.
.....r.
.....U.
.....U.
.....U.
.....U.
.....U.
.....L.
.....L.
.....L.
.....l.
.....D.
.....D.
.....D.
.....D.
.....D.
.....l.
.....D.
.....l.
.....R.
.....R.
.....R.
.....r.
.....D.
.....r.
.....U.
.....U.
.....U.
.....U.
.....U.
.....U.
.....U.
.....U.
.....U.
.....U.
.....U.
.....U.
.....U.
.....U.
.....U.
.....U.
.....U.
.....U.
.....r.
.....D.
.....D.
.....D.
.....D.
.....D.
.....D.
.....D.
.....D.
.....D.
.....D.
.....D.
.....D.
.....D.
.....D.
.....D.
.....D.
.....D.
.....D.
.....D.
.....r.
.....U.
.....U.
.....U.
.....U.
.....U.
.....U.
.....U.
.....U.
.....U.
.....U.
.....U.
.....U.
.....U.
.....U.
.....U.
.....U.
.....U.
.....U.
.....U.
.....U.
.....r.
.....D.
.....D.
.....D.
.....D.
.....D.
.....D.
.....D.
.....D.
.....D.
.....D.
.....D.
.....D.
.....D.
.....D.
.....D.
.....D.
.....D.
.....D.
.....D.
.....D.
.....D.
.....r.
.....U.
.....U.
.....U.
.....U.
.....U.
.....U.
.....U.
.....U.
.....U.
.....U.
.....U.
.....U.
.....U.
.....U.
.....U.
.....U.
.....U.
.....U.
.....U.
.....U.
.....U.
.....U.
.....r.
.....U.
.....r.
.....D.
.....D.
.....D.
.....D.
.....D.
.....D.
.....D.
.....D.
.....D.
.....D.
.....D.
.....D.
.....D.
.....D.
.....D.
.....D.
.....D.
.....D.
.....D.
.....D.
.....D.
.....D.
.....D.
.....D.
.....r.
.....D.
.....r.
.....U.
.....U.
.....U.
.....U.
.....U.
.....U.
.....U.
.....U.
.....U.
.....U.
Score = 2218254
