    Finished `release` profile [optimized] target(s) in 0.11s
warning: the following packages contain code that will be rejected by a future version of Rust: svg v0.10.0
note: to see what the problems were, use the option `--future-incompat-report`, or run `cargo report future-incompatibilities --id 1`
     Running `target/release/tester /Users/linh/code/competitive-programming/atcoder/ahc008/build/a_territory`
LURDlLL
LURDrLL
LURDDLL
LURduLu
LURLLLd
lURdLLL
UuRRuUr
lRRRRLU
DuRdRLU
DLRLRDr
LLRLRUD
DuRLuLD
uRRDLLD
dRRlLLD
LRRULDr
rurdLLD
ULURLLr
ULRRuLU
ULuRRLU
ULRRRLU
rUldLLU
LUDRLLU
LDDdLLU
LUlLuLr
ldDLLLD
DRlLuLD
lRULLLD
DRULuuD
lRULDLD
DRULDRD
ldUdDdD
DRlRdLr
ldDRRrU
DUDRdDU
lLDRRDU
DLDRdrU
lLDR.UU
RLDR.UU
RLlR.UU
RLUd.UU
rLUL.rr
trying to move to an impassible square (turn 41)
Score = 0
