    Finished `release` profile [optimized] target(s) in 0.07s
warning: the following packages contain code that will be rejected by a future version of Rust: svg v0.10.0
note: to see what the problems were, use the option `--future-incompat-report`, or run `cargo report future-incompatibilities --id 1`
     Running `target/release/tester /Users/linh/code/competitive-programming/atcoder/ahc008/build/a_territory`
DrLLlDl
DDLLUDU
duLLldl
RLlLDLD
duDLDdD
RRlLLRl
dRULDRD
RRULddl
dulLURD
RLDLddl
dLDLLRU
RLDLrdU
dLlLURU
RuULUdR
dRULURR
RRUlrdR
dRUDURr
RRllRdU
dRUUuRr
RulULdD
dLDlrRD
RLDDDdr
dLDDDRD
RLDDDdr
dLDlDRD
RLDUDdr
dulUDRD
RLUUDDr
dUUUrDL
RlUlUuL
dDUDUDL
RUUDULl
dDUDULD
RuUDULl
dRlDDUD
URUlDLl
URLUDLD
RRLUDDl
RRrUDDU
DRDUDDU
DRDUrdR
dRDUDLR
RuLlRdR
dDLDdLr
.DDDLdD
trying to move to an impassible square (turn 45)
Score = 0
