    Finished `release` profile [optimized] target(s) in 0.08s
warning: the following packages contain code that will be rejected by a future version of Rust: svg v0.10.0
note: to see what the problems were, use the option `--future-incompat-report`, or run `cargo report future-incompatibilities --id 1`
     Running `target/release/tester /Users/linh/code/competitive-programming/atcoder/ahc008/build/a_territory`
LDdULLDRDr
LlLULLDRDD
LrdULLDRDr
LDRULLDRDU
LuRULLDRDU
LLdULLDrDr
LLLULlDUDD
LuLULDDrDL
LRLULldDDL
LRdULURDDl
LRRulUdrDU
URRRDlLUDl
LuRuUULULU
LLRLUldULl
DLdLLDLrDR
LLLuUDdDDR
LLLLdDRDDr
LLLuuDRDdD
LuLRRlRDRD
lRLRlDRrdD
URdRDldURD
lRRRDDRUdr
URRuDldURD
lRRLDDRUdr
URRLLldURU
luRLdDRrdU
UDRLRldDUU
lDdLlDRDDU
UdLuRLdDLU
lLLRUdRDLU
UdLRULdDLr
lRLRUrRDLD
URLRUUDrLD
ldLRUUrUdD
URLRUUDULD
ldduLUDUdL
URRLlUDULL
ldRLUUdUdl
URRLLULULU
ldRLLLdUdU
URRLrLLRLU
lDRLDldudU
UrRLDUL.LU
lDRuDld.dR
UudLDDL.LR
LLLuDDd.dr
uLLLLlL.UD
LLLuLUd.UD
rLLLlUL.UD
DLLuUUD.UD
DLLLllL.UD
DLLUUDr.UD
DuLUlDl.UD
DLLdUDU.UD
DudUlDd.Ur
DRRUUlU.UU
DRRulDU.UU
DRRRULL.UL
DRRulDL.UL
DRRRUUL.Ul
DRRuldL.UD
DRRRRRL.Ul
DRRuRlu.UD
rRRRrDD.Ul
DRRuUDD.RD
rudRrld.Rl
DRLuUDR.RR
ruLRrld.RR
URLuUDR.Rr
UuLRrld..U
UDLuDRR..U
LDLRDDd..U
LDLuDDU..U
lDLRDRU..U
URLuLrL..U
lRLR.DL..U
UULu.rL..U
lUdR.DL..L
UURu.ru..L
lURD.DL..L
UuRD.LU...
lRRL..D...
UuRL..u...
lRRL..L..u
RuRL..U...
.DRL..D...
.DRL..U...
.DRL..D...
.DRL..U...
.RRL..D...
.RDL..U...
.UDL..D...
.UuL..U...
.ULL..D...
.ULd..U...
.uL...D...
.RL...U...
.uL...D...
..L...U...
..L...D...
..L...U...
..L...D...
..L...U...
..L...D...
..L...U...
..L...D...
..u...U...
..R...D...
..R...U...
..R...D...
..R...U...
..R...D...
..R...U...
..R...D...
..R...U...
..R...D...
..R...U...
..R...D...
..R...U...
..R...D...
..R...U...
..u...D...
..L...U...
..L...D...
..L...U...
..L...D...
..L...U...
..L...D...
..L...U...
..L...D...
..L...U...
..L...D...
..L...U...
..L...D...
..L...U...
..L...D...
..L...U...
..u...D...
..R...U...
..R...D...
..R...U...
..R...D...
..R...U...
..R...D...
..R...U...
..R...D...
..R...U...
..R...D...
..R...U...
..R...D...
..R...U...
..R...D...
..R...U...
..R...D...
..u...U...
..L...D...
..L...U...
..L...D...
..L...U...
..L...D...
..L...U...
..L...D...
..L...U...
..L...D...
..L...U...
..L...D...
..L...U...
..L...D...
..L...U...
..L...D...
..L...U...
..L...D...
..u...U...
..R...D...
..R...U...
..R...D...
..R...U...
..R...D...
..R...U...
..R...D...
..R...U...
..R...D...
..R...U...
..R...D...
..R...U...
..R...D...
..R...U...
..R...D...
..R...U...
..R...D...
..R...U...
..u...D...
..R...U...
..u...D...
..L...U...
..L...D...
..L...U...
..L...D...
..L...U...
..L...D...
..L...U...
..L...D...
..L...U...
..L...D...
..L...U...
..L...D...
..L...U...
..L...D...
..L...U...
..L...D...
..L...U...
..L...D...
..L...U...
..L...D...
..u...U...
..L...D...
..u...U...
..R...D...
..R...U...
..R...D...
..R...U...
..R...D...
..R...U...
..R...D...
..R...U...
..R...D...
..R...U...
..R...D...
..R...U...
..R...D...
..R...U...
..R...D...
..R...U...
..R...D...
..R...U...
..R...D...
..R...U...
..R...D...
..R...U...
..u...D...
..D...U...
..D...D...
..R...U...
..R...D...
..U...U...
..U...D...
..u...U...
..R...D...
..u...U...
..R...D...
..u...U...
..D...D...
..D...U...
..R...D...
..R...U...
..U...D...
..U...U...
..u...D...
..R...U...
..u...D...
..D...U...
..D...D...
..L...U...
..L...D...
..L...U...
..L...D...
..L...U...
..L...D...
..L...U...
..U...D...
..L...U...
..L...D...
..L...U...
..L...D...
..L...U...
..L...D...
..L...U...
..L...D...
......U...
......D...
......U...
......D...
......U...
......D...
......U...
......D...
......U...
......D...
......U...
......D...
......U...
......D...
......U...
......D...
......U...
......D...
......U...
......D...
......U...
......D...
Score = 1936979
