    Finished `release` profile [optimized] target(s) in 0.08s
warning: the following packages contain code that will be rejected by a future version of Rust: svg v0.10.0
note: to see what the problems were, use the option `--future-incompat-report`, or run `cargo report future-incompatibilities --id 1`
     Running `target/release/tester /Users/linh/code/competitive-programming/atcoder/ahc008/build/a_territory`
lRUDDL
UrUdDl
lUULDD
DrUdDl
DDURDU
lDURDU
DrUdDl
lUULDD
UUULDD
UUULDD
UrUdDl
UDrUDU
lDlUDU
DDUUDU
DDDUDU
DrUuDl
DUDRdD
DUUuRD
lUdRdR
UULuLR
UULDLR
UrdDdR
UDRDRr
UDRDRU
UDRRRr
lDRRdU
DDddLr
DDLRLU
DrLdLr
DDLULL
DrLUdL
DDLURL
DrdURL
lDRuRl
UrRLRD
UDRuRD
UrRLdD
UDRuLD
UrRDLD
UDdDLD
UrLDLl
UDLDLU
LrLLLU
UDLLdR
drLLRR
UDLLRR
drLdRR
LDdRRr
DrRRRU
DDRRRU
DrRRRU
DDRRDU
DrRRDU
DDRRur
DrRdLL
DDRULL
DrdULL
DDLULL
DrLULl
rDLuLD
DrLLLD
rDLLLD
DrLLUD
rULLlD
UULLDD
UULLuR
UUdLDR
UURuDR
UURDDR
UURDDR
UURRdd
UURRRL
UURRdr
LUR.RD
LUR.dD
LUR.Rr
..R.dL
..d.RL
..R.dL
..d.UL
..L.Ul
..L.UU
..L.UU
..L.LU
..L.LU
..L.LU
..L.LU
..L.LU
..L.LU
..L.uU
..L.Dl
..L.DU
..d.Rl
..R.RU
..R.Rl
..R.RU
..R.Rl
..R.RU
..R.Rl
..R.RU
..R.Rl
..R.RU
..R..l
..R..U
..R..l
..R..U
..d..l
..L..U
..L..l
..L..D
..L..D
..L..D
..L..D
..L..D
..L..D
..L..D
..L..D
..L..D
..L..D
..L..D
..L..D
..d..D
..R..D
..R..R
..R..R
..R...
..R...
..R...
..R...
..R...
..R...
..R...
..R...
..R...
..R...
..R...
..R...
..d...
..L...
..L...
..L...
..L...
..L...
..L...
..L...
..L...
..L...
..L...
..L...
..L...
..L...
..L...
..L...
..L...
..d...
..R...
..R...
..R...
..R...
..R...
..R...
..R...
..R...
..R...
..R...
..R...
..R...
..R...
..R...
..R...
..R...
..R...
..d...
..L...
..L...
..L...
..L...
..L...
..L...
..L...
..L...
..L...
..L...
..L...
..L...
..L...
..L...
..L...
..L...
..L...
..L...
..d...
..R...
..R...
..R...
..R...
..R...
..R...
..R...
..R...
..R...
..R...
..R...
..R...
..R...
..R...
..R...
..R...
..R...
..R...
..R...
..d...
..L...
..L...
..L...
..L...
..L...
..L...
..L...
..L...
..L...
..L...
..L...
..L...
..L...
..L...
..L...
..L...
..L...
..L...
..L...
..L...
..d...
..R...
..R...
..R...
..R...
..R...
..R...
..R...
..R...
..R...
..R...
..R...
..R...
..R...
..R...
..R...
..R...
..R...
..R...
..R...
..R...
..R...
..d...
..L...
..L...
..L...
..L...
..L...
..L...
..L...
..L...
..L...
..L...
..L...
..L...
..L...
..L...
..L...
..L...
..L...
..L...
..L...
..L...
..L...
..L...
..d...
..R...
..R...
..R...
..R...
..R...
..R...
..R...
..R...
..R...
..R...
..R...
..R...
..R...
..R...
..R...
..R...
..R...
..R...
..R...
..R...
..R...
..R...
Score = 2465278
