    Finished `release` profile [optimized] target(s) in 0.11s
warning: the following packages contain code that will be rejected by a future version of Rust: svg v0.10.0
note: to see what the problems were, use the option `--future-incompat-report`, or run `cargo report future-incompatibilities --id 1`
     Running `target/release/tester /Users/linh/code/competitive-programming/atcoder/ahc008/build/a_territory`
DUUrLLUL
DUUDlLUL
DUURDLUL
DUUdlLUL
DUURULUL
DUUlULUL
DUUUlLUL
DUuUDLUu
DURLDUUd
DUuUDLuL
DULDlLRr
DULUULuU
DUuuULLU
DURdULLr
DURRUUuD
DURlLLRD
DUUDLLRD
DUrDRLRD
lUUDLDur
rUdDRDLU
DULDLLLU
uULLrLLU
RULRDLLU
RuLLDLuU
uLddDLRr
LuLRDLRD
LRdlDlRD
LRLUrURD
LudUUlRD
uLRUUDuD
RLRUUDLD
RLRUUlLr
RuRUUDLU
RRRUUlLU
RRRlrDLU
uRRDDlLU
LRRDDDuU
LudDDLRU
LRUDDdRU
LuURDLRr
LRURDrRD
LUuRDURD
uULrrURD
LduDUURD
uLLrUUuD
RLuDUULD
RLLrUULD
RLuDUrLD
RLLrUULR
RLuDUrLD
RUDrUULu
RLDDrrLR
trying to move to an impassible square (turn 52)
Score = 0
